CRITICAL - 2025-03-06 20:39:54 --> Call to a member function get() on null
in APPPATH\Controllers\ExcelLector.php on line 33.
 1 SYSTEMPATH\CodeIgniter.php(896): App\Controllers\ExcelLector->exportar()
 2 SYSTEMPATH\CodeIgniter.php(466): CodeIgniter\CodeIgniter->runController(Object(App\Controllers\ExcelLector))
 3 SYSTEMPATH\CodeIgniter.php(349): CodeIgniter\CodeIgniter->handleRequest(null, Object(Config\Cache), false)
 4 FCPATH\index.php(67): CodeIgniter\CodeIgniter->run()
CRITICAL - 2025-03-06 20:44:37 --> syntax error, unexpected token "public"
in APPPATH\Controllers\ExcelLector.php on line 68.
 1 SYSTEMPATH\Autoloader\Autoloader.php(261): CodeIgniter\Autoloader\Autoloader->includeFile('APPPATH\\Controllers\\ExcelLector.php')
 2 SYSTEMPATH\Autoloader\Autoloader.php(239): CodeIgniter\Autoloader\Autoloader->loadInNamespace('App\\Controllers\\ExcelLector')
 3 [internal function]: CodeIgniter\Autoloader\Autoloader->loadClass('App\\Controllers\\ExcelLector')
 4 SYSTEMPATH\CodeIgniter.php(846): class_exists('\\App\\Controllers\\ExcelLector', true)
 5 SYSTEMPATH\CodeIgniter.php(453): CodeIgniter\CodeIgniter->startController()
 6 SYSTEMPATH\CodeIgniter.php(349): CodeIgniter\CodeIgniter->handleRequest(null, Object(Config\Cache), false)
 7 FCPATH\index.php(67): CodeIgniter\CodeIgniter->run()
CRITICAL - 2025-03-06 20:44:48 --> syntax error, unexpected token "public"
in APPPATH\Controllers\ExcelLector.php on line 68.
 1 SYSTEMPATH\Autoloader\Autoloader.php(261): CodeIgniter\Autoloader\Autoloader->includeFile('APPPATH\\Controllers\\ExcelLector.php')
 2 SYSTEMPATH\Autoloader\Autoloader.php(239): CodeIgniter\Autoloader\Autoloader->loadInNamespace('App\\Controllers\\ExcelLector')
 3 [internal function]: CodeIgniter\Autoloader\Autoloader->loadClass('App\\Controllers\\ExcelLector')
 4 SYSTEMPATH\CodeIgniter.php(846): class_exists('\\App\\Controllers\\ExcelLector', true)
 5 SYSTEMPATH\CodeIgniter.php(453): CodeIgniter\CodeIgniter->startController()
 6 SYSTEMPATH\CodeIgniter.php(349): CodeIgniter\CodeIgniter->handleRequest(null, Object(Config\Cache), false)
 7 FCPATH\index.php(67): CodeIgniter\CodeIgniter->run()
CRITICAL - 2025-03-06 20:53:14 --> Constant FILTER_SANITIZE_STRING is deprecated
in APPPATH\Controllers\ExcelLector.php on line 48.
 1 APPPATH\Controllers\ExcelLector.php(48): CodeIgniter\Debug\Exceptions->errorHandler(8192, 'Constant FILTER_SANITIZE_STRING is deprecated', 'APPPATH\\Controllers\\ExcelLector.php', 48)
 2 SYSTEMPATH\CodeIgniter.php(896): App\Controllers\ExcelLector->exportar()
 3 SYSTEMPATH\CodeIgniter.php(466): CodeIgniter\CodeIgniter->runController(Object(App\Controllers\ExcelLector))
 4 SYSTEMPATH\CodeIgniter.php(349): CodeIgniter\CodeIgniter->handleRequest(null, Object(Config\Cache), false)
 5 FCPATH\index.php(67): CodeIgniter\CodeIgniter->run()
CRITICAL - 2025-03-06 20:54:27 --> Class "App\Controllers\EmpleadoModel" not found
in APPPATH\Controllers\ExcelLector.php on line 60.
 1 SYSTEMPATH\CodeIgniter.php(896): App\Controllers\ExcelLector->exportar()
 2 SYSTEMPATH\CodeIgniter.php(466): CodeIgniter\CodeIgniter->runController(Object(App\Controllers\ExcelLector))
 3 SYSTEMPATH\CodeIgniter.php(349): CodeIgniter\CodeIgniter->handleRequest(null, Object(Config\Cache), false)
 4 FCPATH\index.php(67): CodeIgniter\CodeIgniter->run()
CRITICAL - 2025-03-06 20:55:49 --> Class "App\Controllers\UserModel" not found
in APPPATH\Controllers\ExcelLector.php on line 60.
 1 SYSTEMPATH\CodeIgniter.php(896): App\Controllers\ExcelLector->exportar()
 2 SYSTEMPATH\CodeIgniter.php(466): CodeIgniter\CodeIgniter->runController(Object(App\Controllers\ExcelLector))
 3 SYSTEMPATH\CodeIgniter.php(349): CodeIgniter\CodeIgniter->handleRequest(null, Object(Config\Cache), false)
 4 FCPATH\index.php(67): CodeIgniter\CodeIgniter->run()
CRITICAL - 2025-03-06 20:57:43 --> syntax error, unexpected token "}"
in APPPATH\Controllers\ExcelLector.php on line 23.
 1 SYSTEMPATH\Autoloader\Autoloader.php(261): CodeIgniter\Autoloader\Autoloader->includeFile('APPPATH\\Controllers\\ExcelLector.php')
 2 SYSTEMPATH\Autoloader\Autoloader.php(239): CodeIgniter\Autoloader\Autoloader->loadInNamespace('App\\Controllers\\ExcelLector')
 3 [internal function]: CodeIgniter\Autoloader\Autoloader->loadClass('App\\Controllers\\ExcelLector')
 4 SYSTEMPATH\CodeIgniter.php(846): class_exists('\\App\\Controllers\\ExcelLector', true)
 5 SYSTEMPATH\CodeIgniter.php(453): CodeIgniter\CodeIgniter->startController()
 6 SYSTEMPATH\CodeIgniter.php(349): CodeIgniter\CodeIgniter->handleRequest(null, Object(Config\Cache), false)
 7 FCPATH\index.php(67): CodeIgniter\CodeIgniter->run()
CRITICAL - 2025-03-06 20:58:12 --> Creation of dynamic property App\Controllers\ExcelLector::$model is deprecated
in APPPATH\Controllers\ExcelLector.php on line 22.
 1 APPPATH\Controllers\ExcelLector.php(22): CodeIgniter\Debug\Exceptions->errorHandler(8192, 'Creation of dynamic property App\\Controllers\\ExcelLector::$model is deprecated', 'APPPATH\\Controllers\\ExcelLector.php', 22)
 2 SYSTEMPATH\CodeIgniter.php(858): App\Controllers\ExcelLector->__construct()
 3 SYSTEMPATH\CodeIgniter.php(457): CodeIgniter\CodeIgniter->createController()
 4 SYSTEMPATH\CodeIgniter.php(349): CodeIgniter\CodeIgniter->handleRequest(null, Object(Config\Cache), false)
 5 FCPATH\index.php(67): CodeIgniter\CodeIgniter->run()
CRITICAL - 2025-03-06 20:58:14 --> Creation of dynamic property App\Controllers\ExcelLector::$model is deprecated
in APPPATH\Controllers\ExcelLector.php on line 22.
 1 APPPATH\Controllers\ExcelLector.php(22): CodeIgniter\Debug\Exceptions->errorHandler(8192, 'Creation of dynamic property App\\Controllers\\ExcelLector::$model is deprecated', 'APPPATH\\Controllers\\ExcelLector.php', 22)
 2 SYSTEMPATH\CodeIgniter.php(858): App\Controllers\ExcelLector->__construct()
 3 SYSTEMPATH\CodeIgniter.php(457): CodeIgniter\CodeIgniter->createController()
 4 SYSTEMPATH\CodeIgniter.php(349): CodeIgniter\CodeIgniter->handleRequest(null, Object(Config\Cache), false)
 5 FCPATH\index.php(67): CodeIgniter\CodeIgniter->run()
CRITICAL - 2025-03-06 20:58:44 --> Call to a member function transBegin() on null
in APPPATH\Controllers\ExcelLector.php on line 67.
 1 SYSTEMPATH\CodeIgniter.php(896): App\Controllers\ExcelLector->exportar()
 2 SYSTEMPATH\CodeIgniter.php(466): CodeIgniter\CodeIgniter->runController(Object(App\Controllers\ExcelLector))
 3 SYSTEMPATH\CodeIgniter.php(349): CodeIgniter\CodeIgniter->handleRequest(null, Object(Config\Cache), false)
 4 FCPATH\index.php(67): CodeIgniter\CodeIgniter->run()
CRITICAL - 2025-03-06 20:59:59 --> Cannot redeclare App\Controllers\ExcelLector::$db
in APPPATH\Controllers\ExcelLector.php on line 12.
 1 [internal function]: CodeIgniter\Debug\Exceptions->shutdownHandler()
CRITICAL - 2025-03-06 21:00:18 --> Class "App\Controllers\Database" not found
in APPPATH\Controllers\ExcelLector.php on line 22.
 1 SYSTEMPATH\CodeIgniter.php(858): App\Controllers\ExcelLector->__construct()
 2 SYSTEMPATH\CodeIgniter.php(457): CodeIgniter\CodeIgniter->createController()
 3 SYSTEMPATH\CodeIgniter.php(349): CodeIgniter\CodeIgniter->handleRequest(null, Object(Config\Cache), false)
 4 FCPATH\index.php(67): CodeIgniter\CodeIgniter->run()
CRITICAL - 2025-03-06 21:00:19 --> Class "App\Controllers\Database" not found
in APPPATH\Controllers\ExcelLector.php on line 22.
 1 SYSTEMPATH\CodeIgniter.php(858): App\Controllers\ExcelLector->__construct()
 2 SYSTEMPATH\CodeIgniter.php(457): CodeIgniter\CodeIgniter->createController()
 3 SYSTEMPATH\CodeIgniter.php(349): CodeIgniter\CodeIgniter->handleRequest(null, Object(Config\Cache), false)
 4 FCPATH\index.php(67): CodeIgniter\CodeIgniter->run()
CRITICAL - 2025-03-06 21:02:01 --> Call to undefined method App\Models\UserModel::insert_data
in SYSTEMPATH\Model.php on line 773.
 1 APPPATH\Controllers\ExcelLector.php(98): CodeIgniter\Model->__call('insert_data', [...])
 2 SYSTEMPATH\CodeIgniter.php(896): App\Controllers\ExcelLector->exportar()
 3 SYSTEMPATH\CodeIgniter.php(466): CodeIgniter\CodeIgniter->runController(Object(App\Controllers\ExcelLector))
 4 SYSTEMPATH\CodeIgniter.php(349): CodeIgniter\CodeIgniter->handleRequest(null, Object(Config\Cache), false)
 5 FCPATH\index.php(67): CodeIgniter\CodeIgniter->run()
