ERROR - 2024-10-24 12:17:33 --> Error connecting to the database: No se puede establecer una conexión ya que el equipo de destino denegó expresamente dicha conexión
CRITICAL - 2024-10-24 12:17:33 --> Unable to connect to the database.
Main connection [MySQLi]: No se puede establecer una conexión ya que el equipo de destino denegó expresamente dicha conexión
in SYSTEMPATH\Database\BaseConnection.php on line 416.
 1 SYSTEMPATH\Database\BaseConnection.php(586): CodeIgniter\Database\BaseConnection->initialize()
 2 SYSTEMPATH\Database\BaseBuilder.php(1904): CodeIgniter\Database\BaseConnection->query('INSERT INTO `c_lista` (`nombre`, `created_by`, `created_at`, `last_modified_at`) VALUES (:nombre:, :created_by:, :created_at:, :last_modified_at:)', [...], false)
 3 SYSTEMPATH\Model.php(278): CodeIgniter\Database\BaseBuilder->insert()
 4 SYSTEMPATH\BaseModel.php(738): CodeIgniter\Model->doInsert([...])
 5 SYSTEMPATH\Model.php(666): CodeIgniter\BaseModel->insert([...], true)
 6 APPPATH\Models\UserModel.php(34): CodeIgniter\Model->insert([...])
 7 APPPATH\Controllers\Alta.php(51): App\Models\UserModel->create([...])
 8 SYSTEMPATH\CodeIgniter.php(896): App\Controllers\Alta->create()
 9 SYSTEMPATH\CodeIgniter.php(466): CodeIgniter\CodeIgniter->runController(Object(App\Controllers\Alta))
10 SYSTEMPATH\CodeIgniter.php(349): CodeIgniter\CodeIgniter->handleRequest(null, Object(Config\Cache), false)
11 FCPATH\index.php(67): CodeIgniter\CodeIgniter->run()
ERROR - 2024-10-24 12:18:29 --> Error connecting to the database: Access denied for user '****'@'localhost' (using password: YES)
CRITICAL - 2024-10-24 12:18:29 --> Unable to connect to the database.
Main connection [MySQLi]: Access denied for user '****'@'localhost' (using password: YES)
in SYSTEMPATH\Database\BaseConnection.php on line 416.
 1 SYSTEMPATH\Database\BaseConnection.php(586): CodeIgniter\Database\BaseConnection->initialize()
 2 SYSTEMPATH\Database\BaseBuilder.php(1904): CodeIgniter\Database\BaseConnection->query('INSERT INTO `c_lista` (`nombre`, `created_by`, `created_at`, `last_modified_at`) VALUES (:nombre:, :created_by:, :created_at:, :last_modified_at:)', [...], false)
 3 SYSTEMPATH\Model.php(278): CodeIgniter\Database\BaseBuilder->insert()
 4 SYSTEMPATH\BaseModel.php(738): CodeIgniter\Model->doInsert([...])
 5 SYSTEMPATH\Model.php(666): CodeIgniter\BaseModel->insert([...], true)
 6 APPPATH\Models\UserModel.php(34): CodeIgniter\Model->insert([...])
 7 APPPATH\Controllers\Alta.php(51): App\Models\UserModel->create([...])
 8 SYSTEMPATH\CodeIgniter.php(896): App\Controllers\Alta->create()
 9 SYSTEMPATH\CodeIgniter.php(466): CodeIgniter\CodeIgniter->runController(Object(App\Controllers\Alta))
10 SYSTEMPATH\CodeIgniter.php(349): CodeIgniter\CodeIgniter->handleRequest(null, Object(Config\Cache), false)
11 FCPATH\index.php(67): CodeIgniter\CodeIgniter->run()
ERROR - 2024-10-24 12:21:14 --> Error connecting to the database: Access denied for user '****'@'localhost' (using password: YES)
CRITICAL - 2024-10-24 12:21:14 --> Unable to connect to the database.
Main connection [MySQLi]: Access denied for user '****'@'localhost' (using password: YES)
in SYSTEMPATH\Database\BaseConnection.php on line 416.
 1 SYSTEMPATH\Database\BaseConnection.php(586): CodeIgniter\Database\BaseConnection->initialize()
 2 SYSTEMPATH\Database\BaseBuilder.php(1904): CodeIgniter\Database\BaseConnection->query('INSERT INTO `usuarios` (`nombre`, `apellido_pat`, `apellido_mat`, `matricula`, `programa`, `created_by`, `created_at`, `modified_at`) VALUES (:nombre:, :apellido_pat:, :apellido_mat:, :matricula:, :programa:, :created_by:, :created_at:, :modified_at:)', [...], false)
 3 SYSTEMPATH\Model.php(278): CodeIgniter\Database\BaseBuilder->insert()
 4 SYSTEMPATH\BaseModel.php(738): CodeIgniter\Model->doInsert([...])
 5 SYSTEMPATH\Model.php(666): CodeIgniter\BaseModel->insert([...], true)
 6 APPPATH\Models\UserModel.php(34): CodeIgniter\Model->insert([...])
 7 APPPATH\Controllers\Alta.php(51): App\Models\UserModel->create([...])
 8 SYSTEMPATH\CodeIgniter.php(896): App\Controllers\Alta->create()
 9 SYSTEMPATH\CodeIgniter.php(466): CodeIgniter\CodeIgniter->runController(Object(App\Controllers\Alta))
10 SYSTEMPATH\CodeIgniter.php(349): CodeIgniter\CodeIgniter->handleRequest(null, Object(Config\Cache), false)
11 FCPATH\index.php(67): CodeIgniter\CodeIgniter->run()
CRITICAL - 2024-10-24 14:42:32 --> Call to undefined method App\Controllers\Alta::dataByTipoTipoTipo()
in APPPATH\Controllers\Alta.php on line 86.
 1 SYSTEMPATH\CodeIgniter.php(896): App\Controllers\Alta->create()
 2 SYSTEMPATH\CodeIgniter.php(466): CodeIgniter\CodeIgniter->runController(Object(App\Controllers\Alta))
 3 SYSTEMPATH\CodeIgniter.php(349): CodeIgniter\CodeIgniter->handleRequest(null, Object(Config\Cache), false)
 4 FCPATH\index.php(67): CodeIgniter\CodeIgniter->run()
CRITICAL - 2024-10-24 14:43:22 --> Call to undefined method App\Controllers\Alta::dataByTipoTipoTipo()
in APPPATH\Controllers\Alta.php on line 86.
 1 SYSTEMPATH\CodeIgniter.php(896): App\Controllers\Alta->create()
 2 SYSTEMPATH\CodeIgniter.php(466): CodeIgniter\CodeIgniter->runController(Object(App\Controllers\Alta))
 3 SYSTEMPATH\CodeIgniter.php(349): CodeIgniter\CodeIgniter->handleRequest(null, Object(Config\Cache), false)
 4 FCPATH\index.php(67): CodeIgniter\CodeIgniter->run()
CRITICAL - 2024-10-24 14:43:48 --> Too few arguments to function App\Controllers\Alta::dataByTipo(), 0 passed in C:\xampp\htdocs\carga-contactos-mkt\app\Controllers\Alta.php on line 86 and exactly 1 expected
in APPPATH\Controllers\Alta.php on line 24.
 1 APPPATH\Controllers\Alta.php(86): App\Controllers\Alta->dataByTipo()
 2 SYSTEMPATH\CodeIgniter.php(896): App\Controllers\Alta->create()
 3 SYSTEMPATH\CodeIgniter.php(466): CodeIgniter\CodeIgniter->runController(Object(App\Controllers\Alta))
 4 SYSTEMPATH\CodeIgniter.php(349): CodeIgniter\CodeIgniter->handleRequest(null, Object(Config\Cache), false)
 5 FCPATH\index.php(67): CodeIgniter\CodeIgniter->run()
CRITICAL - 2024-10-24 18:47:16 --> Call to undefined method CodeIgniter\HTTP\IncomingRequest::get()
in APPPATH\Controllers\Alta.php on line 93.
 1 SYSTEMPATH\CodeIgniter.php(896): App\Controllers\Alta->read()
 2 SYSTEMPATH\CodeIgniter.php(466): CodeIgniter\CodeIgniter->runController(Object(App\Controllers\Alta))
 3 SYSTEMPATH\CodeIgniter.php(349): CodeIgniter\CodeIgniter->handleRequest(null, Object(Config\Cache), false)
 4 FCPATH\index.php(67): CodeIgniter\CodeIgniter->run()
