CRITICAL - 2025-03-19 20:11:50 --> syntax error, unexpected token ","
in APPPATH\Controllers\Qr.php on line 525.
 1 SYSTEMPATH\Autoloader\Autoloader.php(261): CodeIgniter\Autoloader\Autoloader->includeFile('APPPATH\\Controllers\\Qr.php')
 2 SYSTEMPATH\Autoloader\Autoloader.php(239): CodeIgniter\Autoloader\Autoloader->loadInNamespace('App\\Controllers\\Qr')
 3 [internal function]: CodeIgniter\Autoloader\Autoloader->loadClass('App\\Controllers\\Qr')
 4 SYSTEMPATH\CodeIgniter.php(846): class_exists('\\App\\Controllers\\Qr', true)
 5 SYSTEMPATH\CodeIgniter.php(453): CodeIgniter\CodeIgniter->startController()
 6 SYSTEMPATH\CodeIgniter.php(349): CodeIgniter\CodeIgniter->handleRequest(null, Object(Config\Cache), false)
 7 FCPATH\index.php(67): CodeIgniter\CodeIgniter->run()
CRITICAL - 2025-03-19 20:11:59 --> syntax error, unexpected token ","
in APPPATH\Controllers\Qr.php on line 524.
 1 SYSTEMPATH\Autoloader\Autoloader.php(261): CodeIgniter\Autoloader\Autoloader->includeFile('APPPATH\\Controllers\\Qr.php')
 2 SYSTEMPATH\Autoloader\Autoloader.php(239): CodeIgniter\Autoloader\Autoloader->loadInNamespace('App\\Controllers\\Qr')
 3 [internal function]: CodeIgniter\Autoloader\Autoloader->loadClass('App\\Controllers\\Qr')
 4 SYSTEMPATH\CodeIgniter.php(846): class_exists('\\App\\Controllers\\Qr', true)
 5 SYSTEMPATH\CodeIgniter.php(453): CodeIgniter\CodeIgniter->startController()
 6 SYSTEMPATH\CodeIgniter.php(349): CodeIgniter\CodeIgniter->handleRequest(null, Object(Config\Cache), false)
 7 FCPATH\index.php(67): CodeIgniter\CodeIgniter->run()
CRITICAL - 2025-03-19 20:12:34 --> Undefined variable $data
in APPPATH\Controllers\Qr.php on line 525.
 1 APPPATH\Controllers\Qr.php(525): CodeIgniter\Debug\Exceptions->errorHandler(2, 'Undefined variable $data', 'APPPATH\\Controllers\\Qr.php', 525)
 2 SYSTEMPATH\CodeIgniter.php(896): App\Controllers\Qr->gafetes()
 3 SYSTEMPATH\CodeIgniter.php(466): CodeIgniter\CodeIgniter->runController(Object(App\Controllers\Qr))
 4 SYSTEMPATH\CodeIgniter.php(349): CodeIgniter\CodeIgniter->handleRequest(null, Object(Config\Cache), false)
 5 FCPATH\index.php(67): CodeIgniter\CodeIgniter->run()
CRITICAL - 2025-03-19 20:13:14 --> Cannot access offset of type string on string
in APPPATH\Views\Gafetes_view.php on line 157.
 1 SYSTEMPATH\View\View.php(213): include()
 2 SYSTEMPATH\View\View.php(216): CodeIgniter\View\View->CodeIgniter\View\{closure}()
 3 SYSTEMPATH\Common.php(1135): CodeIgniter\View\View->render('Gafetes_view', [], true)
 4 APPPATH\Controllers\Qr.php(534): view('Gafetes_view', [...])
 5 SYSTEMPATH\CodeIgniter.php(896): App\Controllers\Qr->gafetes()
 6 SYSTEMPATH\CodeIgniter.php(466): CodeIgniter\CodeIgniter->runController(Object(App\Controllers\Qr))
 7 SYSTEMPATH\CodeIgniter.php(349): CodeIgniter\CodeIgniter->handleRequest(null, Object(Config\Cache), false)
 8 FCPATH\index.php(67): CodeIgniter\CodeIgniter->run()
CRITICAL - 2025-03-19 20:13:47 --> Cannot access offset of type string on string
in APPPATH\Views\Gafetes_view.php on line 158.
 1 SYSTEMPATH\View\View.php(213): include()
 2 SYSTEMPATH\View\View.php(216): CodeIgniter\View\View->CodeIgniter\View\{closure}()
 3 SYSTEMPATH\Common.php(1135): CodeIgniter\View\View->render('Gafetes_view', [], true)
 4 APPPATH\Controllers\Qr.php(534): view('Gafetes_view', [...])
 5 SYSTEMPATH\CodeIgniter.php(896): App\Controllers\Qr->gafetes()
 6 SYSTEMPATH\CodeIgniter.php(466): CodeIgniter\CodeIgniter->runController(Object(App\Controllers\Qr))
 7 SYSTEMPATH\CodeIgniter.php(349): CodeIgniter\CodeIgniter->handleRequest(null, Object(Config\Cache), false)
 8 FCPATH\index.php(67): CodeIgniter\CodeIgniter->run()
CRITICAL - 2025-03-19 20:26:01 --> Undefined property: stdClass::$foto
in APPPATH\Controllers\Qr.php on line 526.
 1 APPPATH\Controllers\Qr.php(526): CodeIgniter\Debug\Exceptions->errorHandler(2, 'Undefined property: stdClass::$foto', 'APPPATH\\Controllers\\Qr.php', 526)
 2 SYSTEMPATH\CodeIgniter.php(896): App\Controllers\Qr->gafetes()
 3 SYSTEMPATH\CodeIgniter.php(466): CodeIgniter\CodeIgniter->runController(Object(App\Controllers\Qr))
 4 SYSTEMPATH\CodeIgniter.php(349): CodeIgniter\CodeIgniter->handleRequest(null, Object(Config\Cache), false)
 5 FCPATH\index.php(67): CodeIgniter\CodeIgniter->run()
CRITICAL - 2025-03-19 20:26:27 --> Cannot use object of type stdClass as array
in APPPATH\Controllers\Qr.php on line 526.
 1 SYSTEMPATH\CodeIgniter.php(896): App\Controllers\Qr->gafetes()
 2 SYSTEMPATH\CodeIgniter.php(466): CodeIgniter\CodeIgniter->runController(Object(App\Controllers\Qr))
 3 SYSTEMPATH\CodeIgniter.php(349): CodeIgniter\CodeIgniter->handleRequest(null, Object(Config\Cache), false)
 4 FCPATH\index.php(67): CodeIgniter\CodeIgniter->run()
CRITICAL - 2025-03-19 20:26:54 --> Cannot use object of type stdClass as array
in APPPATH\Controllers\Qr.php on line 526.
 1 SYSTEMPATH\CodeIgniter.php(896): App\Controllers\Qr->gafetes()
 2 SYSTEMPATH\CodeIgniter.php(466): CodeIgniter\CodeIgniter->runController(Object(App\Controllers\Qr))
 3 SYSTEMPATH\CodeIgniter.php(349): CodeIgniter\CodeIgniter->handleRequest(null, Object(Config\Cache), false)
 4 FCPATH\index.php(67): CodeIgniter\CodeIgniter->run()
CRITICAL - 2025-03-19 20:33:37 --> Undefined array key "programa"
in APPPATH\Views\Gafetes_view.php on line 169.
 1 APPPATH\Views\Gafetes_view.php(169): CodeIgniter\Debug\Exceptions->errorHandler(2, 'Undefined array key "programa"', 'APPPATH\\Views\\Gafetes_view.php', 169)
 2 SYSTEMPATH\View\View.php(213): include('APPPATH\\Views\\Gafetes_view.php')
 3 SYSTEMPATH\View\View.php(216): CodeIgniter\View\View->CodeIgniter\View\{closure}()
 4 SYSTEMPATH\Common.php(1135): CodeIgniter\View\View->render('Gafetes_view', [], true)
 5 APPPATH\Controllers\Qr.php(535): view('Gafetes_view', [...])
 6 SYSTEMPATH\CodeIgniter.php(896): App\Controllers\Qr->gafetes()
 7 SYSTEMPATH\CodeIgniter.php(466): CodeIgniter\CodeIgniter->runController(Object(App\Controllers\Qr))
 8 SYSTEMPATH\CodeIgniter.php(349): CodeIgniter\CodeIgniter->handleRequest(null, Object(Config\Cache), false)
 9 FCPATH\index.php(67): CodeIgniter\CodeIgniter->run()
