CRITICAL - 2025-02-11 13:38:09 --> Undefined variable $menu
in APPPATH\Controllers\Genera.php on line 26.
 1 APPPATH\Controllers\Genera.php(26): CodeIgniter\Debug\Exceptions->errorHandler(2, 'Undefined variable $menu', 'APPPATH\\Controllers\\Genera.php', 26)
 2 SYSTEMPATH\CodeIgniter.php(896): App\Controllers\Genera->gafete()
 3 SYSTEMPATH\CodeIgniter.php(466): CodeIgniter\CodeIgniter->runController(Object(App\Controllers\Genera))
 4 SYSTEMPATH\CodeIgniter.php(349): CodeIgniter\CodeIgniter->handleRequest(null, Object(Config\Cache), false)
 5 FCPATH\index.php(67): CodeIgniter\CodeIgniter->run()
CRITICAL - 2025-02-11 16:03:11 --> Cannot use object of type stdClass as array
in APPPATH\Controllers\Qr.php on line 469.
 1 SYSTEMPATH\CodeIgniter.php(896): App\Controllers\Qr->gafete()
 2 SYSTEMPATH\CodeIgniter.php(466): CodeIgniter\CodeIgniter->runController(Object(App\Controllers\Qr))
 3 SYSTEMPATH\CodeIgniter.php(349): CodeIgniter\CodeIgniter->handleRequest(null, Object(Config\Cache), false)
 4 FCPATH\index.php(67): CodeIgniter\CodeIgniter->run()
CRITICAL - 2025-02-11 16:05:28 --> Undefined variable $nombre
in APPPATH\Views\Gafete_view.php on line 114.
 1 APPPATH\Views\Gafete_view.php(114): CodeIgniter\Debug\Exceptions->errorHandler(2, 'Undefined variable $nombre', 'APPPATH\\Views\\Gafete_view.php', 114)
 2 SYSTEMPATH\View\View.php(213): include('APPPATH\\Views\\Gafete_view.php')
 3 SYSTEMPATH\View\View.php(216): CodeIgniter\View\View->CodeIgniter\View\{closure}()
 4 SYSTEMPATH\Common.php(1135): CodeIgniter\View\View->render('Gafete_view', [], true)
 5 APPPATH\Controllers\Qr.php(475): view('Gafete_view', [...])
 6 SYSTEMPATH\CodeIgniter.php(896): App\Controllers\Qr->gafete()
 7 SYSTEMPATH\CodeIgniter.php(466): CodeIgniter\CodeIgniter->runController(Object(App\Controllers\Qr))
 8 SYSTEMPATH\CodeIgniter.php(349): CodeIgniter\CodeIgniter->handleRequest(null, Object(Config\Cache), false)
 9 FCPATH\index.php(67): CodeIgniter\CodeIgniter->run()
CRITICAL - 2025-02-11 16:38:19 --> Undefined variable $array
in APPPATH\Controllers\Qr.php on line 469.
 1 APPPATH\Controllers\Qr.php(469): CodeIgniter\Debug\Exceptions->errorHandler(2, 'Undefined variable $array', 'APPPATH\\Controllers\\Qr.php', 469)
 2 SYSTEMPATH\CodeIgniter.php(896): App\Controllers\Qr->gafete()
 3 SYSTEMPATH\CodeIgniter.php(466): CodeIgniter\CodeIgniter->runController(Object(App\Controllers\Qr))
 4 SYSTEMPATH\CodeIgniter.php(349): CodeIgniter\CodeIgniter->handleRequest(null, Object(Config\Cache), false)
 5 FCPATH\index.php(67): CodeIgniter\CodeIgniter->run()
CRITICAL - 2025-02-11 16:38:37 --> whereIn() expects $values to be of type array or closure
in SYSTEMPATH\Database\BaseBuilder.php on line 907.
 1 SYSTEMPATH\Database\BaseBuilder.php(789): CodeIgniter\Database\BaseBuilder->_whereIn('qr.id_usuario', '1', false, 'AND ', null)
 2 APPPATH\Models\Catqr_model.php(82): CodeIgniter\Database\BaseBuilder->whereIn('qr.id_usuario', '1')
 3 APPPATH\Controllers\Qr.php(469): App\Models\Catqr_model->getById('1')
 4 SYSTEMPATH\CodeIgniter.php(896): App\Controllers\Qr->gafete()
 5 SYSTEMPATH\CodeIgniter.php(466): CodeIgniter\CodeIgniter->runController(Object(App\Controllers\Qr))
 6 SYSTEMPATH\CodeIgniter.php(349): CodeIgniter\CodeIgniter->handleRequest(null, Object(Config\Cache), false)
 7 FCPATH\index.php(67): CodeIgniter\CodeIgniter->run()
CRITICAL - 2025-02-11 16:43:26 --> Undefined property: stdClass::$data
in APPPATH\Controllers\Qr.php on line 477.
 1 APPPATH\Controllers\Qr.php(477): CodeIgniter\Debug\Exceptions->errorHandler(2, 'Undefined property: stdClass::$data', 'APPPATH\\Controllers\\Qr.php', 477)
 2 SYSTEMPATH\CodeIgniter.php(896): App\Controllers\Qr->gafete()
 3 SYSTEMPATH\CodeIgniter.php(466): CodeIgniter\CodeIgniter->runController(Object(App\Controllers\Qr))
 4 SYSTEMPATH\CodeIgniter.php(349): CodeIgniter\CodeIgniter->handleRequest(null, Object(Config\Cache), false)
 5 FCPATH\index.php(67): CodeIgniter\CodeIgniter->run()
CRITICAL - 2025-02-11 17:21:19 --> DateTime::__construct(): Passing null to parameter #1 ($datetime) of type string is deprecated
in APPPATH\Controllers\Qr.php on line 127.
 1 [internal function]: CodeIgniter\Debug\Exceptions->errorHandler(8192, 'DateTime::__construct(): Passing null to parameter #1 ($datetime) of type string is deprecated', 'APPPATH\\Controllers\\Qr.php', 127)
 2 APPPATH\Controllers\Qr.php(127): DateTime->__construct(null)
 3 SYSTEMPATH\CodeIgniter.php(896): App\Controllers\Qr->scanner()
 4 SYSTEMPATH\CodeIgniter.php(466): CodeIgniter\CodeIgniter->runController(Object(App\Controllers\Qr))
 5 SYSTEMPATH\CodeIgniter.php(349): CodeIgniter\CodeIgniter->handleRequest(null, Object(Config\Cache), false)
 6 FCPATH\index.php(67): CodeIgniter\CodeIgniter->run()
CRITICAL - 2025-02-11 17:21:21 --> DateTime::__construct(): Passing null to parameter #1 ($datetime) of type string is deprecated
in APPPATH\Controllers\Qr.php on line 127.
 1 [internal function]: CodeIgniter\Debug\Exceptions->errorHandler(8192, 'DateTime::__construct(): Passing null to parameter #1 ($datetime) of type string is deprecated', 'APPPATH\\Controllers\\Qr.php', 127)
 2 APPPATH\Controllers\Qr.php(127): DateTime->__construct(null)
 3 SYSTEMPATH\CodeIgniter.php(896): App\Controllers\Qr->scanner()
 4 SYSTEMPATH\CodeIgniter.php(466): CodeIgniter\CodeIgniter->runController(Object(App\Controllers\Qr))
 5 SYSTEMPATH\CodeIgniter.php(349): CodeIgniter\CodeIgniter->handleRequest(null, Object(Config\Cache), false)
 6 FCPATH\index.php(67): CodeIgniter\CodeIgniter->run()
CRITICAL - 2025-02-11 17:21:22 --> DateTime::__construct(): Passing null to parameter #1 ($datetime) of type string is deprecated
in APPPATH\Controllers\Qr.php on line 127.
 1 [internal function]: CodeIgniter\Debug\Exceptions->errorHandler(8192, 'DateTime::__construct(): Passing null to parameter #1 ($datetime) of type string is deprecated', 'APPPATH\\Controllers\\Qr.php', 127)
 2 APPPATH\Controllers\Qr.php(127): DateTime->__construct(null)
 3 SYSTEMPATH\CodeIgniter.php(896): App\Controllers\Qr->scanner()
 4 SYSTEMPATH\CodeIgniter.php(466): CodeIgniter\CodeIgniter->runController(Object(App\Controllers\Qr))
 5 SYSTEMPATH\CodeIgniter.php(349): CodeIgniter\CodeIgniter->handleRequest(null, Object(Config\Cache), false)
 6 FCPATH\index.php(67): CodeIgniter\CodeIgniter->run()
CRITICAL - 2025-02-11 17:21:24 --> DateTime::__construct(): Passing null to parameter #1 ($datetime) of type string is deprecated
in APPPATH\Controllers\Qr.php on line 127.
 1 [internal function]: CodeIgniter\Debug\Exceptions->errorHandler(8192, 'DateTime::__construct(): Passing null to parameter #1 ($datetime) of type string is deprecated', 'APPPATH\\Controllers\\Qr.php', 127)
 2 APPPATH\Controllers\Qr.php(127): DateTime->__construct(null)
 3 SYSTEMPATH\CodeIgniter.php(896): App\Controllers\Qr->scanner()
 4 SYSTEMPATH\CodeIgniter.php(466): CodeIgniter\CodeIgniter->runController(Object(App\Controllers\Qr))
 5 SYSTEMPATH\CodeIgniter.php(349): CodeIgniter\CodeIgniter->handleRequest(null, Object(Config\Cache), false)
 6 FCPATH\index.php(67): CodeIgniter\CodeIgniter->run()
CRITICAL - 2025-02-11 17:21:32 --> DateTime::__construct(): Passing null to parameter #1 ($datetime) of type string is deprecated
in APPPATH\Controllers\Qr.php on line 127.
 1 [internal function]: CodeIgniter\Debug\Exceptions->errorHandler(8192, 'DateTime::__construct(): Passing null to parameter #1 ($datetime) of type string is deprecated', 'APPPATH\\Controllers\\Qr.php', 127)
 2 APPPATH\Controllers\Qr.php(127): DateTime->__construct(null)
 3 SYSTEMPATH\CodeIgniter.php(896): App\Controllers\Qr->scanner()
 4 SYSTEMPATH\CodeIgniter.php(466): CodeIgniter\CodeIgniter->runController(Object(App\Controllers\Qr))
 5 SYSTEMPATH\CodeIgniter.php(349): CodeIgniter\CodeIgniter->handleRequest(null, Object(Config\Cache), false)
 6 FCPATH\index.php(67): CodeIgniter\CodeIgniter->run()
