ERROR - 2024-11-14 18:00:35 --> Operand should contain 1 column(s)
CRITICAL - 2024-11-14 18:00:35 --> Operand should contain 1 column(s)
in SYSTEMPATH\Database\MySQLi\Connection.php on line 292.
 1 SYSTEMPATH\Database\MySQLi\Connection.php(292): mysqli->query('SELECT `id_qr`, `code`, `id_usuario`, `img`, `activo`, `date_entry`, `date_exit`, `hour_entry`, `hour_exit`, `created_at`
FROM `cat_qr`
WHERE `id_usuario` = (\'1\',\'11\',\'14\',\'17\',\'20\',\'23\',\'26\',\'5\',\'8\')
AND `activo` = \'1\'', 0)
 2 SYSTEMPATH\Database\BaseConnection.php(695): CodeIgniter\Database\MySQLi\Connection->execute('SELECT `id_qr`, `code`, `id_usuario`, `img`, `activo`, `date_entry`, `date_exit`, `hour_entry`, `hour_exit`, `created_at`
FROM `cat_qr`
WHERE `id_usuario` = (\'1\',\'11\',\'14\',\'17\',\'20\',\'23\',\'26\',\'5\',\'8\')
AND `activo` = \'1\'')
 3 SYSTEMPATH\Database\BaseConnection.php(609): CodeIgniter\Database\BaseConnection->simpleQuery('SELECT `id_qr`, `code`, `id_usuario`, `img`, `activo`, `date_entry`, `date_exit`, `hour_entry`, `hour_exit`, `created_at`
FROM `cat_qr`
WHERE `id_usuario` = (\'1\',\'11\',\'14\',\'17\',\'20\',\'23\',\'26\',\'5\',\'8\')
AND `activo` = \'1\'')
 4 SYSTEMPATH\Database\BaseBuilder.php(1585): CodeIgniter\Database\BaseConnection->query('SELECT `id_qr`, `code`, `id_usuario`, `img`, `activo`, `date_entry`, `date_exit`, `hour_entry`, `hour_exit`, `created_at`
FROM `cat_qr`
WHERE `id_usuario` = :id_usuario:
AND `activo` = :activo:', [...], false)
 5 APPPATH\Models\Catqr_model.php(49): CodeIgniter\Database\BaseBuilder->get()
 6 APPPATH\Controllers\Qr.php(55): App\Models\Catqr_model->get_active([...])
 7 APPPATH\Controllers\Qr.php(83): App\Controllers\Qr->verify_exist([...])
 8 APPPATH\Controllers\Qr.php(74): App\Controllers\Qr->processCreate([...])
 9 SYSTEMPATH\CodeIgniter.php(896): App\Controllers\Qr->createAll()
10 SYSTEMPATH\CodeIgniter.php(466): CodeIgniter\CodeIgniter->runController(Object(App\Controllers\Qr))
11 SYSTEMPATH\CodeIgniter.php(349): CodeIgniter\CodeIgniter->handleRequest(null, Object(Config\Cache), false)
12 FCPATH\index.php(67): CodeIgniter\CodeIgniter->run()
CRITICAL - 2024-11-14 18:02:09 --> Undefined array key 1
in APPPATH\Controllers\Qr.php on line 74.
 1 APPPATH\Controllers\Qr.php(74): CodeIgniter\Debug\Exceptions->errorHandler(2, 'Undefined array key 1', 'APPPATH\\Controllers\\Qr.php', 74)
 2 SYSTEMPATH\CodeIgniter.php(896): App\Controllers\Qr->createAll()
 3 SYSTEMPATH\CodeIgniter.php(466): CodeIgniter\CodeIgniter->runController(Object(App\Controllers\Qr))
 4 SYSTEMPATH\CodeIgniter.php(349): CodeIgniter\CodeIgniter->handleRequest(null, Object(Config\Cache), false)
 5 FCPATH\index.php(67): CodeIgniter\CodeIgniter->run()
CRITICAL - 2024-11-14 18:02:33 --> Undefined array key 1
in APPPATH\Controllers\Qr.php on line 74.
 1 APPPATH\Controllers\Qr.php(74): CodeIgniter\Debug\Exceptions->errorHandler(2, 'Undefined array key 1', 'APPPATH\\Controllers\\Qr.php', 74)
 2 SYSTEMPATH\CodeIgniter.php(896): App\Controllers\Qr->createAll()
 3 SYSTEMPATH\CodeIgniter.php(466): CodeIgniter\CodeIgniter->runController(Object(App\Controllers\Qr))
 4 SYSTEMPATH\CodeIgniter.php(349): CodeIgniter\CodeIgniter->handleRequest(null, Object(Config\Cache), false)
 5 FCPATH\index.php(67): CodeIgniter\CodeIgniter->run()
CRITICAL - 2024-11-14 18:04:52 --> Undefined array key 9
in APPPATH\Controllers\Qr.php on line 74.
 1 APPPATH\Controllers\Qr.php(74): CodeIgniter\Debug\Exceptions->errorHandler(2, 'Undefined array key 9', 'APPPATH\\Controllers\\Qr.php', 74)
 2 SYSTEMPATH\CodeIgniter.php(896): App\Controllers\Qr->createAll()
 3 SYSTEMPATH\CodeIgniter.php(466): CodeIgniter\CodeIgniter->runController(Object(App\Controllers\Qr))
 4 SYSTEMPATH\CodeIgniter.php(349): CodeIgniter\CodeIgniter->handleRequest(null, Object(Config\Cache), false)
 5 FCPATH\index.php(67): CodeIgniter\CodeIgniter->run()
CRITICAL - 2024-11-14 18:18:02 --> Undefined array key 9
in APPPATH\Controllers\Qr.php on line 74.
 1 APPPATH\Controllers\Qr.php(74): CodeIgniter\Debug\Exceptions->errorHandler(2, 'Undefined array key 9', 'APPPATH\\Controllers\\Qr.php', 74)
 2 SYSTEMPATH\CodeIgniter.php(896): App\Controllers\Qr->createAll()
 3 SYSTEMPATH\CodeIgniter.php(466): CodeIgniter\CodeIgniter->runController(Object(App\Controllers\Qr))
 4 SYSTEMPATH\CodeIgniter.php(349): CodeIgniter\CodeIgniter->handleRequest(null, Object(Config\Cache), false)
 5 FCPATH\index.php(67): CodeIgniter\CodeIgniter->run()
CRITICAL - 2024-11-14 18:18:30 --> Undefined array key 9
in APPPATH\Controllers\Qr.php on line 74.
 1 APPPATH\Controllers\Qr.php(74): CodeIgniter\Debug\Exceptions->errorHandler(2, 'Undefined array key 9', 'APPPATH\\Controllers\\Qr.php', 74)
 2 SYSTEMPATH\CodeIgniter.php(896): App\Controllers\Qr->createAll()
 3 SYSTEMPATH\CodeIgniter.php(466): CodeIgniter\CodeIgniter->runController(Object(App\Controllers\Qr))
 4 SYSTEMPATH\CodeIgniter.php(349): CodeIgniter\CodeIgniter->handleRequest(null, Object(Config\Cache), false)
 5 FCPATH\index.php(67): CodeIgniter\CodeIgniter->run()
CRITICAL - 2024-11-14 18:20:35 --> Undefined array key 9
in APPPATH\Controllers\Qr.php on line 76.
 1 APPPATH\Controllers\Qr.php(76): CodeIgniter\Debug\Exceptions->errorHandler(2, 'Undefined array key 9', 'APPPATH\\Controllers\\Qr.php', 76)
 2 SYSTEMPATH\CodeIgniter.php(896): App\Controllers\Qr->createAll()
 3 SYSTEMPATH\CodeIgniter.php(466): CodeIgniter\CodeIgniter->runController(Object(App\Controllers\Qr))
 4 SYSTEMPATH\CodeIgniter.php(349): CodeIgniter\CodeIgniter->handleRequest(null, Object(Config\Cache), false)
 5 FCPATH\index.php(67): CodeIgniter\CodeIgniter->run()
CRITICAL - 2024-11-14 18:20:52 --> Undefined array key 9
in APPPATH\Controllers\Qr.php on line 76.
 1 APPPATH\Controllers\Qr.php(76): CodeIgniter\Debug\Exceptions->errorHandler(2, 'Undefined array key 9', 'APPPATH\\Controllers\\Qr.php', 76)
 2 SYSTEMPATH\CodeIgniter.php(896): App\Controllers\Qr->createAll()
 3 SYSTEMPATH\CodeIgniter.php(466): CodeIgniter\CodeIgniter->runController(Object(App\Controllers\Qr))
 4 SYSTEMPATH\CodeIgniter.php(349): CodeIgniter\CodeIgniter->handleRequest(null, Object(Config\Cache), false)
 5 FCPATH\index.php(67): CodeIgniter\CodeIgniter->run()
CRITICAL - 2024-11-14 18:21:25 --> Undefined array key 9
in APPPATH\Controllers\Qr.php on line 76.
 1 APPPATH\Controllers\Qr.php(76): CodeIgniter\Debug\Exceptions->errorHandler(2, 'Undefined array key 9', 'APPPATH\\Controllers\\Qr.php', 76)
 2 SYSTEMPATH\CodeIgniter.php(896): App\Controllers\Qr->createAll()
 3 SYSTEMPATH\CodeIgniter.php(466): CodeIgniter\CodeIgniter->runController(Object(App\Controllers\Qr))
 4 SYSTEMPATH\CodeIgniter.php(349): CodeIgniter\CodeIgniter->handleRequest(null, Object(Config\Cache), false)
 5 FCPATH\index.php(67): CodeIgniter\CodeIgniter->run()
CRITICAL - 2024-11-14 18:22:11 --> Undefined array key 9
in APPPATH\Controllers\Qr.php on line 76.
 1 APPPATH\Controllers\Qr.php(76): CodeIgniter\Debug\Exceptions->errorHandler(2, 'Undefined array key 9', 'APPPATH\\Controllers\\Qr.php', 76)
 2 SYSTEMPATH\CodeIgniter.php(896): App\Controllers\Qr->createAll()
 3 SYSTEMPATH\CodeIgniter.php(466): CodeIgniter\CodeIgniter->runController(Object(App\Controllers\Qr))
 4 SYSTEMPATH\CodeIgniter.php(349): CodeIgniter\CodeIgniter->handleRequest(null, Object(Config\Cache), false)
 5 FCPATH\index.php(67): CodeIgniter\CodeIgniter->run()
CRITICAL - 2024-11-14 18:23:15 --> Undefined array key 9
in APPPATH\Controllers\Qr.php on line 78.
 1 APPPATH\Controllers\Qr.php(78): CodeIgniter\Debug\Exceptions->errorHandler(2, 'Undefined array key 9', 'APPPATH\\Controllers\\Qr.php', 78)
 2 SYSTEMPATH\CodeIgniter.php(896): App\Controllers\Qr->createAll()
 3 SYSTEMPATH\CodeIgniter.php(466): CodeIgniter\CodeIgniter->runController(Object(App\Controllers\Qr))
 4 SYSTEMPATH\CodeIgniter.php(349): CodeIgniter\CodeIgniter->handleRequest(null, Object(Config\Cache), false)
 5 FCPATH\index.php(67): CodeIgniter\CodeIgniter->run()
CRITICAL - 2024-11-14 18:23:15 --> Undefined array key 9
in APPPATH\Controllers\Qr.php on line 78.
 1 APPPATH\Controllers\Qr.php(78): CodeIgniter\Debug\Exceptions->errorHandler(2, 'Undefined array key 9', 'APPPATH\\Controllers\\Qr.php', 78)
 2 SYSTEMPATH\CodeIgniter.php(896): App\Controllers\Qr->createAll()
 3 SYSTEMPATH\CodeIgniter.php(466): CodeIgniter\CodeIgniter->runController(Object(App\Controllers\Qr))
 4 SYSTEMPATH\CodeIgniter.php(349): CodeIgniter\CodeIgniter->handleRequest(null, Object(Config\Cache), false)
 5 FCPATH\index.php(67): CodeIgniter\CodeIgniter->run()
CRITICAL - 2024-11-14 18:23:54 --> Undefined variable $res
in APPPATH\Controllers\Qr.php on line 83.
 1 APPPATH\Controllers\Qr.php(83): CodeIgniter\Debug\Exceptions->errorHandler(2, 'Undefined variable $res', 'APPPATH\\Controllers\\Qr.php', 83)
 2 SYSTEMPATH\CodeIgniter.php(896): App\Controllers\Qr->createAll()
 3 SYSTEMPATH\CodeIgniter.php(466): CodeIgniter\CodeIgniter->runController(Object(App\Controllers\Qr))
 4 SYSTEMPATH\CodeIgniter.php(349): CodeIgniter\CodeIgniter->handleRequest(null, Object(Config\Cache), false)
 5 FCPATH\index.php(67): CodeIgniter\CodeIgniter->run()
CRITICAL - 2024-11-14 18:24:10 --> Undefined variable $res
in APPPATH\Controllers\Qr.php on line 83.
 1 APPPATH\Controllers\Qr.php(83): CodeIgniter\Debug\Exceptions->errorHandler(2, 'Undefined variable $res', 'APPPATH\\Controllers\\Qr.php', 83)
 2 SYSTEMPATH\CodeIgniter.php(896): App\Controllers\Qr->createAll()
 3 SYSTEMPATH\CodeIgniter.php(466): CodeIgniter\CodeIgniter->runController(Object(App\Controllers\Qr))
 4 SYSTEMPATH\CodeIgniter.php(349): CodeIgniter\CodeIgniter->handleRequest(null, Object(Config\Cache), false)
 5 FCPATH\index.php(67): CodeIgniter\CodeIgniter->run()
