CRITICAL - 2022-07-21 22:54:14 --> Call to undefined function CodeIgniter\locale_set_default()
in SYSTEMPATH\CodeIgniter.php on line 193.
 1 FCPATH\index.php(43): CodeIgniter\CodeIgniter->initialize()
CRITICAL - 2022-07-21 17:37:34 --> Undefined property: App\Controllers\ExcelLector::$load
in APPPATH\Controllers\ExcelLector.php on line 18.
 1 APPPATH\Controllers\ExcelLector.php(18): CodeIgniter\Debug\Exceptions->errorHandler(2, 'Undefined property: App\\Controllers\\ExcelLector::$load', 'APPPATH\\Controllers\\ExcelLector.php', 18)
 2 SYSTEMPATH\CodeIgniter.php(896): App\Controllers\ExcelLector->recibe()
 3 SYSTEMPATH\CodeIgniter.php(466): CodeIgniter\CodeIgniter->runController(Object(App\Controllers\ExcelLector))
 4 SYSTEMPATH\CodeIgniter.php(349): CodeIgniter\CodeIgniter->handleRequest(null, Object(Config\Cache), false)
 5 FCPATH\index.php(55): CodeIgniter\CodeIgniter->run()
CRITICAL - 2022-07-21 17:42:46 --> Undefined property: App\Controllers\ExcelLector::$load
in APPPATH\Controllers\ExcelLector.php on line 18.
 1 APPPATH\Controllers\ExcelLector.php(18): CodeIgniter\Debug\Exceptions->errorHandler(2, 'Undefined property: App\\Controllers\\ExcelLector::$load', 'APPPATH\\Controllers\\ExcelLector.php', 18)
 2 SYSTEMPATH\CodeIgniter.php(896): App\Controllers\ExcelLector->recibe()
 3 SYSTEMPATH\CodeIgniter.php(466): CodeIgniter\CodeIgniter->runController(Object(App\Controllers\ExcelLector))
 4 SYSTEMPATH\CodeIgniter.php(349): CodeIgniter\CodeIgniter->handleRequest(null, Object(Config\Cache), false)
 5 FCPATH\index.php(55): CodeIgniter\CodeIgniter->run()
CRITICAL - 2022-07-21 17:42:56 --> Undefined array key "file"
in APPPATH\Controllers\ExcelLector.php on line 14.
 1 APPPATH\Controllers\ExcelLector.php(14): CodeIgniter\Debug\Exceptions->errorHandler(2, 'Undefined array key "file"', 'APPPATH\\Controllers\\ExcelLector.php', 14)
 2 SYSTEMPATH\CodeIgniter.php(896): App\Controllers\ExcelLector->recibe()
 3 SYSTEMPATH\CodeIgniter.php(466): CodeIgniter\CodeIgniter->runController(Object(App\Controllers\ExcelLector))
 4 SYSTEMPATH\CodeIgniter.php(349): CodeIgniter\CodeIgniter->handleRequest(null, Object(Config\Cache), false)
 5 FCPATH\index.php(55): CodeIgniter\CodeIgniter->run()
CRITICAL - 2022-07-21 17:43:36 --> Undefined array key "file"
in APPPATH\Controllers\ExcelLector.php on line 14.
 1 APPPATH\Controllers\ExcelLector.php(14): CodeIgniter\Debug\Exceptions->errorHandler(2, 'Undefined array key "file"', 'APPPATH\\Controllers\\ExcelLector.php', 14)
 2 SYSTEMPATH\CodeIgniter.php(896): App\Controllers\ExcelLector->recibe()
 3 SYSTEMPATH\CodeIgniter.php(466): CodeIgniter\CodeIgniter->runController(Object(App\Controllers\ExcelLector))
 4 SYSTEMPATH\CodeIgniter.php(349): CodeIgniter\CodeIgniter->handleRequest(null, Object(Config\Cache), false)
 5 FCPATH\index.php(55): CodeIgniter\CodeIgniter->run()
CRITICAL - 2022-07-21 17:43:44 --> Undefined array key "file"
in APPPATH\Controllers\ExcelLector.php on line 14.
 1 APPPATH\Controllers\ExcelLector.php(14): CodeIgniter\Debug\Exceptions->errorHandler(2, 'Undefined array key "file"', 'APPPATH\\Controllers\\ExcelLector.php', 14)
 2 SYSTEMPATH\CodeIgniter.php(896): App\Controllers\ExcelLector->recibe()
 3 SYSTEMPATH\CodeIgniter.php(466): CodeIgniter\CodeIgniter->runController(Object(App\Controllers\ExcelLector))
 4 SYSTEMPATH\CodeIgniter.php(349): CodeIgniter\CodeIgniter->handleRequest(null, Object(Config\Cache), false)
 5 FCPATH\index.php(55): CodeIgniter\CodeIgniter->run()
CRITICAL - 2022-07-21 17:59:48 --> syntax error, unexpected token "}"
in APPPATH\Controllers\ExcelLector.php on line 29.
 1 SYSTEMPATH\Autoloader\Autoloader.php(261): CodeIgniter\Autoloader\Autoloader->includeFile('APPPATH\\Controllers\\ExcelLector.php')
 2 SYSTEMPATH\Autoloader\Autoloader.php(239): CodeIgniter\Autoloader\Autoloader->loadInNamespace('App\\Controllers\\ExcelLector')
 3 [internal function]: CodeIgniter\Autoloader\Autoloader->loadClass('App\\Controllers\\ExcelLector')
 4 SYSTEMPATH\CodeIgniter.php(846): class_exists('\\App\\Controllers\\ExcelLector', true)
 5 SYSTEMPATH\CodeIgniter.php(453): CodeIgniter\CodeIgniter->startController()
 6 SYSTEMPATH\CodeIgniter.php(349): CodeIgniter\CodeIgniter->handleRequest(null, Object(Config\Cache), false)
 7 FCPATH\index.php(55): CodeIgniter\CodeIgniter->run()
CRITICAL - 2022-07-21 18:00:05 --> syntax error, unexpected token ":", expecting "," or ";"
in APPPATH\Controllers\ExcelLector.php on line 28.
 1 SYSTEMPATH\Autoloader\Autoloader.php(261): CodeIgniter\Autoloader\Autoloader->includeFile('APPPATH\\Controllers\\ExcelLector.php')
 2 SYSTEMPATH\Autoloader\Autoloader.php(239): CodeIgniter\Autoloader\Autoloader->loadInNamespace('App\\Controllers\\ExcelLector')
 3 [internal function]: CodeIgniter\Autoloader\Autoloader->loadClass('App\\Controllers\\ExcelLector')
 4 SYSTEMPATH\CodeIgniter.php(846): class_exists('\\App\\Controllers\\ExcelLector', true)
 5 SYSTEMPATH\CodeIgniter.php(453): CodeIgniter\CodeIgniter->startController()
 6 SYSTEMPATH\CodeIgniter.php(349): CodeIgniter\CodeIgniter->handleRequest(null, Object(Config\Cache), false)
 7 FCPATH\index.php(55): CodeIgniter\CodeIgniter->run()
CRITICAL - 2022-07-21 21:48:13 --> move_uploaded_file(./codeg 4 vs 3.xlsx): Failed to open stream: Resource temporarily unavailable
in APPPATH\Controllers\ExcelLector.php on line 14.
 1 [internal function]: CodeIgniter\Debug\Exceptions->errorHandler(2, 'move_uploaded_file(./codeg 4 vs 3.xlsx): Failed to open stream: Resource temporarily unavailable', 'APPPATH\\Controllers\\ExcelLector.php', 14)
 2 APPPATH\Controllers\ExcelLector.php(14): move_uploaded_file('C:\\xampp\\tmp\\php1A1E.tmp', 'FCPATH\\codeg 4 vs 3.xlsx')
 3 SYSTEMPATH\CodeIgniter.php(896): App\Controllers\ExcelLector->recibe()
 4 SYSTEMPATH\CodeIgniter.php(466): CodeIgniter\CodeIgniter->runController(Object(App\Controllers\ExcelLector))
 5 SYSTEMPATH\CodeIgniter.php(349): CodeIgniter\CodeIgniter->handleRequest(null, Object(Config\Cache), false)
 6 FCPATH\index.php(55): CodeIgniter\CodeIgniter->run()
