CRITICAL - 2024-11-13 12:45:16 --> Undefined array key "id_usuario"
in APPPATH\Controllers\Qr.php on line 33.
 1 APPPATH\Controllers\Qr.php(33): CodeIgniter\Debug\Exceptions->errorHandler(2, 'Undefined array key "id_usuario"', 'APPPATH\\Controllers\\Qr.php', 33)
 2 SYSTEMPATH\CodeIgniter.php(896): App\Controllers\Qr->descarga()
 3 SYSTEMPATH\CodeIgniter.php(466): CodeIgniter\CodeIgniter->runController(Object(App\Controllers\Qr))
 4 SYSTEMPATH\CodeIgniter.php(349): CodeIgniter\CodeIgniter->handleRequest(null, Object(Config\Cache), false)
 5 FCPATH\index.php(67): CodeIgniter\CodeIgniter->run()
CRITICAL - 2024-11-13 12:45:29 --> Undefined variable $imageName
in APPPATH\Controllers\Qr.php on line 41.
 1 APPPATH\Controllers\Qr.php(41): CodeIgniter\Debug\Exceptions->errorHandler(2, 'Undefined variable $imageName', 'APPPATH\\Controllers\\Qr.php', 41)
 2 SYSTEMPATH\CodeIgniter.php(896): App\Controllers\Qr->descarga()
 3 SYSTEMPATH\CodeIgniter.php(466): CodeIgniter\CodeIgniter->runController(Object(App\Controllers\Qr))
 4 SYSTEMPATH\CodeIgniter.php(349): CodeIgniter\CodeIgniter->handleRequest(null, Object(Config\Cache), false)
 5 FCPATH\index.php(67): CodeIgniter\CodeIgniter->run()
CRITICAL - 2024-11-13 12:50:22 --> Cannot use object of type stdClass as array
in APPPATH\Controllers\Qr.php on line 37.
 1 SYSTEMPATH\CodeIgniter.php(896): App\Controllers\Qr->descarga()
 2 SYSTEMPATH\CodeIgniter.php(466): CodeIgniter\CodeIgniter->runController(Object(App\Controllers\Qr))
 3 SYSTEMPATH\CodeIgniter.php(349): CodeIgniter\CodeIgniter->handleRequest(null, Object(Config\Cache), false)
 4 FCPATH\index.php(67): CodeIgniter\CodeIgniter->run()
CRITICAL - 2024-11-13 12:50:44 --> Cannot use object of type stdClass as array
in APPPATH\Controllers\Qr.php on line 43.
 1 SYSTEMPATH\CodeIgniter.php(896): App\Controllers\Qr->descarga()
 2 SYSTEMPATH\CodeIgniter.php(466): CodeIgniter\CodeIgniter->runController(Object(App\Controllers\Qr))
 3 SYSTEMPATH\CodeIgniter.php(349): CodeIgniter\CodeIgniter->handleRequest(null, Object(Config\Cache), false)
 4 FCPATH\index.php(67): CodeIgniter\CodeIgniter->run()
CRITICAL - 2024-11-13 12:51:27 --> Cannot use object of type stdClass as array
in APPPATH\Controllers\Qr.php on line 43.
 1 SYSTEMPATH\CodeIgniter.php(896): App\Controllers\Qr->descarga()
 2 SYSTEMPATH\CodeIgniter.php(466): CodeIgniter\CodeIgniter->runController(Object(App\Controllers\Qr))
 3 SYSTEMPATH\CodeIgniter.php(349): CodeIgniter\CodeIgniter->handleRequest(null, Object(Config\Cache), false)
 4 FCPATH\index.php(67): CodeIgniter\CodeIgniter->run()
CRITICAL - 2024-11-13 12:51:31 --> Cannot use object of type stdClass as array
in APPPATH\Controllers\Qr.php on line 43.
 1 SYSTEMPATH\CodeIgniter.php(896): App\Controllers\Qr->descarga()
 2 SYSTEMPATH\CodeIgniter.php(466): CodeIgniter\CodeIgniter->runController(Object(App\Controllers\Qr))
 3 SYSTEMPATH\CodeIgniter.php(349): CodeIgniter\CodeIgniter->handleRequest(null, Object(Config\Cache), false)
 4 FCPATH\index.php(67): CodeIgniter\CodeIgniter->run()
CRITICAL - 2024-11-13 13:02:25 --> Class "App\Controllers\QROutputInterface" not found
in APPPATH\Controllers\Qr.php on line 121.
 1 SYSTEMPATH\CodeIgniter.php(896): App\Controllers\Qr->create()
 2 SYSTEMPATH\CodeIgniter.php(466): CodeIgniter\CodeIgniter->runController(Object(App\Controllers\Qr))
 3 SYSTEMPATH\CodeIgniter.php(349): CodeIgniter\CodeIgniter->handleRequest(null, Object(Config\Cache), false)
 4 FCPATH\index.php(67): CodeIgniter\CodeIgniter->run()
CRITICAL - 2024-11-13 13:13:16 --> Class "App\Controllers\QROutputInterface" not found
in APPPATH\Controllers\Qr.php on line 121.
 1 SYSTEMPATH\CodeIgniter.php(896): App\Controllers\Qr->create()
 2 SYSTEMPATH\CodeIgniter.php(466): CodeIgniter\CodeIgniter->runController(Object(App\Controllers\Qr))
 3 SYSTEMPATH\CodeIgniter.php(349): CodeIgniter\CodeIgniter->handleRequest(null, Object(Config\Cache), false)
 4 FCPATH\index.php(67): CodeIgniter\CodeIgniter->run()
CRITICAL - 2024-11-13 14:00:07 --> CodeIgniter\Database\BaseBuilder::update(): Argument #1 ($set) must be of type ?array, string given, called in C:\xampp\htdocs\controlaccesos\app\Models\Catqr_model.php on line 57
in SYSTEMPATH\Database\BaseBuilder.php on line 2019.
 1 APPPATH\Models\Catqr_model.php(57): CodeIgniter\Database\BaseBuilder->update('activo', 0)
 2 APPPATH\Controllers\Qr.php(61): App\Models\Catqr_model->desactivar('1')
 3 SYSTEMPATH\CodeIgniter.php(896): App\Controllers\Qr->desactivar()
 4 SYSTEMPATH\CodeIgniter.php(466): CodeIgniter\CodeIgniter->runController(Object(App\Controllers\Qr))
 5 SYSTEMPATH\CodeIgniter.php(349): CodeIgniter\CodeIgniter->handleRequest(null, Object(Config\Cache), false)
 6 FCPATH\index.php(67): CodeIgniter\CodeIgniter->run()
CRITICAL - 2024-11-13 14:02:50 --> Call to undefined method CodeIgniter\Database\MySQLi\Builder::affectedRows()
in APPPATH\Models\Catqr_model.php on line 62.
 1 APPPATH\Controllers\Qr.php(61): App\Models\Catqr_model->desactivar('1')
 2 SYSTEMPATH\CodeIgniter.php(896): App\Controllers\Qr->desactivar()
 3 SYSTEMPATH\CodeIgniter.php(466): CodeIgniter\CodeIgniter->runController(Object(App\Controllers\Qr))
 4 SYSTEMPATH\CodeIgniter.php(349): CodeIgniter\CodeIgniter->handleRequest(null, Object(Config\Cache), false)
 5 FCPATH\index.php(67): CodeIgniter\CodeIgniter->run()
CRITICAL - 2024-11-13 14:04:59 --> Call to undefined method CodeIgniter\Database\MySQLi\Builder::affectedRows()
in APPPATH\Models\Catqr_model.php on line 62.
 1 APPPATH\Controllers\Qr.php(61): App\Models\Catqr_model->desactivar('1')
 2 SYSTEMPATH\CodeIgniter.php(896): App\Controllers\Qr->desactivar()
 3 SYSTEMPATH\CodeIgniter.php(466): CodeIgniter\CodeIgniter->runController(Object(App\Controllers\Qr))
 4 SYSTEMPATH\CodeIgniter.php(349): CodeIgniter\CodeIgniter->handleRequest(null, Object(Config\Cache), false)
 5 FCPATH\index.php(67): CodeIgniter\CodeIgniter->run()
CRITICAL - 2024-11-13 14:18:10 --> Call to undefined method CodeIgniter\Database\MySQLi\Builder::affectedRows()
in APPPATH\Models\Catqr_model.php on line 62.
 1 APPPATH\Controllers\Qr.php(61): App\Models\Catqr_model->desactivar('1')
 2 SYSTEMPATH\CodeIgniter.php(896): App\Controllers\Qr->desactivar()
 3 SYSTEMPATH\CodeIgniter.php(466): CodeIgniter\CodeIgniter->runController(Object(App\Controllers\Qr))
 4 SYSTEMPATH\CodeIgniter.php(349): CodeIgniter\CodeIgniter->handleRequest(null, Object(Config\Cache), false)
 5 FCPATH\index.php(67): CodeIgniter\CodeIgniter->run()
