CRITICAL - 2024-11-15 17:02:14 --> count(): Argument #1 ($value) must be of type Countable|array, bool given
in APPPATH\Controllers\Qr.php on line 71.
 1 APPPATH\Controllers\Qr.php(71): count(true)
 2 SYSTEMPATH\CodeIgniter.php(896): App\Controllers\Qr->scanner()
 3 SYSTEMPATH\CodeIgniter.php(466): CodeIgniter\CodeIgniter->runController(Object(App\Controllers\Qr))
 4 SYSTEMPATH\CodeIgniter.php(349): CodeIgniter\CodeIgniter->handleRequest(null, Object(Config\Cache), false)
 5 FCPATH\index.php(67): CodeIgniter\CodeIgniter->run()
CRITICAL - 2024-11-15 17:02:31 --> count(): Argument #1 ($value) must be of type Countable|array, bool given
in APPPATH\Controllers\Qr.php on line 71.
 1 APPPATH\Controllers\Qr.php(71): count(true)
 2 SYSTEMPATH\CodeIgniter.php(896): App\Controllers\Qr->scanner()
 3 SYSTEMPATH\CodeIgniter.php(466): CodeIgniter\CodeIgniter->runController(Object(App\Controllers\Qr))
 4 SYSTEMPATH\CodeIgniter.php(349): CodeIgniter\CodeIgniter->handleRequest(null, Object(Config\Cache), false)
 5 FCPATH\index.php(67): CodeIgniter\CodeIgniter->run()
CRITICAL - 2024-11-15 17:02:55 --> count(): Argument #1 ($value) must be of type Countable|array, string given
in APPPATH\Controllers\Qr.php on line 71.
 1 APPPATH\Controllers\Qr.php(71): count('ohj1pcezDnxh71IJCxZmITRJdmhtZkRDeUNWck4vUFMrTzNReUE9PQ==')
 2 SYSTEMPATH\CodeIgniter.php(896): App\Controllers\Qr->scanner()
 3 SYSTEMPATH\CodeIgniter.php(466): CodeIgniter\CodeIgniter->runController(Object(App\Controllers\Qr))
 4 SYSTEMPATH\CodeIgniter.php(349): CodeIgniter\CodeIgniter->handleRequest(null, Object(Config\Cache), false)
 5 FCPATH\index.php(67): CodeIgniter\CodeIgniter->run()
CRITICAL - 2024-11-15 17:03:48 --> count(): Argument #1 ($value) must be of type Countable|array, string given
in APPPATH\Controllers\Qr.php on line 74.
 1 APPPATH\Controllers\Qr.php(74): count('ohj1pcezDnxh71IJCxZmITRJdmhtZkRDeUNWck4vUFMrTzNReUE9PQ==')
 2 SYSTEMPATH\CodeIgniter.php(896): App\Controllers\Qr->scanner()
 3 SYSTEMPATH\CodeIgniter.php(466): CodeIgniter\CodeIgniter->runController(Object(App\Controllers\Qr))
 4 SYSTEMPATH\CodeIgniter.php(349): CodeIgniter\CodeIgniter->handleRequest(null, Object(Config\Cache), false)
 5 FCPATH\index.php(67): CodeIgniter\CodeIgniter->run()
CRITICAL - 2024-11-15 17:04:06 --> count(): Argument #1 ($value) must be of type Countable|array, string given
in APPPATH\Controllers\Qr.php on line 74.
 1 APPPATH\Controllers\Qr.php(74): count('ohj1pcezDnxh71IJCxZmITRJdmhtZkRDeUNWck4vUFMrTzNReUE9PQ==')
 2 SYSTEMPATH\CodeIgniter.php(896): App\Controllers\Qr->scanner()
 3 SYSTEMPATH\CodeIgniter.php(466): CodeIgniter\CodeIgniter->runController(Object(App\Controllers\Qr))
 4 SYSTEMPATH\CodeIgniter.php(349): CodeIgniter\CodeIgniter->handleRequest(null, Object(Config\Cache), false)
 5 FCPATH\index.php(67): CodeIgniter\CodeIgniter->run()
ERROR - 2024-11-15 17:40:52 --> Operand should contain 1 column(s)
CRITICAL - 2024-11-15 17:40:52 --> Operand should contain 1 column(s)
in SYSTEMPATH\Database\MySQLi\Connection.php on line 292.
 1 SYSTEMPATH\Database\MySQLi\Connection.php(292): mysqli->query('SELECT `id_qr`, `code`, `id_usuario`, `img`, `activo`, `date_entry`, `date_exit`, `hour_entry`, `hour_exit`, `created_at`
FROM `cat_qr`
WHERE `id_usuario` = (\'28\',1)
AND `activo` = \'1\'', 0)
 2 SYSTEMPATH\Database\BaseConnection.php(695): CodeIgniter\Database\MySQLi\Connection->execute('SELECT `id_qr`, `code`, `id_usuario`, `img`, `activo`, `date_entry`, `date_exit`, `hour_entry`, `hour_exit`, `created_at`
FROM `cat_qr`
WHERE `id_usuario` = (\'28\',1)
AND `activo` = \'1\'')
 3 SYSTEMPATH\Database\BaseConnection.php(609): CodeIgniter\Database\BaseConnection->simpleQuery('SELECT `id_qr`, `code`, `id_usuario`, `img`, `activo`, `date_entry`, `date_exit`, `hour_entry`, `hour_exit`, `created_at`
FROM `cat_qr`
WHERE `id_usuario` = (\'28\',1)
AND `activo` = \'1\'')
 4 SYSTEMPATH\Database\BaseBuilder.php(1585): CodeIgniter\Database\BaseConnection->query('SELECT `id_qr`, `code`, `id_usuario`, `img`, `activo`, `date_entry`, `date_exit`, `hour_entry`, `hour_exit`, `created_at`
FROM `cat_qr`
WHERE `id_usuario` = :id_usuario:
AND `activo` = :activo:', [...], false)
 5 APPPATH\Models\Catqr_model.php(49): CodeIgniter\Database\BaseBuilder->get()
 6 APPPATH\Controllers\Qr.php(61): App\Models\Catqr_model->get_active([...])
 7 APPPATH\Controllers\Qr.php(39): App\Controllers\Qr->verify_exist()
 8 SYSTEMPATH\CodeIgniter.php(896): App\Controllers\Qr->recupera()
 9 SYSTEMPATH\CodeIgniter.php(466): CodeIgniter\CodeIgniter->runController(Object(App\Controllers\Qr))
10 SYSTEMPATH\CodeIgniter.php(349): CodeIgniter\CodeIgniter->handleRequest(null, Object(Config\Cache), false)
11 FCPATH\index.php(67): CodeIgniter\CodeIgniter->run()
ERROR - 2024-11-15 17:41:00 --> Operand should contain 1 column(s)
CRITICAL - 2024-11-15 17:41:00 --> Operand should contain 1 column(s)
in SYSTEMPATH\Database\MySQLi\Connection.php on line 292.
 1 SYSTEMPATH\Database\MySQLi\Connection.php(292): mysqli->query('SELECT `id_qr`, `code`, `id_usuario`, `img`, `activo`, `date_entry`, `date_exit`, `hour_entry`, `hour_exit`, `created_at`
FROM `cat_qr`
WHERE `id_usuario` = (\'28\',1)
AND `activo` = \'1\'', 0)
 2 SYSTEMPATH\Database\BaseConnection.php(695): CodeIgniter\Database\MySQLi\Connection->execute('SELECT `id_qr`, `code`, `id_usuario`, `img`, `activo`, `date_entry`, `date_exit`, `hour_entry`, `hour_exit`, `created_at`
FROM `cat_qr`
WHERE `id_usuario` = (\'28\',1)
AND `activo` = \'1\'')
 3 SYSTEMPATH\Database\BaseConnection.php(609): CodeIgniter\Database\BaseConnection->simpleQuery('SELECT `id_qr`, `code`, `id_usuario`, `img`, `activo`, `date_entry`, `date_exit`, `hour_entry`, `hour_exit`, `created_at`
FROM `cat_qr`
WHERE `id_usuario` = (\'28\',1)
AND `activo` = \'1\'')
 4 SYSTEMPATH\Database\BaseBuilder.php(1585): CodeIgniter\Database\BaseConnection->query('SELECT `id_qr`, `code`, `id_usuario`, `img`, `activo`, `date_entry`, `date_exit`, `hour_entry`, `hour_exit`, `created_at`
FROM `cat_qr`
WHERE `id_usuario` = :id_usuario:
AND `activo` = :activo:', [...], false)
 5 APPPATH\Models\Catqr_model.php(49): CodeIgniter\Database\BaseBuilder->get()
 6 APPPATH\Controllers\Qr.php(61): App\Models\Catqr_model->get_active([...])
 7 APPPATH\Controllers\Qr.php(39): App\Controllers\Qr->verify_exist()
 8 SYSTEMPATH\CodeIgniter.php(896): App\Controllers\Qr->recupera()
 9 SYSTEMPATH\CodeIgniter.php(466): CodeIgniter\CodeIgniter->runController(Object(App\Controllers\Qr))
10 SYSTEMPATH\CodeIgniter.php(349): CodeIgniter\CodeIgniter->handleRequest(null, Object(Config\Cache), false)
11 FCPATH\index.php(67): CodeIgniter\CodeIgniter->run()
ERROR - 2024-11-15 17:41:02 --> Operand should contain 1 column(s)
CRITICAL - 2024-11-15 17:41:02 --> Operand should contain 1 column(s)
in SYSTEMPATH\Database\MySQLi\Connection.php on line 292.
 1 SYSTEMPATH\Database\MySQLi\Connection.php(292): mysqli->query('SELECT `id_qr`, `code`, `id_usuario`, `img`, `activo`, `date_entry`, `date_exit`, `hour_entry`, `hour_exit`, `created_at`
FROM `cat_qr`
WHERE `id_usuario` = (\'28\',1)
AND `activo` = \'1\'', 0)
 2 SYSTEMPATH\Database\BaseConnection.php(695): CodeIgniter\Database\MySQLi\Connection->execute('SELECT `id_qr`, `code`, `id_usuario`, `img`, `activo`, `date_entry`, `date_exit`, `hour_entry`, `hour_exit`, `created_at`
FROM `cat_qr`
WHERE `id_usuario` = (\'28\',1)
AND `activo` = \'1\'')
 3 SYSTEMPATH\Database\BaseConnection.php(609): CodeIgniter\Database\BaseConnection->simpleQuery('SELECT `id_qr`, `code`, `id_usuario`, `img`, `activo`, `date_entry`, `date_exit`, `hour_entry`, `hour_exit`, `created_at`
FROM `cat_qr`
WHERE `id_usuario` = (\'28\',1)
AND `activo` = \'1\'')
 4 SYSTEMPATH\Database\BaseBuilder.php(1585): CodeIgniter\Database\BaseConnection->query('SELECT `id_qr`, `code`, `id_usuario`, `img`, `activo`, `date_entry`, `date_exit`, `hour_entry`, `hour_exit`, `created_at`
FROM `cat_qr`
WHERE `id_usuario` = :id_usuario:
AND `activo` = :activo:', [...], false)
 5 APPPATH\Models\Catqr_model.php(49): CodeIgniter\Database\BaseBuilder->get()
 6 APPPATH\Controllers\Qr.php(61): App\Models\Catqr_model->get_active([...])
 7 APPPATH\Controllers\Qr.php(140): App\Controllers\Qr->verify_exist('28')
 8 APPPATH\Controllers\Qr.php(203): App\Controllers\Qr->processCreate('28')
 9 SYSTEMPATH\CodeIgniter.php(896): App\Controllers\Qr->create()
10 SYSTEMPATH\CodeIgniter.php(466): CodeIgniter\CodeIgniter->runController(Object(App\Controllers\Qr))
11 SYSTEMPATH\CodeIgniter.php(349): CodeIgniter\CodeIgniter->handleRequest(null, Object(Config\Cache), false)
12 FCPATH\index.php(67): CodeIgniter\CodeIgniter->run()
ERROR - 2024-11-15 17:41:15 --> Operand should contain 1 column(s)
CRITICAL - 2024-11-15 17:41:15 --> Operand should contain 1 column(s)
in SYSTEMPATH\Database\MySQLi\Connection.php on line 292.
 1 SYSTEMPATH\Database\MySQLi\Connection.php(292): mysqli->query('SELECT `id_qr`, `code`, `id_usuario`, `img`, `activo`, `date_entry`, `date_exit`, `hour_entry`, `hour_exit`, `created_at`
FROM `cat_qr`
WHERE `id_usuario` = (\'28\',1)
AND `activo` = \'1\'', 0)
 2 SYSTEMPATH\Database\BaseConnection.php(695): CodeIgniter\Database\MySQLi\Connection->execute('SELECT `id_qr`, `code`, `id_usuario`, `img`, `activo`, `date_entry`, `date_exit`, `hour_entry`, `hour_exit`, `created_at`
FROM `cat_qr`
WHERE `id_usuario` = (\'28\',1)
AND `activo` = \'1\'')
 3 SYSTEMPATH\Database\BaseConnection.php(609): CodeIgniter\Database\BaseConnection->simpleQuery('SELECT `id_qr`, `code`, `id_usuario`, `img`, `activo`, `date_entry`, `date_exit`, `hour_entry`, `hour_exit`, `created_at`
FROM `cat_qr`
WHERE `id_usuario` = (\'28\',1)
AND `activo` = \'1\'')
 4 SYSTEMPATH\Database\BaseBuilder.php(1585): CodeIgniter\Database\BaseConnection->query('SELECT `id_qr`, `code`, `id_usuario`, `img`, `activo`, `date_entry`, `date_exit`, `hour_entry`, `hour_exit`, `created_at`
FROM `cat_qr`
WHERE `id_usuario` = :id_usuario:
AND `activo` = :activo:', [...], false)
 5 APPPATH\Models\Catqr_model.php(49): CodeIgniter\Database\BaseBuilder->get()
 6 APPPATH\Controllers\Qr.php(61): App\Models\Catqr_model->get_active([...])
 7 APPPATH\Controllers\Qr.php(39): App\Controllers\Qr->verify_exist()
 8 SYSTEMPATH\CodeIgniter.php(896): App\Controllers\Qr->recupera()
 9 SYSTEMPATH\CodeIgniter.php(466): CodeIgniter\CodeIgniter->runController(Object(App\Controllers\Qr))
10 SYSTEMPATH\CodeIgniter.php(349): CodeIgniter\CodeIgniter->handleRequest(null, Object(Config\Cache), false)
11 FCPATH\index.php(67): CodeIgniter\CodeIgniter->run()
CRITICAL - 2024-11-15 17:42:08 --> syntax error, unexpected token ")"
in APPPATH\Controllers\Qr.php on line 87.
 1 SYSTEMPATH\Autoloader\Autoloader.php(261): CodeIgniter\Autoloader\Autoloader->includeFile('APPPATH\\Controllers\\Qr.php')
 2 SYSTEMPATH\Autoloader\Autoloader.php(239): CodeIgniter\Autoloader\Autoloader->loadInNamespace('App\\Controllers\\Qr')
 3 [internal function]: CodeIgniter\Autoloader\Autoloader->loadClass('App\\Controllers\\Qr')
 4 SYSTEMPATH\CodeIgniter.php(846): class_exists('\\App\\Controllers\\Qr', true)
 5 SYSTEMPATH\CodeIgniter.php(453): CodeIgniter\CodeIgniter->startController()
 6 SYSTEMPATH\CodeIgniter.php(349): CodeIgniter\CodeIgniter->handleRequest(null, Object(Config\Cache), false)
 7 FCPATH\index.php(67): CodeIgniter\CodeIgniter->run()
