CRITICAL - 2024-11-16 13:22:52 --> Class "App\Controllers\UserModeli" not found
in APPPATH\Controllers\Prueba.php on line 13.
 1 SYSTEMPATH\CodeIgniter.php(858): App\Controllers\Prueba->__construct()
 2 SYSTEMPATH\CodeIgniter.php(457): CodeIgniter\CodeIgniter->createController()
 3 SYSTEMPATH\CodeIgniter.php(349): CodeIgniter\CodeIgniter->handleRequest(null, Object(Config\Cache), false)
 4 FCPATH\index.php(67): CodeIgniter\CodeIgniter->run()
CRITICAL - 2024-11-16 13:24:18 --> Undefined variable $tipo
in APPPATH\Controllers\Prueba.php on line 18.
 1 APPPATH\Controllers\Prueba.php(18): CodeIgniter\Debug\Exceptions->errorHandler(2, 'Undefined variable $tipo', 'APPPATH\\Controllers\\Prueba.php', 18)
 2 SYSTEMPATH\CodeIgniter.php(896): App\Controllers\Prueba->index()
 3 SYSTEMPATH\CodeIgniter.php(466): CodeIgniter\CodeIgniter->runController(Object(App\Controllers\Prueba))
 4 SYSTEMPATH\CodeIgniter.php(349): CodeIgniter\CodeIgniter->handleRequest(null, Object(Config\Cache), false)
 5 FCPATH\index.php(67): CodeIgniter\CodeIgniter->run()
ERROR - 2024-11-16 13:24:24 --> Error connecting to the database: Access denied for user '****'@'localhost' (using password: NO)
CRITICAL - 2024-11-16 13:24:24 --> Unable to connect to the database.
Main connection [MySQLi]: Access denied for user '****'@'localhost' (using password: NO)
in SYSTEMPATH\Database\BaseConnection.php on line 416.
 1 SYSTEMPATH\Database\BaseConnection.php(586): CodeIgniter\Database\BaseConnection->initialize()
 2 SYSTEMPATH\Database\BaseBuilder.php(1585): CodeIgniter\Database\BaseConnection->query('SELECT *
FROM `usuarios`
WHERE `tipo_usuario` = :tipo_usuario:', [...], false)
 3 SYSTEMPATH\Model.php(771): CodeIgniter\Database\BaseBuilder->get()
 4 APPPATH\Models\UserModel.php(44): CodeIgniter\Model->__call('get', [])
 5 APPPATH\Controllers\Prueba.php(18): App\Models\UserModel->read(3)
 6 SYSTEMPATH\CodeIgniter.php(896): App\Controllers\Prueba->index()
 7 SYSTEMPATH\CodeIgniter.php(466): CodeIgniter\CodeIgniter->runController(Object(App\Controllers\Prueba))
 8 SYSTEMPATH\CodeIgniter.php(349): CodeIgniter\CodeIgniter->handleRequest(null, Object(Config\Cache), false)
 9 FCPATH\index.php(67): CodeIgniter\CodeIgniter->run()
ERROR - 2024-11-16 13:28:10 --> Error connecting to the database: Access denied for user '****'@'localhost' (using password: NO)
CRITICAL - 2024-11-16 13:28:10 --> Unable to connect to the database.
Main connection [MySQLi]: Access denied for user '****'@'localhost' (using password: NO)
in SYSTEMPATH\Database\BaseConnection.php on line 416.
 1 SYSTEMPATH\Database\BaseConnection.php(586): CodeIgniter\Database\BaseConnection->initialize()
 2 SYSTEMPATH\Database\BaseBuilder.php(1585): CodeIgniter\Database\BaseConnection->query('SELECT *
FROM `usuarios`
WHERE `tipo_usuario` = :tipo_usuario:', [...], false)
 3 SYSTEMPATH\Model.php(771): CodeIgniter\Database\BaseBuilder->get()
 4 APPPATH\Models\UserModel.php(44): CodeIgniter\Model->__call('get', [])
 5 APPPATH\Controllers\Prueba.php(18): App\Models\UserModel->read(3)
 6 SYSTEMPATH\CodeIgniter.php(896): App\Controllers\Prueba->index()
 7 SYSTEMPATH\CodeIgniter.php(466): CodeIgniter\CodeIgniter->runController(Object(App\Controllers\Prueba))
 8 SYSTEMPATH\CodeIgniter.php(349): CodeIgniter\CodeIgniter->handleRequest(null, Object(Config\Cache), false)
 9 FCPATH\index.php(67): CodeIgniter\CodeIgniter->run()
