CRITICAL - 2024-12-05 14:09:57 --> Call to a member function get() on null
in APPPATH\Controllers\ExcelLector.php on line 22.
 1 SYSTEMPATH\CodeIgniter.php(896): App\Controllers\ExcelLector->index()
 2 SYSTEMPATH\CodeIgniter.php(466): CodeIgniter\CodeIgniter->runController(Object(App\Controllers\ExcelLector))
 3 SYSTEMPATH\CodeIgniter.php(349): CodeIgniter\CodeIgniter->handleRequest(null, Object(Config\Cache), false)
 4 FCPATH\index.php(67): CodeIgniter\CodeIgniter->run()
CRITICAL - 2024-12-05 14:10:14 --> Undefined array key "nameList"
in APPPATH\Controllers\ExcelLector.php on line 181.
 1 APPPATH\Controllers\ExcelLector.php(181): CodeIgniter\Debug\Exceptions->errorHandler(2, 'Undefined array key "nameList"', 'APPPATH\\Controllers\\ExcelLector.php', 181)
 2 SYSTEMPATH\CodeIgniter.php(896): App\Controllers\ExcelLector->recibe()
 3 SYSTEMPATH\CodeIgniter.php(466): CodeIgniter\CodeIgniter->runController(Object(App\Controllers\ExcelLector))
 4 SYSTEMPATH\CodeIgniter.php(349): CodeIgniter\CodeIgniter->handleRequest(null, Object(Config\Cache), false)
 5 FCPATH\index.php(67): CodeIgniter\CodeIgniter->run()
CRITICAL - 2024-12-05 14:12:19 --> Undefined array key "nameList"
in APPPATH\Controllers\ExcelLector.php on line 181.
 1 APPPATH\Controllers\ExcelLector.php(181): CodeIgniter\Debug\Exceptions->errorHandler(2, 'Undefined array key "nameList"', 'APPPATH\\Controllers\\ExcelLector.php', 181)
 2 SYSTEMPATH\CodeIgniter.php(896): App\Controllers\ExcelLector->recibe()
 3 SYSTEMPATH\CodeIgniter.php(466): CodeIgniter\CodeIgniter->runController(Object(App\Controllers\ExcelLector))
 4 SYSTEMPATH\CodeIgniter.php(349): CodeIgniter\CodeIgniter->handleRequest(null, Object(Config\Cache), false)
 5 FCPATH\index.php(67): CodeIgniter\CodeIgniter->run()
CRITICAL - 2024-12-05 14:12:20 --> Call to a member function get() on null
in APPPATH\Controllers\ExcelLector.php on line 22.
 1 SYSTEMPATH\CodeIgniter.php(896): App\Controllers\ExcelLector->index()
 2 SYSTEMPATH\CodeIgniter.php(466): CodeIgniter\CodeIgniter->runController(Object(App\Controllers\ExcelLector))
 3 SYSTEMPATH\CodeIgniter.php(349): CodeIgniter\CodeIgniter->handleRequest(null, Object(Config\Cache), false)
 4 FCPATH\index.php(67): CodeIgniter\CodeIgniter->run()
