CRITICAL - 2024-11-18 23:00:20 --> syntax error, unexpected token "public", expecting end of file
in APPPATH\Controllers\Qr.php on line 148.
 1 SYSTEMPATH\Autoloader\Autoloader.php(261): CodeIgniter\Autoloader\Autoloader->includeFile('APPPATH\\Controllers\\Qr.php')
 2 SYSTEMPATH\Autoloader\Autoloader.php(239): CodeIgniter\Autoloader\Autoloader->loadInNamespace('App\\Controllers\\Qr')
 3 [internal function]: CodeIgniter\Autoloader\Autoloader->loadClass('App\\Controllers\\Qr')
 4 SYSTEMPATH\CodeIgniter.php(846): class_exists('\\App\\Controllers\\Qr', true)
 5 SYSTEMPATH\CodeIgniter.php(453): CodeIgniter\CodeIgniter->startController()
 6 SYSTEMPATH\CodeIgniter.php(349): CodeIgniter\CodeIgniter->handleRequest(null, Object(Config\Cache), false)
 7 FCPATH\index.php(67): CodeIgniter\CodeIgniter->run()
CRITICAL - 2024-11-18 23:01:07 --> Call to undefined method CodeIgniter\Database\MySQLi\Builder::order()
in APPPATH\Models\Catqr_model.php on line 68.
 1 APPPATH\Controllers\Qr.php(82): App\Models\Catqr_model->get_code('MwmWTUOXHOjttZVvuL0FDVNDZ1FQRzhrYTV0ZzRLOVhUaThvS1E9PQ==')
 2 SYSTEMPATH\CodeIgniter.php(896): App\Controllers\Qr->scanner()
 3 SYSTEMPATH\CodeIgniter.php(466): CodeIgniter\CodeIgniter->runController(Object(App\Controllers\Qr))
 4 SYSTEMPATH\CodeIgniter.php(349): CodeIgniter\CodeIgniter->handleRequest(null, Object(Config\Cache), false)
 5 FCPATH\index.php(67): CodeIgniter\CodeIgniter->run()
CRITICAL - 2024-11-18 23:01:47 --> Call to undefined method CodeIgniter\Database\MySQLi\Builder::order()
in APPPATH\Models\Catqr_model.php on line 68.
 1 APPPATH\Controllers\Qr.php(82): App\Models\Catqr_model->get_code('MwmWTUOXHOjttZVvuL0FDVNDZ1FQRzhrYTV0ZzRLOVhUaThvS1E9PQ==')
 2 SYSTEMPATH\CodeIgniter.php(896): App\Controllers\Qr->scanner()
 3 SYSTEMPATH\CodeIgniter.php(466): CodeIgniter\CodeIgniter->runController(Object(App\Controllers\Qr))
 4 SYSTEMPATH\CodeIgniter.php(349): CodeIgniter\CodeIgniter->handleRequest(null, Object(Config\Cache), false)
 5 FCPATH\index.php(67): CodeIgniter\CodeIgniter->run()
ERROR - 2024-11-18 23:03:55 --> Column 'id_qr' in field list is ambiguous
CRITICAL - 2024-11-18 23:03:55 --> Column 'id_qr' in field list is ambiguous
in SYSTEMPATH\Database\MySQLi\Connection.php on line 292.
 1 SYSTEMPATH\Database\MySQLi\Connection.php(292): mysqli->query('SELECT `id_qr`, `id_usuario`, `activo`, `date_entry`, `date_exit`, `hour_entry`, `hour_exit`, `idlog_scanner`, `id_qr`, `date_scanner`, `type`
FROM `cat_qr` `qr`
LEFT JOIN `logs_scanner` `log` ON `log`.`id_qr`=`qr`.`id_qr`
WHERE `code` = \'MwmWTUOXHOjttZVvuL0FDVNDZ1FQRzhrYTV0ZzRLOVhUaThvS1E9PQ==\'
AND `activo` = \'1\'
ORDER BY `log`.`idlog_scanner` DESC
 LIMIT 1', 0)
 2 SYSTEMPATH\Database\BaseConnection.php(695): CodeIgniter\Database\MySQLi\Connection->execute('SELECT `id_qr`, `id_usuario`, `activo`, `date_entry`, `date_exit`, `hour_entry`, `hour_exit`, `idlog_scanner`, `id_qr`, `date_scanner`, `type`
FROM `cat_qr` `qr`
LEFT JOIN `logs_scanner` `log` ON `log`.`id_qr`=`qr`.`id_qr`
WHERE `code` = \'MwmWTUOXHOjttZVvuL0FDVNDZ1FQRzhrYTV0ZzRLOVhUaThvS1E9PQ==\'
AND `activo` = \'1\'
ORDER BY `log`.`idlog_scanner` DESC
 LIMIT 1')
 3 SYSTEMPATH\Database\BaseConnection.php(609): CodeIgniter\Database\BaseConnection->simpleQuery('SELECT `id_qr`, `id_usuario`, `activo`, `date_entry`, `date_exit`, `hour_entry`, `hour_exit`, `idlog_scanner`, `id_qr`, `date_scanner`, `type`
FROM `cat_qr` `qr`
LEFT JOIN `logs_scanner` `log` ON `log`.`id_qr`=`qr`.`id_qr`
WHERE `code` = \'MwmWTUOXHOjttZVvuL0FDVNDZ1FQRzhrYTV0ZzRLOVhUaThvS1E9PQ==\'
AND `activo` = \'1\'
ORDER BY `log`.`idlog_scanner` DESC
 LIMIT 1')
 4 SYSTEMPATH\Database\BaseBuilder.php(1585): CodeIgniter\Database\BaseConnection->query('SELECT `id_qr`, `id_usuario`, `activo`, `date_entry`, `date_exit`, `hour_entry`, `hour_exit`, `idlog_scanner`, `id_qr`, `date_scanner`, `type`
FROM `cat_qr` `qr`
LEFT JOIN `logs_scanner` `log` ON `log`.`id_qr`=`qr`.`id_qr`
WHERE `code` = :code:
AND `activo` = :activo:
ORDER BY `log`.`idlog_scanner` DESC
 LIMIT 1', [...], false)
 5 APPPATH\Models\Catqr_model.php(71): CodeIgniter\Database\BaseBuilder->get()
 6 APPPATH\Controllers\Qr.php(82): App\Models\Catqr_model->get_code('MwmWTUOXHOjttZVvuL0FDVNDZ1FQRzhrYTV0ZzRLOVhUaThvS1E9PQ==')
 7 SYSTEMPATH\CodeIgniter.php(896): App\Controllers\Qr->scanner()
 8 SYSTEMPATH\CodeIgniter.php(466): CodeIgniter\CodeIgniter->runController(Object(App\Controllers\Qr))
 9 SYSTEMPATH\CodeIgniter.php(349): CodeIgniter\CodeIgniter->handleRequest(null, Object(Config\Cache), false)
10 FCPATH\index.php(67): CodeIgniter\CodeIgniter->run()
ERROR - 2024-11-18 23:17:47 --> Column 'id_usuario' in field list is ambiguous
CRITICAL - 2024-11-18 23:17:47 --> Column 'id_usuario' in field list is ambiguous
in SYSTEMPATH\Database\MySQLi\Connection.php on line 292.
 1 SYSTEMPATH\Database\MySQLi\Connection.php(292): mysqli->query('SELECT `qr`.`id_qr`, `id_usuario`, `activo`, `date_entry`, `date_exit`, `hour_entry`, `hour_exit`, `idlog_scanner`, `log`.`id_qr`, `date_scanner`, `type`
FROM `cat_qr` `qr`
LEFT JOIN `logs_scanner` `log` ON `log`.`id_qr`=`qr`.`id_qr`
JOIN `usuarios` `us` ON `us`.`id_usuario`=`qr`.`id_usuario`
WHERE `code` = \'pCBFWYn9nx+JQv/ZkngTilFYajhzM3RHbm5OWFBTcnBsNFJQL0E9PQ==\'
AND `activo` = \'1\'
ORDER BY `log`.`idlog_scanner` DESC
 LIMIT 1', 0)
 2 SYSTEMPATH\Database\BaseConnection.php(695): CodeIgniter\Database\MySQLi\Connection->execute('SELECT `qr`.`id_qr`, `id_usuario`, `activo`, `date_entry`, `date_exit`, `hour_entry`, `hour_exit`, `idlog_scanner`, `log`.`id_qr`, `date_scanner`, `type`
FROM `cat_qr` `qr`
LEFT JOIN `logs_scanner` `log` ON `log`.`id_qr`=`qr`.`id_qr`
JOIN `usuarios` `us` ON `us`.`id_usuario`=`qr`.`id_usuario`
WHERE `code` = \'pCBFWYn9nx+JQv/ZkngTilFYajhzM3RHbm5OWFBTcnBsNFJQL0E9PQ==\'
AND `activo` = \'1\'
ORDER BY `log`.`idlog_scanner` DESC
 LIMIT 1')
 3 SYSTEMPATH\Database\BaseConnection.php(609): CodeIgniter\Database\BaseConnection->simpleQuery('SELECT `qr`.`id_qr`, `id_usuario`, `activo`, `date_entry`, `date_exit`, `hour_entry`, `hour_exit`, `idlog_scanner`, `log`.`id_qr`, `date_scanner`, `type`
FROM `cat_qr` `qr`
LEFT JOIN `logs_scanner` `log` ON `log`.`id_qr`=`qr`.`id_qr`
JOIN `usuarios` `us` ON `us`.`id_usuario`=`qr`.`id_usuario`
WHERE `code` = \'pCBFWYn9nx+JQv/ZkngTilFYajhzM3RHbm5OWFBTcnBsNFJQL0E9PQ==\'
AND `activo` = \'1\'
ORDER BY `log`.`idlog_scanner` DESC
 LIMIT 1')
 4 SYSTEMPATH\Database\BaseBuilder.php(1585): CodeIgniter\Database\BaseConnection->query('SELECT `qr`.`id_qr`, `id_usuario`, `activo`, `date_entry`, `date_exit`, `hour_entry`, `hour_exit`, `idlog_scanner`, `log`.`id_qr`, `date_scanner`, `type`
FROM `cat_qr` `qr`
LEFT JOIN `logs_scanner` `log` ON `log`.`id_qr`=`qr`.`id_qr`
JOIN `usuarios` `us` ON `us`.`id_usuario`=`qr`.`id_usuario`
WHERE `code` = :code:
AND `activo` = :activo:
ORDER BY `log`.`idlog_scanner` DESC
 LIMIT 1', [...], false)
 5 APPPATH\Models\Catqr_model.php(67): CodeIgniter\Database\BaseBuilder->get()
 6 APPPATH\Controllers\Qr.php(82): App\Models\Catqr_model->get_code('pCBFWYn9nx+JQv/ZkngTilFYajhzM3RHbm5OWFBTcnBsNFJQL0E9PQ==')
 7 SYSTEMPATH\CodeIgniter.php(896): App\Controllers\Qr->scanner()
 8 SYSTEMPATH\CodeIgniter.php(466): CodeIgniter\CodeIgniter->runController(Object(App\Controllers\Qr))
 9 SYSTEMPATH\CodeIgniter.php(349): CodeIgniter\CodeIgniter->handleRequest(null, Object(Config\Cache), false)
10 FCPATH\index.php(67): CodeIgniter\CodeIgniter->run()
CRITICAL - 2024-11-18 23:23:35 --> Undefined variable $db
in APPPATH\Models\Catqr_model.php on line 71.
 1 APPPATH\Models\Catqr_model.php(71): CodeIgniter\Debug\Exceptions->errorHandler(2, 'Undefined variable $db', 'APPPATH\\Models\\Catqr_model.php', 71)
 2 APPPATH\Controllers\Qr.php(82): App\Models\Catqr_model->get_code('/fX7M2iOgv9/99MVnPYx3WE3bzJ4eWVqamQwYVpTdVZZSEVMSVE9PQ==')
 3 SYSTEMPATH\CodeIgniter.php(896): App\Controllers\Qr->scanner()
 4 SYSTEMPATH\CodeIgniter.php(466): CodeIgniter\CodeIgniter->runController(Object(App\Controllers\Qr))
 5 SYSTEMPATH\CodeIgniter.php(349): CodeIgniter\CodeIgniter->handleRequest(null, Object(Config\Cache), false)
 6 FCPATH\index.php(67): CodeIgniter\CodeIgniter->run()
CRITICAL - 2024-11-18 23:23:46 --> Undefined variable $buider
in APPPATH\Models\Catqr_model.php on line 71.
 1 APPPATH\Models\Catqr_model.php(71): CodeIgniter\Debug\Exceptions->errorHandler(2, 'Undefined variable $buider', 'APPPATH\\Models\\Catqr_model.php', 71)
 2 APPPATH\Controllers\Qr.php(82): App\Models\Catqr_model->get_code('/fX7M2iOgv9/99MVnPYx3WE3bzJ4eWVqamQwYVpTdVZZSEVMSVE9PQ==')
 3 SYSTEMPATH\CodeIgniter.php(896): App\Controllers\Qr->scanner()
 4 SYSTEMPATH\CodeIgniter.php(466): CodeIgniter\CodeIgniter->runController(Object(App\Controllers\Qr))
 5 SYSTEMPATH\CodeIgniter.php(349): CodeIgniter\CodeIgniter->handleRequest(null, Object(Config\Cache), false)
 6 FCPATH\index.php(67): CodeIgniter\CodeIgniter->run()
CRITICAL - 2024-11-18 23:23:57 --> Call to undefined method CodeIgniter\Database\MySQLi\Builder::getLastQuery()
in APPPATH\Models\Catqr_model.php on line 71.
 1 APPPATH\Controllers\Qr.php(82): App\Models\Catqr_model->get_code('/fX7M2iOgv9/99MVnPYx3WE3bzJ4eWVqamQwYVpTdVZZSEVMSVE9PQ==')
 2 SYSTEMPATH\CodeIgniter.php(896): App\Controllers\Qr->scanner()
 3 SYSTEMPATH\CodeIgniter.php(466): CodeIgniter\CodeIgniter->runController(Object(App\Controllers\Qr))
 4 SYSTEMPATH\CodeIgniter.php(349): CodeIgniter\CodeIgniter->handleRequest(null, Object(Config\Cache), false)
 5 FCPATH\index.php(67): CodeIgniter\CodeIgniter->run()
ERROR - 2024-11-18 23:34:33 --> You have an error in your SQL syntax; check the manual that corresponds to your MySQL server version for the right syntax to use near '.`id_usuario`, `nombre`, `apellido_pat`, `apellido_mat`, `matricula`, `programa`' at line 1
CRITICAL - 2024-11-18 23:34:33 --> You have an error in your SQL syntax; check the manual that corresponds to your MySQL server version for the right syntax to use near '.`id_usuario`, `nombre`, `apellido_pat`, `apellido_mat`, `matricula`, `programa`' at line 1
in SYSTEMPATH\Database\MySQLi\Connection.php on line 292.
 1 SYSTEMPATH\Database\MySQLi\Connection.php(292): mysqli->query('SELECT `qr`.`id_qr` as `id_qr`, `qr`.`id_usuario` as `qr_id_usuario`, `activo`, `date_entry`, `date_exit`, `hour_entry`, `hour_exit`, `idlog_scanner`, `log`.`id_qr` as `log_id_qr`, `date_scanner`, `type` `us`.`id_usuario`, `nombre`, `apellido_pat`, `apellido_mat`, `matricula`, `programa`, `identificador`, `aquien_v`, `proviene_de`, `motivo`, `n_empleado`, `area`, `puesto`, `tipo_usuario`
FROM `cat_qr` `qr`
LEFT JOIN `logs_scanner` `log` ON `log`.`id_qr`=`qr`.`id_qr`
JOIN `usuarios` `us` ON `us`.`id_usuario`=`qr`.`id_usuario`
WHERE `code` = \'/fX7M2iOgv9/99MVnPYx3WE3bzJ4eWVqamQwYVpTdVZZSEVMSVE9PQ==\'
AND `qr`.`activo` = \'1\'
ORDER BY `log`.`idlog_scanner` DESC
 LIMIT 1', 0)
 2 SYSTEMPATH\Database\BaseConnection.php(695): CodeIgniter\Database\MySQLi\Connection->execute('SELECT `qr`.`id_qr` as `id_qr`, `qr`.`id_usuario` as `qr_id_usuario`, `activo`, `date_entry`, `date_exit`, `hour_entry`, `hour_exit`, `idlog_scanner`, `log`.`id_qr` as `log_id_qr`, `date_scanner`, `type` `us`.`id_usuario`, `nombre`, `apellido_pat`, `apellido_mat`, `matricula`, `programa`, `identificador`, `aquien_v`, `proviene_de`, `motivo`, `n_empleado`, `area`, `puesto`, `tipo_usuario`
FROM `cat_qr` `qr`
LEFT JOIN `logs_scanner` `log` ON `log`.`id_qr`=`qr`.`id_qr`
JOIN `usuarios` `us` ON `us`.`id_usuario`=`qr`.`id_usuario`
WHERE `code` = \'/fX7M2iOgv9/99MVnPYx3WE3bzJ4eWVqamQwYVpTdVZZSEVMSVE9PQ==\'
AND `qr`.`activo` = \'1\'
ORDER BY `log`.`idlog_scanner` DESC
 LIMIT 1')
 3 SYSTEMPATH\Database\BaseConnection.php(609): CodeIgniter\Database\BaseConnection->simpleQuery('SELECT `qr`.`id_qr` as `id_qr`, `qr`.`id_usuario` as `qr_id_usuario`, `activo`, `date_entry`, `date_exit`, `hour_entry`, `hour_exit`, `idlog_scanner`, `log`.`id_qr` as `log_id_qr`, `date_scanner`, `type` `us`.`id_usuario`, `nombre`, `apellido_pat`, `apellido_mat`, `matricula`, `programa`, `identificador`, `aquien_v`, `proviene_de`, `motivo`, `n_empleado`, `area`, `puesto`, `tipo_usuario`
FROM `cat_qr` `qr`
LEFT JOIN `logs_scanner` `log` ON `log`.`id_qr`=`qr`.`id_qr`
JOIN `usuarios` `us` ON `us`.`id_usuario`=`qr`.`id_usuario`
WHERE `code` = \'/fX7M2iOgv9/99MVnPYx3WE3bzJ4eWVqamQwYVpTdVZZSEVMSVE9PQ==\'
AND `qr`.`activo` = \'1\'
ORDER BY `log`.`idlog_scanner` DESC
 LIMIT 1')
 4 SYSTEMPATH\Database\BaseBuilder.php(1585): CodeIgniter\Database\BaseConnection->query('SELECT `qr`.`id_qr` as `id_qr`, `qr`.`id_usuario` as `qr_id_usuario`, `activo`, `date_entry`, `date_exit`, `hour_entry`, `hour_exit`, `idlog_scanner`, `log`.`id_qr` as `log_id_qr`, `date_scanner`, `type` `us`.`id_usuario`, `nombre`, `apellido_pat`, `apellido_mat`, `matricula`, `programa`, `identificador`, `aquien_v`, `proviene_de`, `motivo`, `n_empleado`, `area`, `puesto`, `tipo_usuario`
FROM `cat_qr` `qr`
LEFT JOIN `logs_scanner` `log` ON `log`.`id_qr`=`qr`.`id_qr`
JOIN `usuarios` `us` ON `us`.`id_usuario`=`qr`.`id_usuario`
WHERE `code` = :code:
AND `qr`.`activo` = :qr.activo:
ORDER BY `log`.`idlog_scanner` DESC
 LIMIT 1', [...], false)
 5 APPPATH\Models\Catqr_model.php(72): CodeIgniter\Database\BaseBuilder->get()
 6 APPPATH\Controllers\Qr.php(82): App\Models\Catqr_model->get_code('/fX7M2iOgv9/99MVnPYx3WE3bzJ4eWVqamQwYVpTdVZZSEVMSVE9PQ==')
 7 SYSTEMPATH\CodeIgniter.php(896): App\Controllers\Qr->scanner()
 8 SYSTEMPATH\CodeIgniter.php(466): CodeIgniter\CodeIgniter->runController(Object(App\Controllers\Qr))
 9 SYSTEMPATH\CodeIgniter.php(349): CodeIgniter\CodeIgniter->handleRequest(null, Object(Config\Cache), false)
10 FCPATH\index.php(67): CodeIgniter\CodeIgniter->run()
