CRITICAL - 2024-11-20 22:15:21 --> Array to string conversion
in APPPATH\Controllers\Qr.php on line 106.
 1 APPPATH\Controllers\Qr.php(106): CodeIgniter\Debug\Exceptions->errorHandler(2, 'Array to string conversion', 'APPPATH\\Controllers\\Qr.php', 106)
 2 SYSTEMPATH\CodeIgniter.php(896): App\Controllers\Qr->scanner()
 3 SYSTEMPATH\CodeIgniter.php(466): CodeIgniter\CodeIgniter->runController(Object(App\Controllers\Qr))
 4 SYSTEMPATH\CodeIgniter.php(349): CodeIgniter\CodeIgniter->handleRequest(null, Object(Config\Cache), false)
 5 FCPATH\index.php(67): CodeIgniter\CodeIgniter->run()
CRITICAL - 2024-11-20 22:16:54 --> Call to undefined method App\Models\UserModel::or_where
in SYSTEMPATH\Model.php on line 773.
 1 APPPATH\Models\UserModel.php(60): CodeIgniter\Model->__call('or_where', [...])
 2 APPPATH\Controllers\Qr.php(177): App\Models\UserModel->readByIdentificador('7701')
 3 SYSTEMPATH\CodeIgniter.php(896): App\Controllers\Qr->scanner()
 4 SYSTEMPATH\CodeIgniter.php(466): CodeIgniter\CodeIgniter->runController(Object(App\Controllers\Qr))
 5 SYSTEMPATH\CodeIgniter.php(349): CodeIgniter\CodeIgniter->handleRequest(null, Object(Config\Cache), false)
 6 FCPATH\index.php(67): CodeIgniter\CodeIgniter->run()
CRITICAL - 2024-11-20 22:35:06 --> Undefined variable $query
in APPPATH\Models\UserModel.php on line 74.
 1 APPPATH\Models\UserModel.php(74): CodeIgniter\Debug\Exceptions->errorHandler(2, 'Undefined variable $query', 'APPPATH\\Models\\UserModel.php', 74)
 2 APPPATH\Controllers\Qr.php(177): App\Models\UserModel->readByIdentificador('7701')
 3 SYSTEMPATH\CodeIgniter.php(896): App\Controllers\Qr->scanner()
 4 SYSTEMPATH\CodeIgniter.php(466): CodeIgniter\CodeIgniter->runController(Object(App\Controllers\Qr))
 5 SYSTEMPATH\CodeIgniter.php(349): CodeIgniter\CodeIgniter->handleRequest(null, Object(Config\Cache), false)
 6 FCPATH\index.php(67): CodeIgniter\CodeIgniter->run()
CRITICAL - 2024-11-20 22:36:23 --> Undefined variable $data_code
in APPPATH\Controllers\Qr.php on line 179.
 1 APPPATH\Controllers\Qr.php(179): CodeIgniter\Debug\Exceptions->errorHandler(2, 'Undefined variable $data_code', 'APPPATH\\Controllers\\Qr.php', 179)
 2 SYSTEMPATH\CodeIgniter.php(896): App\Controllers\Qr->scanner()
 3 SYSTEMPATH\CodeIgniter.php(466): CodeIgniter\CodeIgniter->runController(Object(App\Controllers\Qr))
 4 SYSTEMPATH\CodeIgniter.php(349): CodeIgniter\CodeIgniter->handleRequest(null, Object(Config\Cache), false)
 5 FCPATH\index.php(67): CodeIgniter\CodeIgniter->run()
