CRITICAL - 2024-10-16 22:18:02 --> Undefined variable $db
in APPPATH\Config\Database.php on line 157.
 1 APPPATH\Config\Database.php(157): CodeIgniter\Debug\Exceptions->errorHandler(2, 'Undefined variable $db', 'APPPATH\\Config\\Database.php', 157)
 2 SYSTEMPATH\Autoloader\Autoloader.php(284): include_once('APPPATH\\Config\\Database.php')
 3 SYSTEMPATH\Autoloader\Autoloader.php(261): CodeIgniter\Autoloader\Autoloader->includeFile('APPPATH\\Config\\Database.php')
 4 SYSTEMPATH\Autoloader\Autoloader.php(239): CodeIgniter\Autoloader\Autoloader->loadInNamespace('Config\\Database')
 5 SYSTEMPATH\Debug\Toolbar\Collectors\Database.php(249): CodeIgniter\Autoloader\Autoloader->loadClass('Config\\Database')
 6 SYSTEMPATH\Debug\Toolbar\Collectors\Database.php(69): CodeIgniter\Debug\Toolbar\Collectors\Database->getConnections()
 7 SYSTEMPATH\Debug\Toolbar.php(65): CodeIgniter\Debug\Toolbar\Collectors\Database->__construct()
 8 SYSTEMPATH\Config\Services.php(662): CodeIgniter\Debug\Toolbar->__construct(Object(Config\Toolbar))
 9 SYSTEMPATH\Config\BaseService.php(251): CodeIgniter\Config\Services::toolbar(Object(Config\Toolbar), false)
10 SYSTEMPATH\Config\BaseService.php(192): CodeIgniter\Config\BaseService::__callStatic('toolbar', [...])
11 SYSTEMPATH\Config\Services.php(657): CodeIgniter\Config\BaseService::getSharedInstance('toolbar', null)
12 SYSTEMPATH\Config\BaseService.php(251): CodeIgniter\Config\Services::toolbar()
13 APPPATH\Config\Events.php(46): CodeIgniter\Config\BaseService::__callStatic('toolbar', [])
14 SYSTEMPATH\Events\Events.php(149): CodeIgniter\Events\Events::Config\{closure}()
15 SYSTEMPATH\CodeIgniter.php(326): CodeIgniter\Events\Events::trigger('pre_system')
16 FCPATH\index.php(67): CodeIgniter\CodeIgniter->run()
CRITICAL - 2024-10-16 22:19:31 --> Undefined variable $db
in APPPATH\Config\Database.php on line 157.
 1 APPPATH\Config\Database.php(157): CodeIgniter\Debug\Exceptions->errorHandler(2, 'Undefined variable $db', 'APPPATH\\Config\\Database.php', 157)
 2 SYSTEMPATH\Autoloader\Autoloader.php(284): include_once('APPPATH\\Config\\Database.php')
 3 SYSTEMPATH\Autoloader\Autoloader.php(261): CodeIgniter\Autoloader\Autoloader->includeFile('APPPATH\\Config\\Database.php')
 4 SYSTEMPATH\Autoloader\Autoloader.php(239): CodeIgniter\Autoloader\Autoloader->loadInNamespace('Config\\Database')
 5 SYSTEMPATH\Debug\Toolbar\Collectors\Database.php(249): CodeIgniter\Autoloader\Autoloader->loadClass('Config\\Database')
 6 SYSTEMPATH\Debug\Toolbar\Collectors\Database.php(69): CodeIgniter\Debug\Toolbar\Collectors\Database->getConnections()
 7 SYSTEMPATH\Debug\Toolbar.php(65): CodeIgniter\Debug\Toolbar\Collectors\Database->__construct()
 8 SYSTEMPATH\Config\Services.php(662): CodeIgniter\Debug\Toolbar->__construct(Object(Config\Toolbar))
 9 SYSTEMPATH\Config\BaseService.php(251): CodeIgniter\Config\Services::toolbar(Object(Config\Toolbar), false)
10 SYSTEMPATH\Config\BaseService.php(192): CodeIgniter\Config\BaseService::__callStatic('toolbar', [...])
11 SYSTEMPATH\Config\Services.php(657): CodeIgniter\Config\BaseService::getSharedInstance('toolbar', null)
12 SYSTEMPATH\Config\BaseService.php(251): CodeIgniter\Config\Services::toolbar()
13 APPPATH\Config\Events.php(46): CodeIgniter\Config\BaseService::__callStatic('toolbar', [])
14 SYSTEMPATH\Events\Events.php(149): CodeIgniter\Events\Events::Config\{closure}()
15 SYSTEMPATH\CodeIgniter.php(326): CodeIgniter\Events\Events::trigger('pre_system')
16 FCPATH\index.php(67): CodeIgniter\CodeIgniter->run()
CRITICAL - 2024-10-16 22:19:32 --> Undefined variable $db
in APPPATH\Config\Database.php on line 157.
 1 APPPATH\Config\Database.php(157): CodeIgniter\Debug\Exceptions->errorHandler(2, 'Undefined variable $db', 'APPPATH\\Config\\Database.php', 157)
 2 SYSTEMPATH\Autoloader\Autoloader.php(284): include_once('APPPATH\\Config\\Database.php')
 3 SYSTEMPATH\Autoloader\Autoloader.php(261): CodeIgniter\Autoloader\Autoloader->includeFile('APPPATH\\Config\\Database.php')
 4 SYSTEMPATH\Autoloader\Autoloader.php(239): CodeIgniter\Autoloader\Autoloader->loadInNamespace('Config\\Database')
 5 SYSTEMPATH\Debug\Toolbar\Collectors\Database.php(249): CodeIgniter\Autoloader\Autoloader->loadClass('Config\\Database')
 6 SYSTEMPATH\Debug\Toolbar\Collectors\Database.php(69): CodeIgniter\Debug\Toolbar\Collectors\Database->getConnections()
 7 SYSTEMPATH\Debug\Toolbar.php(65): CodeIgniter\Debug\Toolbar\Collectors\Database->__construct()
 8 SYSTEMPATH\Config\Services.php(662): CodeIgniter\Debug\Toolbar->__construct(Object(Config\Toolbar))
 9 SYSTEMPATH\Config\BaseService.php(251): CodeIgniter\Config\Services::toolbar(Object(Config\Toolbar), false)
10 SYSTEMPATH\Config\BaseService.php(192): CodeIgniter\Config\BaseService::__callStatic('toolbar', [...])
11 SYSTEMPATH\Config\Services.php(657): CodeIgniter\Config\BaseService::getSharedInstance('toolbar', null)
12 SYSTEMPATH\Config\BaseService.php(251): CodeIgniter\Config\Services::toolbar()
13 APPPATH\Config\Events.php(46): CodeIgniter\Config\BaseService::__callStatic('toolbar', [])
14 SYSTEMPATH\Events\Events.php(149): CodeIgniter\Events\Events::Config\{closure}()
15 SYSTEMPATH\CodeIgniter.php(326): CodeIgniter\Events\Events::trigger('pre_system')
16 FCPATH\index.php(67): CodeIgniter\CodeIgniter->run()
CRITICAL - 2024-10-16 22:19:35 --> Undefined variable $db
in APPPATH\Config\Database.php on line 157.
 1 APPPATH\Config\Database.php(157): CodeIgniter\Debug\Exceptions->errorHandler(2, 'Undefined variable $db', 'APPPATH\\Config\\Database.php', 157)
 2 SYSTEMPATH\Autoloader\Autoloader.php(284): include_once('APPPATH\\Config\\Database.php')
 3 SYSTEMPATH\Autoloader\Autoloader.php(261): CodeIgniter\Autoloader\Autoloader->includeFile('APPPATH\\Config\\Database.php')
 4 SYSTEMPATH\Autoloader\Autoloader.php(239): CodeIgniter\Autoloader\Autoloader->loadInNamespace('Config\\Database')
 5 SYSTEMPATH\Debug\Toolbar\Collectors\Database.php(249): CodeIgniter\Autoloader\Autoloader->loadClass('Config\\Database')
 6 SYSTEMPATH\Debug\Toolbar\Collectors\Database.php(69): CodeIgniter\Debug\Toolbar\Collectors\Database->getConnections()
 7 SYSTEMPATH\Debug\Toolbar.php(65): CodeIgniter\Debug\Toolbar\Collectors\Database->__construct()
 8 SYSTEMPATH\Config\Services.php(662): CodeIgniter\Debug\Toolbar->__construct(Object(Config\Toolbar))
 9 SYSTEMPATH\Config\BaseService.php(251): CodeIgniter\Config\Services::toolbar(Object(Config\Toolbar), false)
10 SYSTEMPATH\Config\BaseService.php(192): CodeIgniter\Config\BaseService::__callStatic('toolbar', [...])
11 SYSTEMPATH\Config\Services.php(657): CodeIgniter\Config\BaseService::getSharedInstance('toolbar', null)
12 SYSTEMPATH\Config\BaseService.php(251): CodeIgniter\Config\Services::toolbar()
13 APPPATH\Config\Events.php(46): CodeIgniter\Config\BaseService::__callStatic('toolbar', [])
14 SYSTEMPATH\Events\Events.php(149): CodeIgniter\Events\Events::Config\{closure}()
15 SYSTEMPATH\CodeIgniter.php(326): CodeIgniter\Events\Events::trigger('pre_system')
16 FCPATH\index.php(67): CodeIgniter\CodeIgniter->run()
CRITICAL - 2024-10-16 22:23:09 --> Undefined variable $db
in APPPATH\Config\Database.php on line 157.
 1 APPPATH\Config\Database.php(157): CodeIgniter\Debug\Exceptions->errorHandler(2, 'Undefined variable $db', 'APPPATH\\Config\\Database.php', 157)
 2 SYSTEMPATH\Autoloader\Autoloader.php(284): include_once('APPPATH\\Config\\Database.php')
 3 SYSTEMPATH\Autoloader\Autoloader.php(261): CodeIgniter\Autoloader\Autoloader->includeFile('APPPATH\\Config\\Database.php')
 4 SYSTEMPATH\Autoloader\Autoloader.php(239): CodeIgniter\Autoloader\Autoloader->loadInNamespace('Config\\Database')
 5 SYSTEMPATH\Debug\Toolbar\Collectors\Database.php(249): CodeIgniter\Autoloader\Autoloader->loadClass('Config\\Database')
 6 SYSTEMPATH\Debug\Toolbar\Collectors\Database.php(69): CodeIgniter\Debug\Toolbar\Collectors\Database->getConnections()
 7 SYSTEMPATH\Debug\Toolbar.php(65): CodeIgniter\Debug\Toolbar\Collectors\Database->__construct()
 8 SYSTEMPATH\Config\Services.php(662): CodeIgniter\Debug\Toolbar->__construct(Object(Config\Toolbar))
 9 SYSTEMPATH\Config\BaseService.php(251): CodeIgniter\Config\Services::toolbar(Object(Config\Toolbar), false)
10 SYSTEMPATH\Config\BaseService.php(192): CodeIgniter\Config\BaseService::__callStatic('toolbar', [...])
11 SYSTEMPATH\Config\Services.php(657): CodeIgniter\Config\BaseService::getSharedInstance('toolbar', null)
12 SYSTEMPATH\Config\BaseService.php(251): CodeIgniter\Config\Services::toolbar()
13 APPPATH\Config\Events.php(46): CodeIgniter\Config\BaseService::__callStatic('toolbar', [])
14 SYSTEMPATH\Events\Events.php(149): CodeIgniter\Events\Events::Config\{closure}()
15 SYSTEMPATH\CodeIgniter.php(326): CodeIgniter\Events\Events::trigger('pre_system')
16 FCPATH\index.php(67): CodeIgniter\CodeIgniter->run()
CRITICAL - 2024-10-16 22:23:09 --> Undefined variable $db
in APPPATH\Config\Database.php on line 157.
 1 APPPATH\Config\Database.php(157): CodeIgniter\Debug\Exceptions->errorHandler(2, 'Undefined variable $db', 'APPPATH\\Config\\Database.php', 157)
 2 SYSTEMPATH\Autoloader\Autoloader.php(284): include_once('APPPATH\\Config\\Database.php')
 3 SYSTEMPATH\Autoloader\Autoloader.php(261): CodeIgniter\Autoloader\Autoloader->includeFile('APPPATH\\Config\\Database.php')
 4 SYSTEMPATH\Autoloader\Autoloader.php(239): CodeIgniter\Autoloader\Autoloader->loadInNamespace('Config\\Database')
 5 SYSTEMPATH\Debug\Toolbar\Collectors\Database.php(249): CodeIgniter\Autoloader\Autoloader->loadClass('Config\\Database')
 6 SYSTEMPATH\Debug\Toolbar\Collectors\Database.php(69): CodeIgniter\Debug\Toolbar\Collectors\Database->getConnections()
 7 SYSTEMPATH\Debug\Toolbar.php(65): CodeIgniter\Debug\Toolbar\Collectors\Database->__construct()
 8 SYSTEMPATH\Config\Services.php(662): CodeIgniter\Debug\Toolbar->__construct(Object(Config\Toolbar))
 9 SYSTEMPATH\Config\BaseService.php(251): CodeIgniter\Config\Services::toolbar(Object(Config\Toolbar), false)
10 SYSTEMPATH\Config\BaseService.php(192): CodeIgniter\Config\BaseService::__callStatic('toolbar', [...])
11 SYSTEMPATH\Config\Services.php(657): CodeIgniter\Config\BaseService::getSharedInstance('toolbar', null)
12 SYSTEMPATH\Config\BaseService.php(251): CodeIgniter\Config\Services::toolbar()
13 APPPATH\Config\Events.php(46): CodeIgniter\Config\BaseService::__callStatic('toolbar', [])
14 SYSTEMPATH\Events\Events.php(149): CodeIgniter\Events\Events::Config\{closure}()
15 SYSTEMPATH\CodeIgniter.php(326): CodeIgniter\Events\Events::trigger('pre_system')
16 FCPATH\index.php(67): CodeIgniter\CodeIgniter->run()
CRITICAL - 2024-10-16 22:23:09 --> Undefined variable $db
in APPPATH\Config\Database.php on line 157.
 1 APPPATH\Config\Database.php(157): CodeIgniter\Debug\Exceptions->errorHandler(2, 'Undefined variable $db', 'APPPATH\\Config\\Database.php', 157)
 2 SYSTEMPATH\Autoloader\Autoloader.php(284): include_once('APPPATH\\Config\\Database.php')
 3 SYSTEMPATH\Autoloader\Autoloader.php(261): CodeIgniter\Autoloader\Autoloader->includeFile('APPPATH\\Config\\Database.php')
 4 SYSTEMPATH\Autoloader\Autoloader.php(239): CodeIgniter\Autoloader\Autoloader->loadInNamespace('Config\\Database')
 5 SYSTEMPATH\Debug\Toolbar\Collectors\Database.php(249): CodeIgniter\Autoloader\Autoloader->loadClass('Config\\Database')
 6 SYSTEMPATH\Debug\Toolbar\Collectors\Database.php(69): CodeIgniter\Debug\Toolbar\Collectors\Database->getConnections()
 7 SYSTEMPATH\Debug\Toolbar.php(65): CodeIgniter\Debug\Toolbar\Collectors\Database->__construct()
 8 SYSTEMPATH\Config\Services.php(662): CodeIgniter\Debug\Toolbar->__construct(Object(Config\Toolbar))
 9 SYSTEMPATH\Config\BaseService.php(251): CodeIgniter\Config\Services::toolbar(Object(Config\Toolbar), false)
10 SYSTEMPATH\Config\BaseService.php(192): CodeIgniter\Config\BaseService::__callStatic('toolbar', [...])
11 SYSTEMPATH\Config\Services.php(657): CodeIgniter\Config\BaseService::getSharedInstance('toolbar', null)
12 SYSTEMPATH\Config\BaseService.php(251): CodeIgniter\Config\Services::toolbar()
13 APPPATH\Config\Events.php(46): CodeIgniter\Config\BaseService::__callStatic('toolbar', [])
14 SYSTEMPATH\Events\Events.php(149): CodeIgniter\Events\Events::Config\{closure}()
15 SYSTEMPATH\CodeIgniter.php(326): CodeIgniter\Events\Events::trigger('pre_system')
16 FCPATH\index.php(67): CodeIgniter\CodeIgniter->run()
CRITICAL - 2024-10-16 22:26:44 --> Undefined variable $db
in APPPATH\Config\Database.php on line 157.
 1 APPPATH\Config\Database.php(157): CodeIgniter\Debug\Exceptions->errorHandler(2, 'Undefined variable $db', 'APPPATH\\Config\\Database.php', 157)
 2 SYSTEMPATH\Autoloader\Autoloader.php(284): include_once('APPPATH\\Config\\Database.php')
 3 SYSTEMPATH\Autoloader\Autoloader.php(261): CodeIgniter\Autoloader\Autoloader->includeFile('APPPATH\\Config\\Database.php')
 4 SYSTEMPATH\Autoloader\Autoloader.php(239): CodeIgniter\Autoloader\Autoloader->loadInNamespace('Config\\Database')
 5 SYSTEMPATH\Debug\Toolbar\Collectors\Database.php(249): CodeIgniter\Autoloader\Autoloader->loadClass('Config\\Database')
 6 SYSTEMPATH\Debug\Toolbar\Collectors\Database.php(69): CodeIgniter\Debug\Toolbar\Collectors\Database->getConnections()
 7 SYSTEMPATH\Debug\Toolbar.php(65): CodeIgniter\Debug\Toolbar\Collectors\Database->__construct()
 8 SYSTEMPATH\Config\Services.php(662): CodeIgniter\Debug\Toolbar->__construct(Object(Config\Toolbar))
 9 SYSTEMPATH\Config\BaseService.php(251): CodeIgniter\Config\Services::toolbar(Object(Config\Toolbar), false)
10 SYSTEMPATH\Config\BaseService.php(192): CodeIgniter\Config\BaseService::__callStatic('toolbar', [...])
11 SYSTEMPATH\Config\Services.php(657): CodeIgniter\Config\BaseService::getSharedInstance('toolbar', null)
12 SYSTEMPATH\Config\BaseService.php(251): CodeIgniter\Config\Services::toolbar()
13 APPPATH\Config\Events.php(46): CodeIgniter\Config\BaseService::__callStatic('toolbar', [])
14 SYSTEMPATH\Events\Events.php(149): CodeIgniter\Events\Events::Config\{closure}()
15 SYSTEMPATH\CodeIgniter.php(326): CodeIgniter\Events\Events::trigger('pre_system')
16 FCPATH\index.php(67): CodeIgniter\CodeIgniter->run()
CRITICAL - 2024-10-16 22:26:49 --> Undefined variable $db
in APPPATH\Config\Database.php on line 157.
 1 APPPATH\Config\Database.php(157): CodeIgniter\Debug\Exceptions->errorHandler(2, 'Undefined variable $db', 'APPPATH\\Config\\Database.php', 157)
 2 SYSTEMPATH\Autoloader\Autoloader.php(284): include_once('APPPATH\\Config\\Database.php')
 3 SYSTEMPATH\Autoloader\Autoloader.php(261): CodeIgniter\Autoloader\Autoloader->includeFile('APPPATH\\Config\\Database.php')
 4 SYSTEMPATH\Autoloader\Autoloader.php(239): CodeIgniter\Autoloader\Autoloader->loadInNamespace('Config\\Database')
 5 SYSTEMPATH\Debug\Toolbar\Collectors\Database.php(249): CodeIgniter\Autoloader\Autoloader->loadClass('Config\\Database')
 6 SYSTEMPATH\Debug\Toolbar\Collectors\Database.php(69): CodeIgniter\Debug\Toolbar\Collectors\Database->getConnections()
 7 SYSTEMPATH\Debug\Toolbar.php(65): CodeIgniter\Debug\Toolbar\Collectors\Database->__construct()
 8 SYSTEMPATH\Config\Services.php(662): CodeIgniter\Debug\Toolbar->__construct(Object(Config\Toolbar))
 9 SYSTEMPATH\Config\BaseService.php(251): CodeIgniter\Config\Services::toolbar(Object(Config\Toolbar), false)
10 SYSTEMPATH\Config\BaseService.php(192): CodeIgniter\Config\BaseService::__callStatic('toolbar', [...])
11 SYSTEMPATH\Config\Services.php(657): CodeIgniter\Config\BaseService::getSharedInstance('toolbar', null)
12 SYSTEMPATH\Config\BaseService.php(251): CodeIgniter\Config\Services::toolbar()
13 APPPATH\Config\Events.php(46): CodeIgniter\Config\BaseService::__callStatic('toolbar', [])
14 SYSTEMPATH\Events\Events.php(149): CodeIgniter\Events\Events::Config\{closure}()
15 SYSTEMPATH\CodeIgniter.php(326): CodeIgniter\Events\Events::trigger('pre_system')
16 FCPATH\index.php(67): CodeIgniter\CodeIgniter->run()
CRITICAL - 2024-10-16 22:29:22 --> Creation of dynamic property App\Controllers\ExcelLector::$db is deprecated
in APPPATH\Controllers\ExcelLector.php on line 13.
 1 APPPATH\Controllers\ExcelLector.php(13): CodeIgniter\Debug\Exceptions->errorHandler(8192, 'Creation of dynamic property App\\Controllers\\ExcelLector::$db is deprecated', 'APPPATH\\Controllers\\ExcelLector.php', 13)
 2 SYSTEMPATH\CodeIgniter.php(858): App\Controllers\ExcelLector->__construct()
 3 SYSTEMPATH\CodeIgniter.php(457): CodeIgniter\CodeIgniter->createController()
 4 SYSTEMPATH\CodeIgniter.php(349): CodeIgniter\CodeIgniter->handleRequest(null, Object(Config\Cache), false)
 5 FCPATH\index.php(67): CodeIgniter\CodeIgniter->run()
