CRITICAL - 2025-04-01 16:27:54 --> count(): Argument #1 ($value) must be of type Countable|array, null given
in APPPATH\Controllers\Qr.php on line 385.
 1 APPPATH\Controllers\Qr.php(385): count(null)
 2 SYSTEMPATH\CodeIgniter.php(896): App\Controllers\Qr->createAll()
 3 SYSTEMPATH\CodeIgniter.php(466): CodeIgniter\CodeIgniter->runController(Object(App\Controllers\Qr))
 4 SYSTEMPATH\CodeIgniter.php(349): CodeIgniter\CodeIgniter->handleRequest(null, Object(Config\Cache), false)
 5 FCPATH\index.php(67): CodeIgniter\CodeIgniter->run()
CRITICAL - 2025-04-01 18:57:07 --> Undefined variable $extractPath
in APPPATH\Controllers\ExcelLector.php on line 337.
 1 APPPATH\Controllers\ExcelLector.php(337): CodeIgniter\Debug\Exceptions->errorHandler(2, 'Undefined variable $extractPath', 'APPPATH\\Controllers\\ExcelLector.php', 337)
 2 SYSTEMPATH\CodeIgniter.php(896): App\Controllers\ExcelLector->uploadZip()
 3 SYSTEMPATH\CodeIgniter.php(466): CodeIgniter\CodeIgniter->runController(Object(App\Controllers\ExcelLector))
 4 SYSTEMPATH\CodeIgniter.php(349): CodeIgniter\CodeIgniter->handleRequest(null, Object(Config\Cache), false)
 5 FCPATH\index.php(67): CodeIgniter\CodeIgniter->run()
CRITICAL - 2025-04-01 18:58:52 --> Undefined variable $extractPath
in APPPATH\Controllers\ExcelLector.php on line 337.
 1 APPPATH\Controllers\ExcelLector.php(337): CodeIgniter\Debug\Exceptions->errorHandler(2, 'Undefined variable $extractPath', 'APPPATH\\Controllers\\ExcelLector.php', 337)
 2 SYSTEMPATH\CodeIgniter.php(896): App\Controllers\ExcelLector->uploadZip()
 3 SYSTEMPATH\CodeIgniter.php(466): CodeIgniter\CodeIgniter->runController(Object(App\Controllers\ExcelLector))
 4 SYSTEMPATH\CodeIgniter.php(349): CodeIgniter\CodeIgniter->handleRequest(null, Object(Config\Cache), false)
 5 FCPATH\index.php(67): CodeIgniter\CodeIgniter->run()
CRITICAL - 2025-04-01 19:40:05 --> Class "App\Controllers\ZipArchive" not found
in APPPATH\Controllers\ExcelLector.php on line 363.
 1 SYSTEMPATH\CodeIgniter.php(896): App\Controllers\ExcelLector->uploadZip()
 2 SYSTEMPATH\CodeIgniter.php(466): CodeIgniter\CodeIgniter->runController(Object(App\Controllers\ExcelLector))
 3 SYSTEMPATH\CodeIgniter.php(349): CodeIgniter\CodeIgniter->handleRequest(null, Object(Config\Cache), false)
 4 FCPATH\index.php(67): CodeIgniter\CodeIgniter->run()
CRITICAL - 2025-04-01 19:41:46 --> Call to undefined method App\Controllers\ExcelLector::respond()
in APPPATH\Controllers\ExcelLector.php on line 371.
 1 SYSTEMPATH\CodeIgniter.php(896): App\Controllers\ExcelLector->uploadZip()
 2 SYSTEMPATH\CodeIgniter.php(466): CodeIgniter\CodeIgniter->runController(Object(App\Controllers\ExcelLector))
 3 SYSTEMPATH\CodeIgniter.php(349): CodeIgniter\CodeIgniter->handleRequest(null, Object(Config\Cache), false)
 4 FCPATH\index.php(67): CodeIgniter\CodeIgniter->run()
CRITICAL - 2025-04-01 19:55:38 --> unlink(./img/ckfinder): Is a directory
in APPPATH\Controllers\ExcelLector.php on line 383.
 1 [internal function]: CodeIgniter\Debug\Exceptions->errorHandler(2, 'unlink(./img/ckfinder): Is a directory', 'APPPATH\\Controllers\\ExcelLector.php', 383)
 2 APPPATH\Controllers\ExcelLector.php(383): unlink('FCPATH\\img\\ckfinder')
 3 SYSTEMPATH\CodeIgniter.php(896): App\Controllers\ExcelLector->uploadZip()
 4 SYSTEMPATH\CodeIgniter.php(466): CodeIgniter\CodeIgniter->runController(Object(App\Controllers\ExcelLector))
 5 SYSTEMPATH\CodeIgniter.php(349): CodeIgniter\CodeIgniter->handleRequest(null, Object(Config\Cache), false)
 6 FCPATH\index.php(67): CodeIgniter\CodeIgniter->run()
CRITICAL - 2025-04-01 19:56:14 --> syntax error, unexpected token ";", expecting ")"
in APPPATH\Controllers\ExcelLector.php on line 346.
 1 SYSTEMPATH\Autoloader\Autoloader.php(261): CodeIgniter\Autoloader\Autoloader->includeFile('APPPATH\\Controllers\\ExcelLector.php')
 2 SYSTEMPATH\Autoloader\Autoloader.php(239): CodeIgniter\Autoloader\Autoloader->loadInNamespace('App\\Controllers\\ExcelLector')
 3 [internal function]: CodeIgniter\Autoloader\Autoloader->loadClass('App\\Controllers\\ExcelLector')
 4 SYSTEMPATH\CodeIgniter.php(846): class_exists('\\App\\Controllers\\ExcelLector', true)
 5 SYSTEMPATH\CodeIgniter.php(453): CodeIgniter\CodeIgniter->startController()
 6 SYSTEMPATH\CodeIgniter.php(349): CodeIgniter\CodeIgniter->handleRequest(null, Object(Config\Cache), false)
 7 FCPATH\index.php(67): CodeIgniter\CodeIgniter->run()
CRITICAL - 2025-04-01 19:56:52 --> syntax error, unexpected token ","
in APPPATH\Controllers\ExcelLector.php on line 395.
 1 SYSTEMPATH\Autoloader\Autoloader.php(261): CodeIgniter\Autoloader\Autoloader->includeFile('APPPATH\\Controllers\\ExcelLector.php')
 2 SYSTEMPATH\Autoloader\Autoloader.php(239): CodeIgniter\Autoloader\Autoloader->loadInNamespace('App\\Controllers\\ExcelLector')
 3 [internal function]: CodeIgniter\Autoloader\Autoloader->loadClass('App\\Controllers\\ExcelLector')
 4 SYSTEMPATH\CodeIgniter.php(846): class_exists('\\App\\Controllers\\ExcelLector', true)
 5 SYSTEMPATH\CodeIgniter.php(453): CodeIgniter\CodeIgniter->startController()
 6 SYSTEMPATH\CodeIgniter.php(349): CodeIgniter\CodeIgniter->handleRequest(null, Object(Config\Cache), false)
 7 FCPATH\index.php(67): CodeIgniter\CodeIgniter->run()
CRITICAL - 2025-04-01 19:57:31 --> syntax error, unexpected token ","
in APPPATH\Controllers\ExcelLector.php on line 346.
 1 SYSTEMPATH\Autoloader\Autoloader.php(261): CodeIgniter\Autoloader\Autoloader->includeFile('APPPATH\\Controllers\\ExcelLector.php')
 2 SYSTEMPATH\Autoloader\Autoloader.php(239): CodeIgniter\Autoloader\Autoloader->loadInNamespace('App\\Controllers\\ExcelLector')
 3 [internal function]: CodeIgniter\Autoloader\Autoloader->loadClass('App\\Controllers\\ExcelLector')
 4 SYSTEMPATH\CodeIgniter.php(846): class_exists('\\App\\Controllers\\ExcelLector', true)
 5 SYSTEMPATH\CodeIgniter.php(453): CodeIgniter\CodeIgniter->startController()
 6 SYSTEMPATH\CodeIgniter.php(349): CodeIgniter\CodeIgniter->handleRequest(null, Object(Config\Cache), false)
 7 FCPATH\index.php(67): CodeIgniter\CodeIgniter->run()
CRITICAL - 2025-04-01 19:59:06 --> unlink(./img/ckfinder): Is a directory
in APPPATH\Controllers\ExcelLector.php on line 383.
 1 [internal function]: CodeIgniter\Debug\Exceptions->errorHandler(2, 'unlink(./img/ckfinder): Is a directory', 'APPPATH\\Controllers\\ExcelLector.php', 383)
 2 APPPATH\Controllers\ExcelLector.php(383): unlink('FCPATH\\img\\ckfinder')
 3 SYSTEMPATH\CodeIgniter.php(896): App\Controllers\ExcelLector->uploadZip()
 4 SYSTEMPATH\CodeIgniter.php(466): CodeIgniter\CodeIgniter->runController(Object(App\Controllers\ExcelLector))
 5 SYSTEMPATH\CodeIgniter.php(349): CodeIgniter\CodeIgniter->handleRequest(null, Object(Config\Cache), false)
 6 FCPATH\index.php(67): CodeIgniter\CodeIgniter->run()
CRITICAL - 2025-04-01 20:01:59 --> unlink(./img/ckfinder): Is a directory
in APPPATH\Controllers\ExcelLector.php on line 383.
 1 [internal function]: CodeIgniter\Debug\Exceptions->errorHandler(2, 'unlink(./img/ckfinder): Is a directory', 'APPPATH\\Controllers\\ExcelLector.php', 383)
 2 APPPATH\Controllers\ExcelLector.php(383): unlink('FCPATH\\img\\ckfinder')
 3 SYSTEMPATH\CodeIgniter.php(896): App\Controllers\ExcelLector->uploadZip()
 4 SYSTEMPATH\CodeIgniter.php(466): CodeIgniter\CodeIgniter->runController(Object(App\Controllers\ExcelLector))
 5 SYSTEMPATH\CodeIgniter.php(349): CodeIgniter\CodeIgniter->handleRequest(null, Object(Config\Cache), false)
 6 FCPATH\index.php(67): CodeIgniter\CodeIgniter->run()
