CRITICAL - 2022-07-22 08:57:37 --> move_uploaded_file(./codeg 4 vs 3.xlsx): Failed to open stream: Resource temporarily unavailable
in APPPATH\Controllers\ExcelLector.php on line 14.
 1 [internal function]: CodeIgniter\Debug\Exceptions->errorHandler(2, 'move_uploaded_file(./codeg 4 vs 3.xlsx): Failed to open stream: Resource temporarily unavailable', 'APPPATH\\Controllers\\ExcelLector.php', 14)
 2 APPPATH\Controllers\ExcelLector.php(14): move_uploaded_file('C:\\xampp\\tmp\\phpF35F.tmp', 'FCPATH\\codeg 4 vs 3.xlsx')
 3 SYSTEMPATH\CodeIgniter.php(896): App\Controllers\ExcelLector->recibe()
 4 SYSTEMPATH\CodeIgniter.php(466): CodeIgniter\CodeIgniter->runController(Object(App\Controllers\ExcelLector))
 5 SYSTEMPATH\CodeIgniter.php(349): CodeIgniter\CodeIgniter->handleRequest(null, Object(Config\Cache), false)
 6 FCPATH\index.php(55): CodeIgniter\CodeIgniter->run()
CRITICAL - 2022-07-22 13:34:25 --> Undefined variable $config
in APPPATH\Views\excel_view.php on line 158.
 1 APPPATH\Views\excel_view.php(158): CodeIgniter\Debug\Exceptions->errorHandler(2, 'Undefined variable $config', 'APPPATH\\Views\\excel_view.php', 158)
 2 SYSTEMPATH\View\View.php(213): include('APPPATH\\Views\\excel_view.php')
 3 SYSTEMPATH\View\View.php(216): CodeIgniter\View\View->CodeIgniter\View\{closure}()
 4 SYSTEMPATH\Common.php(1135): CodeIgniter\View\View->render('excel_view', [], true)
 5 APPPATH\Controllers\ExcelLector.php(9): view('excel_view')
 6 SYSTEMPATH\CodeIgniter.php(896): App\Controllers\ExcelLector->index()
 7 SYSTEMPATH\CodeIgniter.php(466): CodeIgniter\CodeIgniter->runController(Object(App\Controllers\ExcelLector))
 8 SYSTEMPATH\CodeIgniter.php(349): CodeIgniter\CodeIgniter->handleRequest(null, Object(Config\Cache), false)
 9 FCPATH\index.php(55): CodeIgniter\CodeIgniter->run()
CRITICAL - 2022-07-22 13:35:13 --> Undefined variable $baseURL
in APPPATH\Views\excel_view.php on line 158.
 1 APPPATH\Views\excel_view.php(158): CodeIgniter\Debug\Exceptions->errorHandler(2, 'Undefined variable $baseURL', 'APPPATH\\Views\\excel_view.php', 158)
 2 SYSTEMPATH\View\View.php(213): include('APPPATH\\Views\\excel_view.php')
 3 SYSTEMPATH\View\View.php(216): CodeIgniter\View\View->CodeIgniter\View\{closure}()
 4 SYSTEMPATH\Common.php(1135): CodeIgniter\View\View->render('excel_view', [], true)
 5 APPPATH\Controllers\ExcelLector.php(9): view('excel_view')
 6 SYSTEMPATH\CodeIgniter.php(896): App\Controllers\ExcelLector->index()
 7 SYSTEMPATH\CodeIgniter.php(466): CodeIgniter\CodeIgniter->runController(Object(App\Controllers\ExcelLector))
 8 SYSTEMPATH\CodeIgniter.php(349): CodeIgniter\CodeIgniter->handleRequest(null, Object(Config\Cache), false)
 9 FCPATH\index.php(55): CodeIgniter\CodeIgniter->run()
CRITICAL - 2022-07-22 13:35:14 --> Undefined variable $baseURL
in APPPATH\Views\excel_view.php on line 158.
 1 APPPATH\Views\excel_view.php(158): CodeIgniter\Debug\Exceptions->errorHandler(2, 'Undefined variable $baseURL', 'APPPATH\\Views\\excel_view.php', 158)
 2 SYSTEMPATH\View\View.php(213): include('APPPATH\\Views\\excel_view.php')
 3 SYSTEMPATH\View\View.php(216): CodeIgniter\View\View->CodeIgniter\View\{closure}()
 4 SYSTEMPATH\Common.php(1135): CodeIgniter\View\View->render('excel_view', [], true)
 5 APPPATH\Controllers\ExcelLector.php(9): view('excel_view')
 6 SYSTEMPATH\CodeIgniter.php(896): App\Controllers\ExcelLector->index()
 7 SYSTEMPATH\CodeIgniter.php(466): CodeIgniter\CodeIgniter->runController(Object(App\Controllers\ExcelLector))
 8 SYSTEMPATH\CodeIgniter.php(349): CodeIgniter\CodeIgniter->handleRequest(null, Object(Config\Cache), false)
 9 FCPATH\index.php(55): CodeIgniter\CodeIgniter->run()
CRITICAL - 2022-07-22 13:49:14 --> Call to undefined function baseURL()
in APPPATH\Views\excel_view.php on line 158.
 1 SYSTEMPATH\View\View.php(213): include()
 2 SYSTEMPATH\View\View.php(216): CodeIgniter\View\View->CodeIgniter\View\{closure}()
 3 SYSTEMPATH\Common.php(1135): CodeIgniter\View\View->render('excel_view', [], true)
 4 APPPATH\Controllers\ExcelLector.php(9): view('excel_view')
 5 SYSTEMPATH\CodeIgniter.php(896): App\Controllers\ExcelLector->index()
 6 SYSTEMPATH\CodeIgniter.php(466): CodeIgniter\CodeIgniter->runController(Object(App\Controllers\ExcelLector))
 7 SYSTEMPATH\CodeIgniter.php(349): CodeIgniter\CodeIgniter->handleRequest(null, Object(Config\Cache), false)
 8 FCPATH\index.php(55): CodeIgniter\CodeIgniter->run()
CRITICAL - 2022-07-22 13:49:15 --> Call to undefined function baseURL()
in APPPATH\Views\excel_view.php on line 158.
 1 SYSTEMPATH\View\View.php(213): include()
 2 SYSTEMPATH\View\View.php(216): CodeIgniter\View\View->CodeIgniter\View\{closure}()
 3 SYSTEMPATH\Common.php(1135): CodeIgniter\View\View->render('excel_view', [], true)
 4 APPPATH\Controllers\ExcelLector.php(9): view('excel_view')
 5 SYSTEMPATH\CodeIgniter.php(896): App\Controllers\ExcelLector->index()
 6 SYSTEMPATH\CodeIgniter.php(466): CodeIgniter\CodeIgniter->runController(Object(App\Controllers\ExcelLector))
 7 SYSTEMPATH\CodeIgniter.php(349): CodeIgniter\CodeIgniter->handleRequest(null, Object(Config\Cache), false)
 8 FCPATH\index.php(55): CodeIgniter\CodeIgniter->run()
CRITICAL - 2022-07-22 13:49:27 --> Undefined constant "baseURL"
in APPPATH\Views\excel_view.php on line 158.
 1 SYSTEMPATH\View\View.php(213): include()
 2 SYSTEMPATH\View\View.php(216): CodeIgniter\View\View->CodeIgniter\View\{closure}()
 3 SYSTEMPATH\Common.php(1135): CodeIgniter\View\View->render('excel_view', [], true)
 4 APPPATH\Controllers\ExcelLector.php(9): view('excel_view')
 5 SYSTEMPATH\CodeIgniter.php(896): App\Controllers\ExcelLector->index()
 6 SYSTEMPATH\CodeIgniter.php(466): CodeIgniter\CodeIgniter->runController(Object(App\Controllers\ExcelLector))
 7 SYSTEMPATH\CodeIgniter.php(349): CodeIgniter\CodeIgniter->handleRequest(null, Object(Config\Cache), false)
 8 FCPATH\index.php(55): CodeIgniter\CodeIgniter->run()
CRITICAL - 2022-07-22 14:19:09 --> Undefined array key "file"
in APPPATH\Controllers\ExcelLector.php on line 14.
 1 APPPATH\Controllers\ExcelLector.php(14): CodeIgniter\Debug\Exceptions->errorHandler(2, 'Undefined array key "file"', 'APPPATH\\Controllers\\ExcelLector.php', 14)
 2 SYSTEMPATH\CodeIgniter.php(896): App\Controllers\ExcelLector->recibe()
 3 SYSTEMPATH\CodeIgniter.php(466): CodeIgniter\CodeIgniter->runController(Object(App\Controllers\ExcelLector))
 4 SYSTEMPATH\CodeIgniter.php(349): CodeIgniter\CodeIgniter->handleRequest(null, Object(Config\Cache), false)
 5 FCPATH\index.php(55): CodeIgniter\CodeIgniter->run()
CRITICAL - 2022-07-22 16:00:08 --> var_dump() expects at least 1 argument, 0 given
in APPPATH\Controllers\ExcelLector.php on line 42.
 1 APPPATH\Controllers\ExcelLector.php(42): var_dump()
 2 SYSTEMPATH\CodeIgniter.php(896): App\Controllers\ExcelLector->recibe()
 3 SYSTEMPATH\CodeIgniter.php(466): CodeIgniter\CodeIgniter->runController(Object(App\Controllers\ExcelLector))
 4 SYSTEMPATH\CodeIgniter.php(349): CodeIgniter\CodeIgniter->handleRequest(null, Object(Config\Cache), false)
 5 FCPATH\index.php(55): CodeIgniter\CodeIgniter->run()
CRITICAL - 2022-07-22 16:00:27 --> var_dump() expects at least 1 argument, 0 given
in APPPATH\Controllers\ExcelLector.php on line 42.
 1 APPPATH\Controllers\ExcelLector.php(42): var_dump()
 2 SYSTEMPATH\CodeIgniter.php(896): App\Controllers\ExcelLector->recibe()
 3 SYSTEMPATH\CodeIgniter.php(466): CodeIgniter\CodeIgniter->runController(Object(App\Controllers\ExcelLector))
 4 SYSTEMPATH\CodeIgniter.php(349): CodeIgniter\CodeIgniter->handleRequest(null, Object(Config\Cache), false)
 5 FCPATH\index.php(55): CodeIgniter\CodeIgniter->run()
CRITICAL - 2022-07-22 16:01:04 --> var_dump() expects at least 1 argument, 0 given
in APPPATH\Controllers\ExcelLector.php on line 42.
 1 APPPATH\Controllers\ExcelLector.php(42): var_dump()
 2 SYSTEMPATH\CodeIgniter.php(896): App\Controllers\ExcelLector->recibe()
 3 SYSTEMPATH\CodeIgniter.php(466): CodeIgniter\CodeIgniter->runController(Object(App\Controllers\ExcelLector))
 4 SYSTEMPATH\CodeIgniter.php(349): CodeIgniter\CodeIgniter->handleRequest(null, Object(Config\Cache), false)
 5 FCPATH\index.php(55): CodeIgniter\CodeIgniter->run()
CRITICAL - 2022-07-22 16:01:17 --> var_dump() expects at least 1 argument, 0 given
in APPPATH\Controllers\ExcelLector.php on line 42.
 1 APPPATH\Controllers\ExcelLector.php(42): var_dump()
 2 SYSTEMPATH\CodeIgniter.php(896): App\Controllers\ExcelLector->recibe()
 3 SYSTEMPATH\CodeIgniter.php(466): CodeIgniter\CodeIgniter->runController(Object(App\Controllers\ExcelLector))
 4 SYSTEMPATH\CodeIgniter.php(349): CodeIgniter\CodeIgniter->handleRequest(null, Object(Config\Cache), false)
 5 FCPATH\index.php(55): CodeIgniter\CodeIgniter->run()
CRITICAL - 2022-07-22 16:34:41 --> Undefined array key "file"
in APPPATH\Controllers\ExcelLector.php on line 14.
 1 APPPATH\Controllers\ExcelLector.php(14): CodeIgniter\Debug\Exceptions->errorHandler(2, 'Undefined array key "file"', 'APPPATH\\Controllers\\ExcelLector.php', 14)
 2 SYSTEMPATH\CodeIgniter.php(896): App\Controllers\ExcelLector->recibe()
 3 SYSTEMPATH\CodeIgniter.php(466): CodeIgniter\CodeIgniter->runController(Object(App\Controllers\ExcelLector))
 4 SYSTEMPATH\CodeIgniter.php(349): CodeIgniter\CodeIgniter->handleRequest(null, Object(Config\Cache), false)
 5 FCPATH\index.php(55): CodeIgniter\CodeIgniter->run()
CRITICAL - 2022-07-22 16:34:53 --> Undefined array key "file"
in APPPATH\Controllers\ExcelLector.php on line 14.
 1 APPPATH\Controllers\ExcelLector.php(14): CodeIgniter\Debug\Exceptions->errorHandler(2, 'Undefined array key "file"', 'APPPATH\\Controllers\\ExcelLector.php', 14)
 2 SYSTEMPATH\CodeIgniter.php(896): App\Controllers\ExcelLector->recibe()
 3 SYSTEMPATH\CodeIgniter.php(466): CodeIgniter\CodeIgniter->runController(Object(App\Controllers\ExcelLector))
 4 SYSTEMPATH\CodeIgniter.php(349): CodeIgniter\CodeIgniter->handleRequest(null, Object(Config\Cache), false)
 5 FCPATH\index.php(55): CodeIgniter\CodeIgniter->run()
CRITICAL - 2022-07-22 16:54:15 --> syntax error, unexpected token "catch", expecting "function" or "const"
in APPPATH\Controllers\ExcelLector.php on line 132.
 1 SYSTEMPATH\Autoloader\Autoloader.php(261): CodeIgniter\Autoloader\Autoloader->includeFile('APPPATH\\Controllers\\ExcelLector.php')
 2 SYSTEMPATH\Autoloader\Autoloader.php(239): CodeIgniter\Autoloader\Autoloader->loadInNamespace('App\\Controllers\\ExcelLector')
 3 [internal function]: CodeIgniter\Autoloader\Autoloader->loadClass('App\\Controllers\\ExcelLector')
 4 SYSTEMPATH\CodeIgniter.php(846): class_exists('\\App\\Controllers\\ExcelLector', true)
 5 SYSTEMPATH\CodeIgniter.php(453): CodeIgniter\CodeIgniter->startController()
 6 SYSTEMPATH\CodeIgniter.php(349): CodeIgniter\CodeIgniter->handleRequest(null, Object(Config\Cache), false)
 7 FCPATH\index.php(55): CodeIgniter\CodeIgniter->run()
CRITICAL - 2022-07-22 16:54:17 --> syntax error, unexpected token "catch", expecting "function" or "const"
in APPPATH\Controllers\ExcelLector.php on line 132.
 1 SYSTEMPATH\Autoloader\Autoloader.php(261): CodeIgniter\Autoloader\Autoloader->includeFile('APPPATH\\Controllers\\ExcelLector.php')
 2 SYSTEMPATH\Autoloader\Autoloader.php(239): CodeIgniter\Autoloader\Autoloader->loadInNamespace('App\\Controllers\\ExcelLector')
 3 [internal function]: CodeIgniter\Autoloader\Autoloader->loadClass('App\\Controllers\\ExcelLector')
 4 SYSTEMPATH\CodeIgniter.php(846): class_exists('\\App\\Controllers\\ExcelLector', true)
 5 SYSTEMPATH\CodeIgniter.php(453): CodeIgniter\CodeIgniter->startController()
 6 SYSTEMPATH\CodeIgniter.php(349): CodeIgniter\CodeIgniter->handleRequest(null, Object(Config\Cache), false)
 7 FCPATH\index.php(55): CodeIgniter\CodeIgniter->run()
CRITICAL - 2022-07-22 16:54:19 --> syntax error, unexpected token "catch", expecting "function" or "const"
in APPPATH\Controllers\ExcelLector.php on line 132.
 1 SYSTEMPATH\Autoloader\Autoloader.php(261): CodeIgniter\Autoloader\Autoloader->includeFile('APPPATH\\Controllers\\ExcelLector.php')
 2 SYSTEMPATH\Autoloader\Autoloader.php(239): CodeIgniter\Autoloader\Autoloader->loadInNamespace('App\\Controllers\\ExcelLector')
 3 [internal function]: CodeIgniter\Autoloader\Autoloader->loadClass('App\\Controllers\\ExcelLector')
 4 SYSTEMPATH\CodeIgniter.php(846): class_exists('\\App\\Controllers\\ExcelLector', true)
 5 SYSTEMPATH\CodeIgniter.php(453): CodeIgniter\CodeIgniter->startController()
 6 SYSTEMPATH\CodeIgniter.php(349): CodeIgniter\CodeIgniter->handleRequest(null, Object(Config\Cache), false)
 7 FCPATH\index.php(55): CodeIgniter\CodeIgniter->run()
CRITICAL - 2022-07-22 17:17:16 --> syntax error, unexpected token ")"
in APPPATH\Controllers\ExcelLector.php on line 61.
 1 SYSTEMPATH\Autoloader\Autoloader.php(261): CodeIgniter\Autoloader\Autoloader->includeFile('APPPATH\\Controllers\\ExcelLector.php')
 2 SYSTEMPATH\Autoloader\Autoloader.php(239): CodeIgniter\Autoloader\Autoloader->loadInNamespace('App\\Controllers\\ExcelLector')
 3 [internal function]: CodeIgniter\Autoloader\Autoloader->loadClass('App\\Controllers\\ExcelLector')
 4 SYSTEMPATH\CodeIgniter.php(846): class_exists('\\App\\Controllers\\ExcelLector', true)
 5 SYSTEMPATH\CodeIgniter.php(453): CodeIgniter\CodeIgniter->startController()
 6 SYSTEMPATH\CodeIgniter.php(349): CodeIgniter\CodeIgniter->handleRequest(null, Object(Config\Cache), false)
 7 FCPATH\index.php(55): CodeIgniter\CodeIgniter->run()
