CRITICAL - 2024-11-12 18:12:15 --> Undefined variable $iv
in APPPATH\Controllers\Qr.php on line 45.
 1 APPPATH\Controllers\Qr.php(45): CodeIgniter\Debug\Exceptions->errorHandler(2, 'Undefined variable $iv', 'APPPATH\\Controllers\\Qr.php', 45)
 2 SYSTEMPATH\CodeIgniter.php(896): App\Controllers\Qr->create()
 3 SYSTEMPATH\CodeIgniter.php(466): CodeIgniter\CodeIgniter->runController(Object(App\Controllers\Qr))
 4 SYSTEMPATH\CodeIgniter.php(349): CodeIgniter\CodeIgniter->handleRequest(null, Object(Config\Cache), false)
 5 FCPATH\index.php(67): CodeIgniter\CodeIgniter->run()
CRITICAL - 2024-11-12 18:30:56 --> Class "App\Controllers\ENCRIPT" not found
in APPPATH\Controllers\Qr.php on line 27.
 1 SYSTEMPATH\CodeIgniter.php(896): App\Controllers\Qr->create()
 2 SYSTEMPATH\CodeIgniter.php(466): CodeIgniter\CodeIgniter->runController(Object(App\Controllers\Qr))
 3 SYSTEMPATH\CodeIgniter.php(349): CodeIgniter\CodeIgniter->handleRequest(null, Object(Config\Cache), false)
 4 FCPATH\index.php(67): CodeIgniter\CodeIgniter->run()
CRITICAL - 2024-11-12 18:31:42 --> Class "App\Controllers\ENCRIPT" not found
in APPPATH\Controllers\Qr.php on line 27.
 1 SYSTEMPATH\CodeIgniter.php(896): App\Controllers\Qr->create()
 2 SYSTEMPATH\CodeIgniter.php(466): CodeIgniter\CodeIgniter->runController(Object(App\Controllers\Qr))
 3 SYSTEMPATH\CodeIgniter.php(349): CodeIgniter\CodeIgniter->handleRequest(null, Object(Config\Cache), false)
 4 FCPATH\index.php(67): CodeIgniter\CodeIgniter->run()
CRITICAL - 2024-11-12 18:32:32 --> Class "App\Controllers\ENCRIPT" not found
in APPPATH\Controllers\Qr.php on line 27.
 1 SYSTEMPATH\CodeIgniter.php(896): App\Controllers\Qr->create()
 2 SYSTEMPATH\CodeIgniter.php(466): CodeIgniter\CodeIgniter->runController(Object(App\Controllers\Qr))
 3 SYSTEMPATH\CodeIgniter.php(349): CodeIgniter\CodeIgniter->handleRequest(null, Object(Config\Cache), false)
 4 FCPATH\index.php(67): CodeIgniter\CodeIgniter->run()
CRITICAL - 2024-11-12 18:34:38 --> Class "App\Libraries\ENCRIPT" not found
in APPPATH\Controllers\Qr.php on line 26.
 1 SYSTEMPATH\CodeIgniter.php(896): App\Controllers\Qr->create()
 2 SYSTEMPATH\CodeIgniter.php(466): CodeIgniter\CodeIgniter->runController(Object(App\Controllers\Qr))
 3 SYSTEMPATH\CodeIgniter.php(349): CodeIgniter\CodeIgniter->handleRequest(null, Object(Config\Cache), false)
 4 FCPATH\index.php(67): CodeIgniter\CodeIgniter->run()
CRITICAL - 2024-11-12 18:35:43 --> Class "App\Libraries\ENCRIPT" not found
in APPPATH\Controllers\Qr.php on line 26.
 1 SYSTEMPATH\CodeIgniter.php(896): App\Controllers\Qr->create()
 2 SYSTEMPATH\CodeIgniter.php(466): CodeIgniter\CodeIgniter->runController(Object(App\Controllers\Qr))
 3 SYSTEMPATH\CodeIgniter.php(349): CodeIgniter\CodeIgniter->handleRequest(null, Object(Config\Cache), false)
 4 FCPATH\index.php(67): CodeIgniter\CodeIgniter->run()
CRITICAL - 2024-11-12 18:36:10 --> Class "App\Libraries\ENCRIPT" not found
in APPPATH\Controllers\Qr.php on line 26.
 1 SYSTEMPATH\CodeIgniter.php(896): App\Controllers\Qr->create()
 2 SYSTEMPATH\CodeIgniter.php(466): CodeIgniter\CodeIgniter->runController(Object(App\Controllers\Qr))
 3 SYSTEMPATH\CodeIgniter.php(349): CodeIgniter\CodeIgniter->handleRequest(null, Object(Config\Cache), false)
 4 FCPATH\index.php(67): CodeIgniter\CodeIgniter->run()
CRITICAL - 2024-11-12 18:36:30 --> Class "App\Libraries\Encript" not found
in APPPATH\Controllers\Qr.php on line 26.
 1 SYSTEMPATH\CodeIgniter.php(896): App\Controllers\Qr->create()
 2 SYSTEMPATH\CodeIgniter.php(466): CodeIgniter\CodeIgniter->runController(Object(App\Controllers\Qr))
 3 SYSTEMPATH\CodeIgniter.php(349): CodeIgniter\CodeIgniter->handleRequest(null, Object(Config\Cache), false)
 4 FCPATH\index.php(67): CodeIgniter\CodeIgniter->run()
CRITICAL - 2024-11-12 18:38:05 --> Class "app\Libraries\Encript" not found
in APPPATH\Controllers\Qr.php on line 26.
 1 SYSTEMPATH\CodeIgniter.php(896): App\Controllers\Qr->create()
 2 SYSTEMPATH\CodeIgniter.php(466): CodeIgniter\CodeIgniter->runController(Object(App\Controllers\Qr))
 3 SYSTEMPATH\CodeIgniter.php(349): CodeIgniter\CodeIgniter->handleRequest(null, Object(Config\Cache), false)
 4 FCPATH\index.php(67): CodeIgniter\CodeIgniter->run()
CRITICAL - 2024-11-12 19:22:07 --> chillerlan\QRCode\QRCode::render(): Argument #1 ($data) must be of type ?string, array given, called in C:\xampp\htdocs\controlaccesos\app\Controllers\Qr.php on line 55
in FCPATH\vendor\php-qrcode-main\src\QRCode.php on line 85.
 1 APPPATH\Controllers\Qr.php(55): chillerlan\QRCode\QRCode->render([...])
 2 SYSTEMPATH\CodeIgniter.php(896): App\Controllers\Qr->create()
 3 SYSTEMPATH\CodeIgniter.php(466): CodeIgniter\CodeIgniter->runController(Object(App\Controllers\Qr))
 4 SYSTEMPATH\CodeIgniter.php(349): CodeIgniter\CodeIgniter->handleRequest(null, Object(Config\Cache), false)
 5 FCPATH\index.php(67): CodeIgniter\CodeIgniter->run()
CRITICAL - 2024-11-12 19:22:48 --> chillerlan\QRCode\QRCode::render(): Argument #1 ($data) must be of type ?string, array given, called in C:\xampp\htdocs\controlaccesos\app\Controllers\Qr.php on line 48
in FCPATH\vendor\php-qrcode-main\src\QRCode.php on line 85.
 1 APPPATH\Controllers\Qr.php(48): chillerlan\QRCode\QRCode->render([...])
 2 SYSTEMPATH\CodeIgniter.php(896): App\Controllers\Qr->create()
 3 SYSTEMPATH\CodeIgniter.php(466): CodeIgniter\CodeIgniter->runController(Object(App\Controllers\Qr))
 4 SYSTEMPATH\CodeIgniter.php(349): CodeIgniter\CodeIgniter->handleRequest(null, Object(Config\Cache), false)
 5 FCPATH\index.php(67): CodeIgniter\CodeIgniter->run()
CRITICAL - 2024-11-12 19:24:01 --> chillerlan\QRCode\QRCode::render(): Argument #1 ($data) must be of type ?string, array given, called in C:\xampp\htdocs\controlaccesos\app\Controllers\Qr.php on line 54
in FCPATH\vendor\php-qrcode-main\src\QRCode.php on line 85.
 1 APPPATH\Controllers\Qr.php(54): chillerlan\QRCode\QRCode->render([...])
 2 SYSTEMPATH\CodeIgniter.php(896): App\Controllers\Qr->create()
 3 SYSTEMPATH\CodeIgniter.php(466): CodeIgniter\CodeIgniter->runController(Object(App\Controllers\Qr))
 4 SYSTEMPATH\CodeIgniter.php(349): CodeIgniter\CodeIgniter->handleRequest(null, Object(Config\Cache), false)
 5 FCPATH\index.php(67): CodeIgniter\CodeIgniter->run()
CRITICAL - 2024-11-12 22:23:26 --> Allowed memory size of 1073741824 bytes exhausted (tried to allocate 83886080 bytes)
in SYSTEMPATH\Database\BaseBuilder.php on line 2868.
 1 [internal function]: CodeIgniter\Debug\Exceptions->shutdownHandler()
CRITICAL - 2024-11-12 22:30:07 --> Allowed memory size of 1073741824 bytes exhausted (tried to allocate 83886080 bytes)
in SYSTEMPATH\Database\BaseBuilder.php on line 2868.
 1 [internal function]: CodeIgniter\Debug\Exceptions->shutdownHandler()
CRITICAL - 2024-11-12 22:33:41 --> Undefined variable $db
in APPPATH\Models\Catqr_model.php on line 46.
 1 APPPATH\Models\Catqr_model.php(46): CodeIgniter\Debug\Exceptions->errorHandler(2, 'Undefined variable $db', 'APPPATH\\Models\\Catqr_model.php', 46)
 2 APPPATH\Controllers\Qr.php(37): App\Models\Catqr_model->get([...])
 3 APPPATH\Controllers\Qr.php(46): App\Controllers\Qr->verify_exist('1')
 4 SYSTEMPATH\CodeIgniter.php(896): App\Controllers\Qr->create()
 5 SYSTEMPATH\CodeIgniter.php(466): CodeIgniter\CodeIgniter->runController(Object(App\Controllers\Qr))
 6 SYSTEMPATH\CodeIgniter.php(349): CodeIgniter\CodeIgniter->handleRequest(null, Object(Config\Cache), false)
 7 FCPATH\index.php(67): CodeIgniter\CodeIgniter->run()
ERROR - 2024-11-12 22:34:48 --> Unknown column 'id' in 'field list'
CRITICAL - 2024-11-12 22:34:48 --> Unknown column 'id' in 'field list'
in SYSTEMPATH\Database\MySQLi\Connection.php on line 292.
 1 SYSTEMPATH\Database\MySQLi\Connection.php(292): mysqli->query('SELECT `id`
FROM `cat_qr`
WHERE `status` = \'1\'
ORDER BY `id` ASC
 LIMIT 10', 0)
 2 SYSTEMPATH\Database\BaseConnection.php(695): CodeIgniter\Database\MySQLi\Connection->execute('SELECT `id`
FROM `cat_qr`
WHERE `status` = \'1\'
ORDER BY `id` ASC
 LIMIT 10')
 3 SYSTEMPATH\Database\BaseConnection.php(609): CodeIgniter\Database\BaseConnection->simpleQuery('SELECT `id`
FROM `cat_qr`
WHERE `status` = \'1\'
ORDER BY `id` ASC
 LIMIT 10')
 4 SYSTEMPATH\Database\BaseBuilder.php(1585): CodeIgniter\Database\BaseConnection->query('SELECT `id`
FROM `cat_qr`
WHERE `status` = :status:
ORDER BY `id` ASC
 LIMIT 10', [...], false)
 5 APPPATH\Models\Catqr_model.php(64): CodeIgniter\Database\BaseBuilder->get()
 6 APPPATH\Controllers\Qr.php(37): App\Models\Catqr_model->get([...])
 7 APPPATH\Controllers\Qr.php(46): App\Controllers\Qr->verify_exist('1')
 8 SYSTEMPATH\CodeIgniter.php(896): App\Controllers\Qr->create()
 9 SYSTEMPATH\CodeIgniter.php(466): CodeIgniter\CodeIgniter->runController(Object(App\Controllers\Qr))
10 SYSTEMPATH\CodeIgniter.php(349): CodeIgniter\CodeIgniter->handleRequest(null, Object(Config\Cache), false)
11 FCPATH\index.php(67): CodeIgniter\CodeIgniter->run()
ERROR - 2024-11-12 22:35:17 --> Unknown column 'status' in 'where clause'
CRITICAL - 2024-11-12 22:35:17 --> Unknown column 'status' in 'where clause'
in SYSTEMPATH\Database\MySQLi\Connection.php on line 292.
 1 SYSTEMPATH\Database\MySQLi\Connection.php(292): mysqli->query('SELECT `id_qr`
FROM `cat_qr`
WHERE `status` = \'1\'
ORDER BY `id_qr` ASC
 LIMIT 10', 0)
 2 SYSTEMPATH\Database\BaseConnection.php(695): CodeIgniter\Database\MySQLi\Connection->execute('SELECT `id_qr`
FROM `cat_qr`
WHERE `status` = \'1\'
ORDER BY `id_qr` ASC
 LIMIT 10')
 3 SYSTEMPATH\Database\BaseConnection.php(609): CodeIgniter\Database\BaseConnection->simpleQuery('SELECT `id_qr`
FROM `cat_qr`
WHERE `status` = \'1\'
ORDER BY `id_qr` ASC
 LIMIT 10')
 4 SYSTEMPATH\Database\BaseBuilder.php(1585): CodeIgniter\Database\BaseConnection->query('SELECT `id_qr`
FROM `cat_qr`
WHERE `status` = :status:
ORDER BY `id_qr` ASC
 LIMIT 10', [...], false)
 5 APPPATH\Models\Catqr_model.php(64): CodeIgniter\Database\BaseBuilder->get()
 6 APPPATH\Controllers\Qr.php(37): App\Models\Catqr_model->get([...])
 7 APPPATH\Controllers\Qr.php(46): App\Controllers\Qr->verify_exist('1')
 8 SYSTEMPATH\CodeIgniter.php(896): App\Controllers\Qr->create()
 9 SYSTEMPATH\CodeIgniter.php(466): CodeIgniter\CodeIgniter->runController(Object(App\Controllers\Qr))
10 SYSTEMPATH\CodeIgniter.php(349): CodeIgniter\CodeIgniter->handleRequest(null, Object(Config\Cache), false)
11 FCPATH\index.php(67): CodeIgniter\CodeIgniter->run()
CRITICAL - 2024-11-12 22:40:55 --> Call to undefined method CodeIgniter\Database\MySQLi\Connection::last_query()
in APPPATH\Models\Catqr_model.php on line 68.
 1 APPPATH\Controllers\Qr.php(37): App\Models\Catqr_model->get([...])
 2 APPPATH\Controllers\Qr.php(46): App\Controllers\Qr->verify_exist('1')
 3 SYSTEMPATH\CodeIgniter.php(896): App\Controllers\Qr->create()
 4 SYSTEMPATH\CodeIgniter.php(466): CodeIgniter\CodeIgniter->runController(Object(App\Controllers\Qr))
 5 SYSTEMPATH\CodeIgniter.php(349): CodeIgniter\CodeIgniter->handleRequest(null, Object(Config\Cache), false)
 6 FCPATH\index.php(67): CodeIgniter\CodeIgniter->run()
CRITICAL - 2024-11-12 22:42:30 --> Call to undefined method CodeIgniter\Database\MySQLi\Builder::getLastQuery()
in APPPATH\Models\Catqr_model.php on line 68.
 1 APPPATH\Controllers\Qr.php(37): App\Models\Catqr_model->get([...])
 2 APPPATH\Controllers\Qr.php(46): App\Controllers\Qr->verify_exist('1')
 3 SYSTEMPATH\CodeIgniter.php(896): App\Controllers\Qr->create()
 4 SYSTEMPATH\CodeIgniter.php(466): CodeIgniter\CodeIgniter->runController(Object(App\Controllers\Qr))
 5 SYSTEMPATH\CodeIgniter.php(349): CodeIgniter\CodeIgniter->handleRequest(null, Object(Config\Cache), false)
 6 FCPATH\index.php(67): CodeIgniter\CodeIgniter->run()
ERROR - 2024-11-12 23:49:09 --> Table 'scai.cat_q_r' doesn't exist
CRITICAL - 2024-11-12 23:49:09 --> Table 'scai.cat_q_r' doesn't exist
in SYSTEMPATH\Database\MySQLi\Connection.php on line 292.
 1 SYSTEMPATH\Database\MySQLi\Connection.php(292): mysqli->query('SELECT `id_qr`, `code`, `id_usuario`, `img`, `date_entry`, `date_exit`, `hour_entry`, `hour_exit`
FROM `cat_q_r`
WHERE `id_usuario` = \'1\'
AND `activo` = \'1\'', 0)
 2 SYSTEMPATH\Database\BaseConnection.php(695): CodeIgniter\Database\MySQLi\Connection->execute('SELECT `id_qr`, `code`, `id_usuario`, `img`, `date_entry`, `date_exit`, `hour_entry`, `hour_exit`
FROM `cat_q_r`
WHERE `id_usuario` = \'1\'
AND `activo` = \'1\'')
 3 SYSTEMPATH\Database\BaseConnection.php(609): CodeIgniter\Database\BaseConnection->simpleQuery('SELECT `id_qr`, `code`, `id_usuario`, `img`, `date_entry`, `date_exit`, `hour_entry`, `hour_exit`
FROM `cat_q_r`
WHERE `id_usuario` = \'1\'
AND `activo` = \'1\'')
 4 SYSTEMPATH\Database\BaseBuilder.php(1585): CodeIgniter\Database\BaseConnection->query('SELECT `id_qr`, `code`, `id_usuario`, `img`, `date_entry`, `date_exit`, `hour_entry`, `hour_exit`
FROM `cat_q_r`
WHERE `id_usuario` = :id_usuario:
AND `activo` = :activo:', [...], false)
 5 APPPATH\Models\Catqr_model.php(52): CodeIgniter\Database\BaseBuilder->get()
 6 APPPATH\Controllers\Qr.php(37): App\Models\Catqr_model->get_active([...])
 7 APPPATH\Controllers\Qr.php(46): App\Controllers\Qr->verify_exist('1')
 8 SYSTEMPATH\CodeIgniter.php(896): App\Controllers\Qr->create()
 9 SYSTEMPATH\CodeIgniter.php(466): CodeIgniter\CodeIgniter->runController(Object(App\Controllers\Qr))
10 SYSTEMPATH\CodeIgniter.php(349): CodeIgniter\CodeIgniter->handleRequest(null, Object(Config\Cache), false)
11 FCPATH\index.php(67): CodeIgniter\CodeIgniter->run()
CRITICAL - 2024-11-12 23:59:09 --> Undefined variable $exist
in APPPATH\Controllers\Qr.php on line 45.
 1 APPPATH\Controllers\Qr.php(45): CodeIgniter\Debug\Exceptions->errorHandler(2, 'Undefined variable $exist', 'APPPATH\\Controllers\\Qr.php', 45)
 2 SYSTEMPATH\CodeIgniter.php(896): App\Controllers\Qr->create()
 3 SYSTEMPATH\CodeIgniter.php(466): CodeIgniter\CodeIgniter->runController(Object(App\Controllers\Qr))
 4 SYSTEMPATH\CodeIgniter.php(349): CodeIgniter\CodeIgniter->handleRequest(null, Object(Config\Cache), false)
 5 FCPATH\index.php(67): CodeIgniter\CodeIgniter->run()
