CRITICAL - 2022-07-26 09:46:02 --> syntax error, unexpected variable "$total_rows", expecting "," or ";"
in APPPATH\Controllers\ExcelLector.php on line 141.
 1 SYSTEMPATH\Autoloader\Autoloader.php(261): CodeIgniter\Autoloader\Autoloader->includeFile('APPPATH\\Controllers\\ExcelLector.php')
 2 SYSTEMPATH\Autoloader\Autoloader.php(239): CodeIgniter\Autoloader\Autoloader->loadInNamespace('App\\Controllers\\ExcelLector')
 3 [internal function]: CodeIgniter\Autoloader\Autoloader->loadClass('App\\Controllers\\ExcelLector')
 4 SYSTEMPATH\CodeIgniter.php(846): class_exists('\\App\\Controllers\\ExcelLector', true)
 5 SYSTEMPATH\CodeIgniter.php(453): CodeIgniter\CodeIgniter->startController()
 6 SYSTEMPATH\CodeIgniter.php(349): CodeIgniter\CodeIgniter->handleRequest(null, Object(Config\Cache), false)
 7 FCPATH\index.php(55): CodeIgniter\CodeIgniter->run()
CRITICAL - 2022-07-26 09:46:04 --> syntax error, unexpected variable "$total_rows", expecting "," or ";"
in APPPATH\Controllers\ExcelLector.php on line 141.
 1 SYSTEMPATH\Autoloader\Autoloader.php(261): CodeIgniter\Autoloader\Autoloader->includeFile('APPPATH\\Controllers\\ExcelLector.php')
 2 SYSTEMPATH\Autoloader\Autoloader.php(239): CodeIgniter\Autoloader\Autoloader->loadInNamespace('App\\Controllers\\ExcelLector')
 3 [internal function]: CodeIgniter\Autoloader\Autoloader->loadClass('App\\Controllers\\ExcelLector')
 4 SYSTEMPATH\CodeIgniter.php(846): class_exists('\\App\\Controllers\\ExcelLector', true)
 5 SYSTEMPATH\CodeIgniter.php(453): CodeIgniter\CodeIgniter->startController()
 6 SYSTEMPATH\CodeIgniter.php(349): CodeIgniter\CodeIgniter->handleRequest(null, Object(Config\Cache), false)
 7 FCPATH\index.php(55): CodeIgniter\CodeIgniter->run()
CRITICAL - 2022-07-26 12:09:11 --> Call to undefined method CodeIgniter\Database\MySQLi\Result::error()
in APPPATH\Controllers\ExcelLector.php on line 64.
 1 SYSTEMPATH\CodeIgniter.php(896): App\Controllers\ExcelLector->exportar()
 2 SYSTEMPATH\CodeIgniter.php(466): CodeIgniter\CodeIgniter->runController(Object(App\Controllers\ExcelLector))
 3 SYSTEMPATH\CodeIgniter.php(349): CodeIgniter\CodeIgniter->handleRequest(null, Object(Config\Cache), false)
 4 FCPATH\index.php(55): CodeIgniter\CodeIgniter->run()
CRITICAL - 2022-07-26 12:11:06 --> Call to undefined method App\Models\CListaContactoModel::getResultArray
in SYSTEMPATH\Model.php on line 773.
 1 APPPATH\Controllers\ExcelLector.php(63): CodeIgniter\Model->__call('getResultArray', [])
 2 SYSTEMPATH\CodeIgniter.php(896): App\Controllers\ExcelLector->exportar()
 3 SYSTEMPATH\CodeIgniter.php(466): CodeIgniter\CodeIgniter->runController(Object(App\Controllers\ExcelLector))
 4 SYSTEMPATH\CodeIgniter.php(349): CodeIgniter\CodeIgniter->handleRequest(null, Object(Config\Cache), false)
 5 FCPATH\index.php(55): CodeIgniter\CodeIgniter->run()
CRITICAL - 2022-07-26 12:15:47 --> CodeIgniter\Database\BaseBuilder::get(): Argument #1 ($limit) must be of type ?int, string given, called in C:\xampp\htdocs\carga-contactos-mkt\vendor\codeigniter4\framework\system\Model.php on line 771
in SYSTEMPATH\Database\BaseBuilder.php on line 1577.
 1 SYSTEMPATH\Model.php(771): CodeIgniter\Database\BaseBuilder->get('Coffemovil')
 2 APPPATH\Controllers\ExcelLector.php(63): CodeIgniter\Model->__call('get', [...])
 3 SYSTEMPATH\CodeIgniter.php(896): App\Controllers\ExcelLector->exportar()
 4 SYSTEMPATH\CodeIgniter.php(466): CodeIgniter\CodeIgniter->runController(Object(App\Controllers\ExcelLector))
 5 SYSTEMPATH\CodeIgniter.php(349): CodeIgniter\CodeIgniter->handleRequest(null, Object(Config\Cache), false)
 6 FCPATH\index.php(55): CodeIgniter\CodeIgniter->run()
CRITICAL - 2022-07-26 12:16:35 --> Call to undefined method App\Models\CListaContactoModel::row
in SYSTEMPATH\Model.php on line 773.
 1 APPPATH\Controllers\ExcelLector.php(64): CodeIgniter\Model->__call('row', [])
 2 SYSTEMPATH\CodeIgniter.php(896): App\Controllers\ExcelLector->exportar()
 3 SYSTEMPATH\CodeIgniter.php(466): CodeIgniter\CodeIgniter->runController(Object(App\Controllers\ExcelLector))
 4 SYSTEMPATH\CodeIgniter.php(349): CodeIgniter\CodeIgniter->handleRequest(null, Object(Config\Cache), false)
 5 FCPATH\index.php(55): CodeIgniter\CodeIgniter->run()
CRITICAL - 2022-07-26 12:17:11 --> Call to undefined method App\Models\CListaContactoModel::row
in SYSTEMPATH\Model.php on line 773.
 1 APPPATH\Controllers\ExcelLector.php(64): CodeIgniter\Model->__call('row', [])
 2 SYSTEMPATH\CodeIgniter.php(896): App\Controllers\ExcelLector->exportar()
 3 SYSTEMPATH\CodeIgniter.php(466): CodeIgniter\CodeIgniter->runController(Object(App\Controllers\ExcelLector))
 4 SYSTEMPATH\CodeIgniter.php(349): CodeIgniter\CodeIgniter->handleRequest(null, Object(Config\Cache), false)
 5 FCPATH\index.php(55): CodeIgniter\CodeIgniter->run()
ERROR - 2022-07-26 12:21:15 --> Unknown column 'c_lista_contacto.deleted_at' in 'where clause'
CRITICAL - 2022-07-26 12:21:15 --> Unknown column 'c_lista_contacto.deleted_at' in 'where clause'
in SYSTEMPATH\Database\MySQLi\Connection.php on line 292.
 1 SYSTEMPATH\Database\MySQLi\Connection.php(292): mysqli->query('SELECT *
FROM `c_lista_contacto`
WHERE `id_lista_contacto` >= 38303
AND `c_lista_contacto`.`deleted_at` IS NULL', 0)
 2 SYSTEMPATH\Database\BaseConnection.php(695): CodeIgniter\Database\MySQLi\Connection->execute('SELECT *
FROM `c_lista_contacto`
WHERE `id_lista_contacto` >= 38303
AND `c_lista_contacto`.`deleted_at` IS NULL')
 3 SYSTEMPATH\Database\BaseConnection.php(609): CodeIgniter\Database\BaseConnection->simpleQuery('SELECT *
FROM `c_lista_contacto`
WHERE `id_lista_contacto` >= 38303
AND `c_lista_contacto`.`deleted_at` IS NULL')
 4 SYSTEMPATH\Database\BaseBuilder.php(1585): CodeIgniter\Database\BaseConnection->query('SELECT *
FROM `c_lista_contacto`
WHERE `id_lista_contacto` >= :id_lista_contacto:
AND `c_lista_contacto`.`deleted_at` IS NULL', [...], false)
 5 SYSTEMPATH\Model.php(222): CodeIgniter\Database\BaseBuilder->get()
 6 SYSTEMPATH\BaseModel.php(584): CodeIgniter\Model->doFindAll(0, 0)
 7 APPPATH\Controllers\ExcelLector.php(61): CodeIgniter\BaseModel->findAll()
 8 SYSTEMPATH\CodeIgniter.php(896): App\Controllers\ExcelLector->exportar()
 9 SYSTEMPATH\CodeIgniter.php(466): CodeIgniter\CodeIgniter->runController(Object(App\Controllers\ExcelLector))
10 SYSTEMPATH\CodeIgniter.php(349): CodeIgniter\CodeIgniter->handleRequest(null, Object(Config\Cache), false)
11 FCPATH\index.php(55): CodeIgniter\CodeIgniter->run()
CRITICAL - 2022-07-26 12:28:50 --> Call to undefined method CodeIgniter\Database\MySQLi\Connection::where()
in APPPATH\Models\CListaContactoModel.php on line 29.
 1 APPPATH\Controllers\ExcelLector.php(61): App\Models\CListaContactoModel->GetData(38307)
 2 SYSTEMPATH\CodeIgniter.php(896): App\Controllers\ExcelLector->exportar()
 3 SYSTEMPATH\CodeIgniter.php(466): CodeIgniter\CodeIgniter->runController(Object(App\Controllers\ExcelLector))
 4 SYSTEMPATH\CodeIgniter.php(349): CodeIgniter\CodeIgniter->handleRequest(null, Object(Config\Cache), false)
 5 FCPATH\index.php(55): CodeIgniter\CodeIgniter->run()
CRITICAL - 2022-07-26 12:29:11 --> Call to undefined method CodeIgniter\Database\MySQLi\Connection::where()
in APPPATH\Models\CListaContactoModel.php on line 30.
 1 APPPATH\Controllers\ExcelLector.php(61): App\Models\CListaContactoModel->GetData(38311)
 2 SYSTEMPATH\CodeIgniter.php(896): App\Controllers\ExcelLector->exportar()
 3 SYSTEMPATH\CodeIgniter.php(466): CodeIgniter\CodeIgniter->runController(Object(App\Controllers\ExcelLector))
 4 SYSTEMPATH\CodeIgniter.php(349): CodeIgniter\CodeIgniter->handleRequest(null, Object(Config\Cache), false)
 5 FCPATH\index.php(55): CodeIgniter\CodeIgniter->run()
CRITICAL - 2022-07-26 12:29:21 --> Call to undefined method CodeIgniter\Database\MySQLi\Connection::where()
in APPPATH\Models\CListaContactoModel.php on line 30.
 1 APPPATH\Controllers\ExcelLector.php(61): App\Models\CListaContactoModel->GetData(38315)
 2 SYSTEMPATH\CodeIgniter.php(896): App\Controllers\ExcelLector->exportar()
 3 SYSTEMPATH\CodeIgniter.php(466): CodeIgniter\CodeIgniter->runController(Object(App\Controllers\ExcelLector))
 4 SYSTEMPATH\CodeIgniter.php(349): CodeIgniter\CodeIgniter->handleRequest(null, Object(Config\Cache), false)
 5 FCPATH\index.php(55): CodeIgniter\CodeIgniter->run()
CRITICAL - 2022-07-26 12:33:20 --> Call to undefined method CodeIgniter\Database\MySQLi\Connection::where()
in APPPATH\Models\CListaContactoModel.php on line 30.
 1 APPPATH\Controllers\ExcelLector.php(61): App\Models\CListaContactoModel->GetData(38319)
 2 SYSTEMPATH\CodeIgniter.php(896): App\Controllers\ExcelLector->exportar()
 3 SYSTEMPATH\CodeIgniter.php(466): CodeIgniter\CodeIgniter->runController(Object(App\Controllers\ExcelLector))
 4 SYSTEMPATH\CodeIgniter.php(349): CodeIgniter\CodeIgniter->handleRequest(null, Object(Config\Cache), false)
 5 FCPATH\index.php(55): CodeIgniter\CodeIgniter->run()
CRITICAL - 2022-07-26 12:36:55 --> Call to undefined method App\Models\CListaContactoModel::getResultArray
in SYSTEMPATH\Model.php on line 773.
 1 APPPATH\Controllers\ExcelLector.php(59): CodeIgniter\Model->__call('getResultArray', [])
 2 SYSTEMPATH\CodeIgniter.php(896): App\Controllers\ExcelLector->exportar()
 3 SYSTEMPATH\CodeIgniter.php(466): CodeIgniter\CodeIgniter->runController(Object(App\Controllers\ExcelLector))
 4 SYSTEMPATH\CodeIgniter.php(349): CodeIgniter\CodeIgniter->handleRequest(null, Object(Config\Cache), false)
 5 FCPATH\index.php(55): CodeIgniter\CodeIgniter->run()
CRITICAL - 2022-07-26 12:37:39 --> Call to undefined method App\Models\CListaContactoModel::row
in SYSTEMPATH\Model.php on line 773.
 1 APPPATH\Controllers\ExcelLector.php(59): CodeIgniter\Model->__call('row', [])
 2 SYSTEMPATH\CodeIgniter.php(896): App\Controllers\ExcelLector->exportar()
 3 SYSTEMPATH\CodeIgniter.php(466): CodeIgniter\CodeIgniter->runController(Object(App\Controllers\ExcelLector))
 4 SYSTEMPATH\CodeIgniter.php(349): CodeIgniter\CodeIgniter->handleRequest(null, Object(Config\Cache), false)
 5 FCPATH\index.php(55): CodeIgniter\CodeIgniter->run()
CRITICAL - 2022-07-26 12:51:57 --> Cannot use object of type stdClass as array
in APPPATH\Controllers\ExcelLector.php on line 65.
 1 SYSTEMPATH\CodeIgniter.php(896): App\Controllers\ExcelLector->exportar()
 2 SYSTEMPATH\CodeIgniter.php(466): CodeIgniter\CodeIgniter->runController(Object(App\Controllers\ExcelLector))
 3 SYSTEMPATH\CodeIgniter.php(349): CodeIgniter\CodeIgniter->handleRequest(null, Object(Config\Cache), false)
 4 FCPATH\index.php(55): CodeIgniter\CodeIgniter->run()
CRITICAL - 2022-07-26 13:03:58 --> syntax error, unexpected token ")"
in APPPATH\Controllers\ExcelLector.php on line 252.
 1 SYSTEMPATH\Autoloader\Autoloader.php(261): CodeIgniter\Autoloader\Autoloader->includeFile('APPPATH\\Controllers\\ExcelLector.php')
 2 SYSTEMPATH\Autoloader\Autoloader.php(239): CodeIgniter\Autoloader\Autoloader->loadInNamespace('App\\Controllers\\ExcelLector')
 3 [internal function]: CodeIgniter\Autoloader\Autoloader->loadClass('App\\Controllers\\ExcelLector')
 4 SYSTEMPATH\CodeIgniter.php(846): class_exists('\\App\\Controllers\\ExcelLector', true)
 5 SYSTEMPATH\CodeIgniter.php(453): CodeIgniter\CodeIgniter->startController()
 6 SYSTEMPATH\CodeIgniter.php(349): CodeIgniter\CodeIgniter->handleRequest(null, Object(Config\Cache), false)
 7 FCPATH\index.php(55): CodeIgniter\CodeIgniter->run()
CRITICAL - 2022-07-26 13:04:03 --> syntax error, unexpected token ")"
in APPPATH\Controllers\ExcelLector.php on line 252.
 1 SYSTEMPATH\Autoloader\Autoloader.php(261): CodeIgniter\Autoloader\Autoloader->includeFile('APPPATH\\Controllers\\ExcelLector.php')
 2 SYSTEMPATH\Autoloader\Autoloader.php(239): CodeIgniter\Autoloader\Autoloader->loadInNamespace('App\\Controllers\\ExcelLector')
 3 [internal function]: CodeIgniter\Autoloader\Autoloader->loadClass('App\\Controllers\\ExcelLector')
 4 SYSTEMPATH\CodeIgniter.php(846): class_exists('\\App\\Controllers\\ExcelLector', true)
 5 SYSTEMPATH\CodeIgniter.php(453): CodeIgniter\CodeIgniter->startController()
 6 SYSTEMPATH\CodeIgniter.php(349): CodeIgniter\CodeIgniter->handleRequest(null, Object(Config\Cache), false)
 7 FCPATH\index.php(55): CodeIgniter\CodeIgniter->run()
CRITICAL - 2022-07-26 13:04:08 --> syntax error, unexpected token ")"
in APPPATH\Controllers\ExcelLector.php on line 252.
 1 SYSTEMPATH\Autoloader\Autoloader.php(261): CodeIgniter\Autoloader\Autoloader->includeFile('APPPATH\\Controllers\\ExcelLector.php')
 2 SYSTEMPATH\Autoloader\Autoloader.php(239): CodeIgniter\Autoloader\Autoloader->loadInNamespace('App\\Controllers\\ExcelLector')
 3 [internal function]: CodeIgniter\Autoloader\Autoloader->loadClass('App\\Controllers\\ExcelLector')
 4 SYSTEMPATH\CodeIgniter.php(846): class_exists('\\App\\Controllers\\ExcelLector', true)
 5 SYSTEMPATH\CodeIgniter.php(453): CodeIgniter\CodeIgniter->startController()
 6 SYSTEMPATH\CodeIgniter.php(349): CodeIgniter\CodeIgniter->handleRequest(null, Object(Config\Cache), false)
 7 FCPATH\index.php(55): CodeIgniter\CodeIgniter->run()
CRITICAL - 2022-07-26 13:04:22 --> syntax error, unexpected token ")"
in APPPATH\Controllers\ExcelLector.php on line 252.
 1 SYSTEMPATH\Autoloader\Autoloader.php(261): CodeIgniter\Autoloader\Autoloader->includeFile('APPPATH\\Controllers\\ExcelLector.php')
 2 SYSTEMPATH\Autoloader\Autoloader.php(239): CodeIgniter\Autoloader\Autoloader->loadInNamespace('App\\Controllers\\ExcelLector')
 3 [internal function]: CodeIgniter\Autoloader\Autoloader->loadClass('App\\Controllers\\ExcelLector')
 4 SYSTEMPATH\CodeIgniter.php(846): class_exists('\\App\\Controllers\\ExcelLector', true)
 5 SYSTEMPATH\CodeIgniter.php(453): CodeIgniter\CodeIgniter->startController()
 6 SYSTEMPATH\CodeIgniter.php(349): CodeIgniter\CodeIgniter->handleRequest(null, Object(Config\Cache), false)
 7 FCPATH\index.php(55): CodeIgniter\CodeIgniter->run()
