ERROR - 2024-11-11 17:08:21 --> Error connecting to the database: No se puede establecer una conexión ya que el equipo de destino denegó expresamente dicha conexión
CRITICAL - 2024-11-11 17:08:21 --> Unable to connect to the database.
Main connection [MySQLi]: No se puede establecer una conexión ya que el equipo de destino denegó expresamente dicha conexión
in SYSTEMPATH\Database\BaseConnection.php on line 416.
 1 SYSTEMPATH\Database\BaseConnection.php(586): CodeIgniter\Database\BaseConnection->initialize()
 2 SYSTEMPATH\Database\BaseBuilder.php(1585): CodeIgniter\Database\BaseConnection->query('SELECT *
FROM `usuarios`
WHERE `tipo_usuario` = :tipo_usuario:', [...], false)
 3 SYSTEMPATH\Model.php(771): CodeIgniter\Database\BaseBuilder->get()
 4 APPPATH\Models\UserModel.php(44): CodeIgniter\Model->__call('get', [])
 5 APPPATH\Controllers\Alta.php(97): App\Models\UserModel->read('1')
 6 SYSTEMPATH\CodeIgniter.php(896): App\Controllers\Alta->read()
 7 SYSTEMPATH\CodeIgniter.php(466): CodeIgniter\CodeIgniter->runController(Object(App\Controllers\Alta))
 8 SYSTEMPATH\CodeIgniter.php(349): CodeIgniter\CodeIgniter->handleRequest(null, Object(Config\Cache), false)
 9 FCPATH\index.php(67): CodeIgniter\CodeIgniter->run()
ERROR - 2024-11-11 17:09:01 --> Error connecting to the database: No se puede establecer una conexión ya que el equipo de destino denegó expresamente dicha conexión
CRITICAL - 2024-11-11 17:09:01 --> Unable to connect to the database.
Main connection [MySQLi]: No se puede establecer una conexión ya que el equipo de destino denegó expresamente dicha conexión
in SYSTEMPATH\Database\BaseConnection.php on line 416.
 1 SYSTEMPATH\Database\BaseConnection.php(586): CodeIgniter\Database\BaseConnection->initialize()
 2 SYSTEMPATH\Database\BaseBuilder.php(1585): CodeIgniter\Database\BaseConnection->query('SELECT *
FROM `usuarios`
WHERE `tipo_usuario` = :tipo_usuario:', [...], false)
 3 SYSTEMPATH\Model.php(771): CodeIgniter\Database\BaseBuilder->get()
 4 APPPATH\Models\UserModel.php(44): CodeIgniter\Model->__call('get', [])
 5 APPPATH\Controllers\Alta.php(97): App\Models\UserModel->read('1')
 6 SYSTEMPATH\CodeIgniter.php(896): App\Controllers\Alta->read()
 7 SYSTEMPATH\CodeIgniter.php(466): CodeIgniter\CodeIgniter->runController(Object(App\Controllers\Alta))
 8 SYSTEMPATH\CodeIgniter.php(349): CodeIgniter\CodeIgniter->handleRequest(null, Object(Config\Cache), false)
 9 FCPATH\index.php(67): CodeIgniter\CodeIgniter->run()
ERROR - 2024-11-11 17:14:18 --> Error connecting to the database: No se puede establecer una conexión ya que el equipo de destino denegó expresamente dicha conexión
CRITICAL - 2024-11-11 17:14:18 --> Unable to connect to the database.
Main connection [MySQLi]: No se puede establecer una conexión ya que el equipo de destino denegó expresamente dicha conexión
in SYSTEMPATH\Database\BaseConnection.php on line 416.
 1 SYSTEMPATH\Database\BaseConnection.php(586): CodeIgniter\Database\BaseConnection->initialize()
 2 SYSTEMPATH\Database\BaseBuilder.php(1585): CodeIgniter\Database\BaseConnection->query('SELECT *
FROM `usuarios`
WHERE `tipo_usuario` = :tipo_usuario:', [...], false)
 3 SYSTEMPATH\Model.php(771): CodeIgniter\Database\BaseBuilder->get()
 4 APPPATH\Models\UserModel.php(44): CodeIgniter\Model->__call('get', [])
 5 APPPATH\Controllers\Alta.php(97): App\Models\UserModel->read('1')
 6 SYSTEMPATH\CodeIgniter.php(896): App\Controllers\Alta->read()
 7 SYSTEMPATH\CodeIgniter.php(466): CodeIgniter\CodeIgniter->runController(Object(App\Controllers\Alta))
 8 SYSTEMPATH\CodeIgniter.php(349): CodeIgniter\CodeIgniter->handleRequest(null, Object(Config\Cache), false)
 9 FCPATH\index.php(67): CodeIgniter\CodeIgniter->run()
ERROR - 2024-11-11 17:14:32 --> Error connecting to the database: No se puede establecer una conexión ya que el equipo de destino denegó expresamente dicha conexión
CRITICAL - 2024-11-11 17:14:32 --> Unable to connect to the database.
Main connection [MySQLi]: No se puede establecer una conexión ya que el equipo de destino denegó expresamente dicha conexión
in SYSTEMPATH\Database\BaseConnection.php on line 416.
 1 SYSTEMPATH\Database\BaseConnection.php(586): CodeIgniter\Database\BaseConnection->initialize()
 2 SYSTEMPATH\Database\BaseBuilder.php(1904): CodeIgniter\Database\BaseConnection->query('INSERT INTO `usuarios` (`nombre`, `apellido_pat`, `apellido_mat`, `matricula`, `programa`, `tipo_usuario`, `created_by`, `created_at`, `modified_at`) VALUES (:nombre:, :apellido_pat:, :apellido_mat:, :matricula:, :programa:, :tipo_usuario:, :created_by:, :created_at:, :modified_at:)', [...], false)
 3 SYSTEMPATH\Model.php(278): CodeIgniter\Database\BaseBuilder->insert()
 4 SYSTEMPATH\BaseModel.php(738): CodeIgniter\Model->doInsert([...])
 5 SYSTEMPATH\Model.php(666): CodeIgniter\BaseModel->insert([...], true)
 6 APPPATH\Models\UserModel.php(35): CodeIgniter\Model->insert([...])
 7 APPPATH\Controllers\Alta.php(87): App\Models\UserModel->create([...])
 8 SYSTEMPATH\CodeIgniter.php(896): App\Controllers\Alta->create()
 9 SYSTEMPATH\CodeIgniter.php(466): CodeIgniter\CodeIgniter->runController(Object(App\Controllers\Alta))
10 SYSTEMPATH\CodeIgniter.php(349): CodeIgniter\CodeIgniter->handleRequest(null, Object(Config\Cache), false)
11 FCPATH\index.php(67): CodeIgniter\CodeIgniter->run()
ERROR - 2024-11-11 17:14:57 --> Error connecting to the database: No se puede establecer una conexión ya que el equipo de destino denegó expresamente dicha conexión
CRITICAL - 2024-11-11 17:14:57 --> Unable to connect to the database.
Main connection [MySQLi]: No se puede establecer una conexión ya que el equipo de destino denegó expresamente dicha conexión
in SYSTEMPATH\Database\BaseConnection.php on line 416.
 1 SYSTEMPATH\Database\BaseConnection.php(586): CodeIgniter\Database\BaseConnection->initialize()
 2 SYSTEMPATH\Database\BaseBuilder.php(1904): CodeIgniter\Database\BaseConnection->query('INSERT INTO `usuarios` (`nombre`, `apellido_pat`, `apellido_mat`, `matricula`, `programa`, `tipo_usuario`, `created_by`, `created_at`, `modified_at`) VALUES (:nombre:, :apellido_pat:, :apellido_mat:, :matricula:, :programa:, :tipo_usuario:, :created_by:, :created_at:, :modified_at:)', [...], false)
 3 SYSTEMPATH\Model.php(278): CodeIgniter\Database\BaseBuilder->insert()
 4 SYSTEMPATH\BaseModel.php(738): CodeIgniter\Model->doInsert([...])
 5 SYSTEMPATH\Model.php(666): CodeIgniter\BaseModel->insert([...], true)
 6 APPPATH\Models\UserModel.php(35): CodeIgniter\Model->insert([...])
 7 APPPATH\Controllers\Alta.php(87): App\Models\UserModel->create([...])
 8 SYSTEMPATH\CodeIgniter.php(896): App\Controllers\Alta->create()
 9 SYSTEMPATH\CodeIgniter.php(466): CodeIgniter\CodeIgniter->runController(Object(App\Controllers\Alta))
10 SYSTEMPATH\CodeIgniter.php(349): CodeIgniter\CodeIgniter->handleRequest(null, Object(Config\Cache), false)
11 FCPATH\index.php(67): CodeIgniter\CodeIgniter->run()
ERROR - 2024-11-11 17:15:50 --> Error connecting to the database: No se puede establecer una conexión ya que el equipo de destino denegó expresamente dicha conexión
CRITICAL - 2024-11-11 17:15:50 --> Unable to connect to the database.
Main connection [MySQLi]: No se puede establecer una conexión ya que el equipo de destino denegó expresamente dicha conexión
in SYSTEMPATH\Database\BaseConnection.php on line 416.
 1 SYSTEMPATH\Database\BaseConnection.php(586): CodeIgniter\Database\BaseConnection->initialize()
 2 SYSTEMPATH\Database\BaseBuilder.php(1904): CodeIgniter\Database\BaseConnection->query('INSERT INTO `usuarios` (`nombre`, `apellido_pat`, `apellido_mat`, `matricula`, `programa`, `tipo_usuario`, `created_by`, `created_at`, `modified_at`) VALUES (:nombre:, :apellido_pat:, :apellido_mat:, :matricula:, :programa:, :tipo_usuario:, :created_by:, :created_at:, :modified_at:)', [...], false)
 3 SYSTEMPATH\Model.php(278): CodeIgniter\Database\BaseBuilder->insert()
 4 SYSTEMPATH\BaseModel.php(738): CodeIgniter\Model->doInsert([...])
 5 SYSTEMPATH\Model.php(666): CodeIgniter\BaseModel->insert([...], true)
 6 APPPATH\Models\UserModel.php(35): CodeIgniter\Model->insert([...])
 7 APPPATH\Controllers\Alta.php(87): App\Models\UserModel->create([...])
 8 SYSTEMPATH\CodeIgniter.php(896): App\Controllers\Alta->create()
 9 SYSTEMPATH\CodeIgniter.php(466): CodeIgniter\CodeIgniter->runController(Object(App\Controllers\Alta))
10 SYSTEMPATH\CodeIgniter.php(349): CodeIgniter\CodeIgniter->handleRequest(null, Object(Config\Cache), false)
11 FCPATH\index.php(67): CodeIgniter\CodeIgniter->run()
